[2022-10-22 04:09:24,562] {taskinstance.py:1179} INFO - Dependencies all met for <TaskInstance: Lead_Scoring_Data_Engineering_Pipeline.building_db scheduled__2022-10-21T00:00:00+00:00 [queued]>
[2022-10-22 04:09:24,566] {taskinstance.py:1179} INFO - Dependencies all met for <TaskInstance: Lead_Scoring_Data_Engineering_Pipeline.building_db scheduled__2022-10-21T00:00:00+00:00 [queued]>
[2022-10-22 04:09:24,566] {taskinstance.py:1376} INFO - 
--------------------------------------------------------------------------------
[2022-10-22 04:09:24,566] {taskinstance.py:1377} INFO - Starting attempt 1 of 2
[2022-10-22 04:09:24,566] {taskinstance.py:1378} INFO - 
--------------------------------------------------------------------------------
[2022-10-22 04:09:24,574] {taskinstance.py:1397} INFO - Executing <Task(PythonOperator): building_db> on 2022-10-21 00:00:00+00:00
[2022-10-22 04:09:24,578] {standard_task_runner.py:52} INFO - Started process 2009 to run task
[2022-10-22 04:09:24,583] {standard_task_runner.py:79} INFO - Running: ['airflow', 'tasks', 'run', 'Lead_Scoring_Data_Engineering_Pipeline', 'building_db', 'scheduled__2022-10-21T00:00:00+00:00', '--job-id', '154', '--raw', '--subdir', 'DAGS_FOLDER/Lead_scoring_data_pipeline/.ipynb_checkpoints/lead_scoring_data_pipeline-checkpoint.py', '--cfg-path', '/tmp/tmp4mugiltj', '--error-file', '/tmp/tmp47z1fgox']
[2022-10-22 04:09:24,584] {standard_task_runner.py:80} INFO - Job 154: Subtask building_db
[2022-10-22 04:09:24,617] {task_command.py:371} INFO - Running <TaskInstance: Lead_Scoring_Data_Engineering_Pipeline.building_db scheduled__2022-10-21T00:00:00+00:00 [running]> on host cd271ac689b8
[2022-10-22 04:09:24,650] {taskinstance.py:1589} INFO - Exporting the following env vars:
AIRFLOW_CTX_DAG_OWNER=airflow
AIRFLOW_CTX_DAG_ID=Lead_Scoring_Data_Engineering_Pipeline
AIRFLOW_CTX_TASK_ID=building_db
AIRFLOW_CTX_EXECUTION_DATE=2022-10-21T00:00:00+00:00
AIRFLOW_CTX_TRY_NUMBER=1
AIRFLOW_CTX_DAG_RUN_ID=scheduled__2022-10-21T00:00:00+00:00
[2022-10-22 04:09:24,651] {logging_mixin.py:115} INFO - DB Already Exist
[2022-10-22 04:09:24,651] {logging_mixin.py:115} INFO - /home
[2022-10-22 04:09:24,651] {python.py:173} INFO - Done. Returned value was: DB Exist
[2022-10-22 04:09:24,660] {taskinstance.py:1415} INFO - Marking task as SUCCESS. dag_id=Lead_Scoring_Data_Engineering_Pipeline, task_id=building_db, execution_date=20221021T000000, start_date=20221022T040924, end_date=20221022T040924
[2022-10-22 04:09:24,672] {local_task_job.py:156} INFO - Task exited with return code 0
[2022-10-22 04:09:24,699] {local_task_job.py:273} INFO - 1 downstream tasks scheduled from follow-on schedule check
