[2022-10-21 16:24:49,815] {taskinstance.py:1179} INFO - Dependencies all met for <TaskInstance: Lead_scoring_training_pipeline.encoding_categorical_variables manual__2022-10-21T16:24:00.540888+00:00 [queued]>
[2022-10-21 16:24:49,820] {taskinstance.py:1179} INFO - Dependencies all met for <TaskInstance: Lead_scoring_training_pipeline.encoding_categorical_variables manual__2022-10-21T16:24:00.540888+00:00 [queued]>
[2022-10-21 16:24:49,820] {taskinstance.py:1376} INFO - 
--------------------------------------------------------------------------------
[2022-10-21 16:24:49,820] {taskinstance.py:1377} INFO - Starting attempt 1 of 2
[2022-10-21 16:24:49,820] {taskinstance.py:1378} INFO - 
--------------------------------------------------------------------------------
[2022-10-21 16:24:49,828] {taskinstance.py:1397} INFO - Executing <Task(PythonOperator): encoding_categorical_variables> on 2022-10-21 16:24:00.540888+00:00
[2022-10-21 16:24:49,836] {standard_task_runner.py:52} INFO - Started process 2324 to run task
[2022-10-21 16:24:49,840] {standard_task_runner.py:79} INFO - Running: ['airflow', 'tasks', 'run', 'Lead_scoring_training_pipeline', 'encoding_categorical_variables', 'manual__2022-10-21T16:24:00.540888+00:00', '--job-id', '50', '--raw', '--subdir', 'DAGS_FOLDER/Lead_scoring_training_pipeline/lead_scoring_training_pipeline.py', '--cfg-path', '/tmp/tmp1vq6ttf6', '--error-file', '/tmp/tmp_29u88ic']
[2022-10-21 16:24:49,840] {standard_task_runner.py:80} INFO - Job 50: Subtask encoding_categorical_variables
[2022-10-21 16:24:49,874] {task_command.py:371} INFO - Running <TaskInstance: Lead_scoring_training_pipeline.encoding_categorical_variables manual__2022-10-21T16:24:00.540888+00:00 [running]> on host 2e24bcea55eb
[2022-10-21 16:24:49,910] {taskinstance.py:1589} INFO - Exporting the following env vars:
AIRFLOW_CTX_DAG_OWNER=airflow
AIRFLOW_CTX_DAG_ID=Lead_scoring_training_pipeline
AIRFLOW_CTX_TASK_ID=encoding_categorical_variables
AIRFLOW_CTX_EXECUTION_DATE=2022-10-21T16:24:00.540888+00:00
AIRFLOW_CTX_TRY_NUMBER=1
AIRFLOW_CTX_DAG_RUN_ID=manual__2022-10-21T16:24:00.540888+00:00
[2022-10-21 16:24:51,086] {logging_mixin.py:115} INFO - Data has been extracted successfully from lead_scoring_model_experimentation.
[2022-10-21 16:24:52,145] {logging_mixin.py:115} INFO - input_data has been saved successfully to table features
[2022-10-21 16:24:52,541] {logging_mixin.py:115} INFO - input_data has been saved successfully to table target
[2022-10-21 16:24:52,542] {logging_mixin.py:115} INFO - input data has been written successfully to tables features & target
[2022-10-21 16:24:52,585] {python.py:173} INFO - Done. Returned value was: None
[2022-10-21 16:24:52,591] {taskinstance.py:1415} INFO - Marking task as SUCCESS. dag_id=Lead_scoring_training_pipeline, task_id=encoding_categorical_variables, execution_date=20221021T162400, start_date=20221021T162449, end_date=20221021T162452
[2022-10-21 16:24:52,621] {local_task_job.py:156} INFO - Task exited with return code 0
[2022-10-21 16:24:52,652] {local_task_job.py:273} INFO - 1 downstream tasks scheduled from follow-on schedule check
