[2022-10-21 17:00:13,851] {taskinstance.py:1179} INFO - Dependencies all met for <TaskInstance: Lead_scoring_inference_pipeline.checking_input_features scheduled__2022-10-21T16:00:00+00:00 [queued]>
[2022-10-21 17:00:13,857] {taskinstance.py:1179} INFO - Dependencies all met for <TaskInstance: Lead_scoring_inference_pipeline.checking_input_features scheduled__2022-10-21T16:00:00+00:00 [queued]>
[2022-10-21 17:00:13,857] {taskinstance.py:1376} INFO - 
--------------------------------------------------------------------------------
[2022-10-21 17:00:13,857] {taskinstance.py:1377} INFO - Starting attempt 1 of 2
[2022-10-21 17:00:13,857] {taskinstance.py:1378} INFO - 
--------------------------------------------------------------------------------
[2022-10-21 17:00:13,865] {taskinstance.py:1397} INFO - Executing <Task(PythonOperator): checking_input_features> on 2022-10-21 16:00:00+00:00
[2022-10-21 17:00:13,873] {standard_task_runner.py:52} INFO - Started process 6746 to run task
[2022-10-21 17:00:13,879] {standard_task_runner.py:79} INFO - Running: ['airflow', 'tasks', 'run', 'Lead_scoring_inference_pipeline', 'checking_input_features', 'scheduled__2022-10-21T16:00:00+00:00', '--job-id', '82', '--raw', '--subdir', 'DAGS_FOLDER/Lead_scoring_inference_pipeline/.ipynb_checkpoints/lead_scoring_inference_pipeline-checkpoint.py', '--cfg-path', '/tmp/tmp2xybsswd', '--error-file', '/tmp/tmp82gth0u9']
[2022-10-21 17:00:13,880] {standard_task_runner.py:80} INFO - Job 82: Subtask checking_input_features
[2022-10-21 17:00:13,921] {task_command.py:371} INFO - Running <TaskInstance: Lead_scoring_inference_pipeline.checking_input_features scheduled__2022-10-21T16:00:00+00:00 [running]> on host 2e24bcea55eb
[2022-10-21 17:00:13,972] {taskinstance.py:1589} INFO - Exporting the following env vars:
AIRFLOW_CTX_DAG_OWNER=airflow
AIRFLOW_CTX_DAG_ID=Lead_scoring_inference_pipeline
AIRFLOW_CTX_TASK_ID=checking_input_features
AIRFLOW_CTX_EXECUTION_DATE=2022-10-21T16:00:00+00:00
AIRFLOW_CTX_TRY_NUMBER=1
AIRFLOW_CTX_DAG_RUN_ID=scheduled__2022-10-21T16:00:00+00:00
[2022-10-21 17:00:15,142] {logging_mixin.py:115} INFO - Data has been extracted successfully from lead_scoring_model_experimentation.
[2022-10-21 17:00:15,142] {logging_mixin.py:115} INFO - Some of the models inputs are missing
[2022-10-21 17:00:15,142] {python.py:173} INFO - Done. Returned value was: None
[2022-10-21 17:00:15,148] {taskinstance.py:1415} INFO - Marking task as SUCCESS. dag_id=Lead_scoring_inference_pipeline, task_id=checking_input_features, execution_date=20221021T160000, start_date=20221021T170013, end_date=20221021T170015
[2022-10-21 17:00:15,170] {local_task_job.py:156} INFO - Task exited with return code 0
[2022-10-21 17:00:15,199] {local_task_job.py:273} INFO - 1 downstream tasks scheduled from follow-on schedule check
