[2022-10-21 19:12:11,727] {taskinstance.py:1179} INFO - Dependencies all met for <TaskInstance: Lead_Scoring_Data_Engineering_Pipeline.mapping_interactions manual__2022-10-21T19:11:36.152581+00:00 [queued]>
[2022-10-21 19:12:11,732] {taskinstance.py:1179} INFO - Dependencies all met for <TaskInstance: Lead_Scoring_Data_Engineering_Pipeline.mapping_interactions manual__2022-10-21T19:11:36.152581+00:00 [queued]>
[2022-10-21 19:12:11,733] {taskinstance.py:1376} INFO - 
--------------------------------------------------------------------------------
[2022-10-21 19:12:11,733] {taskinstance.py:1377} INFO - Starting attempt 1 of 2
[2022-10-21 19:12:11,733] {taskinstance.py:1378} INFO - 
--------------------------------------------------------------------------------
[2022-10-21 19:12:11,741] {taskinstance.py:1397} INFO - Executing <Task(PythonOperator): mapping_interactions> on 2022-10-21 19:11:36.152581+00:00
[2022-10-21 19:12:11,749] {standard_task_runner.py:52} INFO - Started process 2111 to run task
[2022-10-21 19:12:11,755] {standard_task_runner.py:79} INFO - Running: ['airflow', 'tasks', 'run', 'Lead_Scoring_Data_Engineering_Pipeline', 'mapping_interactions', 'manual__2022-10-21T19:11:36.152581+00:00', '--job-id', '129', '--raw', '--subdir', 'DAGS_FOLDER/Lead_scoring_data_pipeline/.ipynb_checkpoints/lead_scoring_data_pipeline-checkpoint.py', '--cfg-path', '/tmp/tmp_ncrzldq', '--error-file', '/tmp/tmppr0ndzlh']
[2022-10-21 19:12:11,757] {standard_task_runner.py:80} INFO - Job 129: Subtask mapping_interactions
[2022-10-21 19:12:11,799] {task_command.py:371} INFO - Running <TaskInstance: Lead_Scoring_Data_Engineering_Pipeline.mapping_interactions manual__2022-10-21T19:11:36.152581+00:00 [running]> on host 50ef1aee5f67
[2022-10-21 19:12:11,850] {taskinstance.py:1589} INFO - Exporting the following env vars:
AIRFLOW_CTX_DAG_OWNER=airflow
AIRFLOW_CTX_DAG_ID=Lead_Scoring_Data_Engineering_Pipeline
AIRFLOW_CTX_TASK_ID=mapping_interactions
AIRFLOW_CTX_EXECUTION_DATE=2022-10-21T19:11:36.152581+00:00
AIRFLOW_CTX_TRY_NUMBER=1
AIRFLOW_CTX_DAG_RUN_ID=manual__2022-10-21T19:11:36.152581+00:00
[2022-10-21 19:12:39,077] {python.py:173} INFO - Done. Returned value was: Writing to DataBase- interactions_mapped Done . Check Logs.
[2022-10-21 19:12:39,088] {taskinstance.py:1415} INFO - Marking task as SUCCESS. dag_id=Lead_Scoring_Data_Engineering_Pipeline, task_id=mapping_interactions, execution_date=20221021T191136, start_date=20221021T191211, end_date=20221021T191239
[2022-10-21 19:12:39,129] {local_task_job.py:156} INFO - Task exited with return code 0
[2022-10-21 19:12:39,152] {local_task_job.py:273} INFO - 1 downstream tasks scheduled from follow-on schedule check
