[2022-10-22 18:50:18,098] {taskinstance.py:1179} INFO - Dependencies all met for <TaskInstance: Lead_scoring_inference_pipeline.encoding_categorical_variables scheduled__2022-10-22T06:00:00+00:00 [queued]>
[2022-10-22 18:50:18,103] {taskinstance.py:1179} INFO - Dependencies all met for <TaskInstance: Lead_scoring_inference_pipeline.encoding_categorical_variables scheduled__2022-10-22T06:00:00+00:00 [queued]>
[2022-10-22 18:50:18,103] {taskinstance.py:1376} INFO - 
--------------------------------------------------------------------------------
[2022-10-22 18:50:18,103] {taskinstance.py:1377} INFO - Starting attempt 1 of 2
[2022-10-22 18:50:18,103] {taskinstance.py:1378} INFO - 
--------------------------------------------------------------------------------
[2022-10-22 18:50:18,111] {taskinstance.py:1397} INFO - Executing <Task(PythonOperator): encoding_categorical_variables> on 2022-10-22 06:00:00+00:00
[2022-10-22 18:50:18,118] {standard_task_runner.py:52} INFO - Started process 2900 to run task
[2022-10-22 18:50:18,124] {standard_task_runner.py:79} INFO - Running: ['airflow', 'tasks', 'run', 'Lead_scoring_inference_pipeline', 'encoding_categorical_variables', 'scheduled__2022-10-22T06:00:00+00:00', '--job-id', '192', '--raw', '--subdir', 'DAGS_FOLDER/Lead_scoring_inference_pipeline/.ipynb_checkpoints/lead_scoring_inference_pipeline-checkpoint.py', '--cfg-path', '/tmp/tmpxsur_srh', '--error-file', '/tmp/tmp86h9zblk']
[2022-10-22 18:50:18,125] {standard_task_runner.py:80} INFO - Job 192: Subtask encoding_categorical_variables
[2022-10-22 18:50:18,174] {task_command.py:371} INFO - Running <TaskInstance: Lead_scoring_inference_pipeline.encoding_categorical_variables scheduled__2022-10-22T06:00:00+00:00 [running]> on host 19b44d4c03b8
[2022-10-22 18:50:18,228] {taskinstance.py:1589} INFO - Exporting the following env vars:
AIRFLOW_CTX_DAG_OWNER=airflow
AIRFLOW_CTX_DAG_ID=Lead_scoring_inference_pipeline
AIRFLOW_CTX_TASK_ID=encoding_categorical_variables
AIRFLOW_CTX_EXECUTION_DATE=2022-10-22T06:00:00+00:00
AIRFLOW_CTX_TRY_NUMBER=1
AIRFLOW_CTX_DAG_RUN_ID=scheduled__2022-10-22T06:00:00+00:00
[2022-10-22 18:50:19,420] {logging_mixin.py:115} INFO - Data has been extracted successfully from lead_scoring_model_experimentation.
[2022-10-22 18:50:20,492] {logging_mixin.py:115} INFO - input_data has been saved successfully to table features
[2022-10-22 18:50:20,530] {python.py:173} INFO - Done. Returned value was: None
[2022-10-22 18:50:20,536] {taskinstance.py:1415} INFO - Marking task as SUCCESS. dag_id=Lead_scoring_inference_pipeline, task_id=encoding_categorical_variables, execution_date=20221022T060000, start_date=20221022T185018, end_date=20221022T185020
[2022-10-22 18:50:20,582] {local_task_job.py:156} INFO - Task exited with return code 0
[2022-10-22 18:50:20,611] {local_task_job.py:273} INFO - 1 downstream tasks scheduled from follow-on schedule check
