[2022-10-24 09:43:49,773] {taskinstance.py:1179} INFO - Dependencies all met for <TaskInstance: Lead_Scoring_Data_Engineering_Pipeline.building_db scheduled__2022-10-23T00:00:00+00:00 [queued]>
[2022-10-24 09:43:49,778] {taskinstance.py:1179} INFO - Dependencies all met for <TaskInstance: Lead_Scoring_Data_Engineering_Pipeline.building_db scheduled__2022-10-23T00:00:00+00:00 [queued]>
[2022-10-24 09:43:49,778] {taskinstance.py:1376} INFO - 
--------------------------------------------------------------------------------
[2022-10-24 09:43:49,778] {taskinstance.py:1377} INFO - Starting attempt 1 of 2
[2022-10-24 09:43:49,778] {taskinstance.py:1378} INFO - 
--------------------------------------------------------------------------------
[2022-10-24 09:43:49,788] {taskinstance.py:1397} INFO - Executing <Task(PythonOperator): building_db> on 2022-10-23 00:00:00+00:00
[2022-10-24 09:43:49,790] {standard_task_runner.py:52} INFO - Started process 3383 to run task
[2022-10-24 09:43:49,795] {standard_task_runner.py:79} INFO - Running: ['airflow', 'tasks', 'run', 'Lead_Scoring_Data_Engineering_Pipeline', 'building_db', 'scheduled__2022-10-23T00:00:00+00:00', '--job-id', '222', '--raw', '--subdir', 'DAGS_FOLDER/Lead_scoring_data_pipeline/lead_scoring_data_pipeline.py', '--cfg-path', '/tmp/tmpj2i643fs', '--error-file', '/tmp/tmp3kgq_6mg']
[2022-10-24 09:43:49,797] {standard_task_runner.py:80} INFO - Job 222: Subtask building_db
[2022-10-24 09:43:49,831] {task_command.py:371} INFO - Running <TaskInstance: Lead_Scoring_Data_Engineering_Pipeline.building_db scheduled__2022-10-23T00:00:00+00:00 [running]> on host 0307537c0a24
[2022-10-24 09:43:49,866] {taskinstance.py:1589} INFO - Exporting the following env vars:
AIRFLOW_CTX_DAG_OWNER=airflow
AIRFLOW_CTX_DAG_ID=Lead_Scoring_Data_Engineering_Pipeline
AIRFLOW_CTX_TASK_ID=building_db
AIRFLOW_CTX_EXECUTION_DATE=2022-10-23T00:00:00+00:00
AIRFLOW_CTX_TRY_NUMBER=1
AIRFLOW_CTX_DAG_RUN_ID=scheduled__2022-10-23T00:00:00+00:00
[2022-10-24 09:43:49,867] {logging_mixin.py:115} INFO - DB Already Exsists
[2022-10-24 09:43:49,867] {logging_mixin.py:115} INFO - /home
[2022-10-24 09:43:49,867] {python.py:173} INFO - Done. Returned value was: DB Exsists
[2022-10-24 09:43:49,877] {taskinstance.py:1415} INFO - Marking task as SUCCESS. dag_id=Lead_Scoring_Data_Engineering_Pipeline, task_id=building_db, execution_date=20221023T000000, start_date=20221024T094349, end_date=20221024T094349
[2022-10-24 09:43:49,924] {local_task_job.py:156} INFO - Task exited with return code 0
[2022-10-24 09:43:49,953] {local_task_job.py:273} INFO - 1 downstream tasks scheduled from follow-on schedule check
