[2022-10-24 09:00:44,205] {taskinstance.py:1179} INFO - Dependencies all met for <TaskInstance: Lead_scoring_inference_pipeline.encoding_categorical_variables scheduled__2022-10-22T19:00:00+00:00 [queued]>
[2022-10-24 09:00:44,212] {taskinstance.py:1179} INFO - Dependencies all met for <TaskInstance: Lead_scoring_inference_pipeline.encoding_categorical_variables scheduled__2022-10-22T19:00:00+00:00 [queued]>
[2022-10-24 09:00:44,212] {taskinstance.py:1376} INFO - 
--------------------------------------------------------------------------------
[2022-10-24 09:00:44,212] {taskinstance.py:1377} INFO - Starting attempt 1 of 2
[2022-10-24 09:00:44,212] {taskinstance.py:1378} INFO - 
--------------------------------------------------------------------------------
[2022-10-24 09:00:44,225] {taskinstance.py:1397} INFO - Executing <Task(PythonOperator): encoding_categorical_variables> on 2022-10-22 19:00:00+00:00
[2022-10-24 09:00:44,237] {standard_task_runner.py:52} INFO - Started process 3397 to run task
[2022-10-24 09:00:44,245] {standard_task_runner.py:79} INFO - Running: ['airflow', 'tasks', 'run', 'Lead_scoring_inference_pipeline', 'encoding_categorical_variables', 'scheduled__2022-10-22T19:00:00+00:00', '--job-id', '205', '--raw', '--subdir', 'DAGS_FOLDER/Lead_scoring_inference_pipeline/.ipynb_checkpoints/lead_scoring_inference_pipeline-checkpoint.py', '--cfg-path', '/tmp/tmpx0r9aino', '--error-file', '/tmp/tmp1flal_kq']
[2022-10-24 09:00:44,245] {standard_task_runner.py:80} INFO - Job 205: Subtask encoding_categorical_variables
[2022-10-24 09:00:44,297] {task_command.py:371} INFO - Running <TaskInstance: Lead_scoring_inference_pipeline.encoding_categorical_variables scheduled__2022-10-22T19:00:00+00:00 [running]> on host 6b7947c6cb4e
[2022-10-24 09:00:44,369] {taskinstance.py:1589} INFO - Exporting the following env vars:
AIRFLOW_CTX_DAG_OWNER=airflow
AIRFLOW_CTX_DAG_ID=Lead_scoring_inference_pipeline
AIRFLOW_CTX_TASK_ID=encoding_categorical_variables
AIRFLOW_CTX_EXECUTION_DATE=2022-10-22T19:00:00+00:00
AIRFLOW_CTX_TRY_NUMBER=1
AIRFLOW_CTX_DAG_RUN_ID=scheduled__2022-10-22T19:00:00+00:00
[2022-10-24 09:00:46,183] {logging_mixin.py:115} INFO - Data has been extracted successfully from lead_scoring_model_experimentation.
[2022-10-24 09:00:47,448] {logging_mixin.py:115} INFO - input_data has been saved successfully to table features
[2022-10-24 09:00:47,493] {python.py:173} INFO - Done. Returned value was: None
[2022-10-24 09:00:47,498] {taskinstance.py:1415} INFO - Marking task as SUCCESS. dag_id=Lead_scoring_inference_pipeline, task_id=encoding_categorical_variables, execution_date=20221022T190000, start_date=20221024T090044, end_date=20221024T090047
[2022-10-24 09:00:47,545] {local_task_job.py:156} INFO - Task exited with return code 0
[2022-10-24 09:00:47,581] {local_task_job.py:273} INFO - 1 downstream tasks scheduled from follow-on schedule check
