[2022-10-24 12:01:54,321] {taskinstance.py:1179} INFO - Dependencies all met for <TaskInstance: Lead_scoring_training_pipeline.encoding_categorical_variables manual__2022-10-24T12:01:50.188689+00:00 [queued]>
[2022-10-24 12:01:54,326] {taskinstance.py:1179} INFO - Dependencies all met for <TaskInstance: Lead_scoring_training_pipeline.encoding_categorical_variables manual__2022-10-24T12:01:50.188689+00:00 [queued]>
[2022-10-24 12:01:54,326] {taskinstance.py:1376} INFO - 
--------------------------------------------------------------------------------
[2022-10-24 12:01:54,326] {taskinstance.py:1377} INFO - Starting attempt 1 of 2
[2022-10-24 12:01:54,326] {taskinstance.py:1378} INFO - 
--------------------------------------------------------------------------------
[2022-10-24 12:01:54,334] {taskinstance.py:1397} INFO - Executing <Task(PythonOperator): encoding_categorical_variables> on 2022-10-24 12:01:50.188689+00:00
[2022-10-24 12:01:54,342] {standard_task_runner.py:52} INFO - Started process 3912 to run task
[2022-10-24 12:01:54,348] {standard_task_runner.py:79} INFO - Running: ['airflow', 'tasks', 'run', 'Lead_scoring_training_pipeline', 'encoding_categorical_variables', 'manual__2022-10-24T12:01:50.188689+00:00', '--job-id', '259', '--raw', '--subdir', 'DAGS_FOLDER/Lead_scoring_training_pipeline/.ipynb_checkpoints/lead_scoring_training_pipeline-checkpoint.py', '--cfg-path', '/tmp/tmp6px96yks', '--error-file', '/tmp/tmpilak5vl0']
[2022-10-24 12:01:54,349] {standard_task_runner.py:80} INFO - Job 259: Subtask encoding_categorical_variables
[2022-10-24 12:01:54,393] {task_command.py:371} INFO - Running <TaskInstance: Lead_scoring_training_pipeline.encoding_categorical_variables manual__2022-10-24T12:01:50.188689+00:00 [running]> on host 2d7632d022aa
[2022-10-24 12:01:54,446] {taskinstance.py:1589} INFO - Exporting the following env vars:
AIRFLOW_CTX_DAG_OWNER=airflow
AIRFLOW_CTX_DAG_ID=Lead_scoring_training_pipeline
AIRFLOW_CTX_TASK_ID=encoding_categorical_variables
AIRFLOW_CTX_EXECUTION_DATE=2022-10-24T12:01:50.188689+00:00
AIRFLOW_CTX_TRY_NUMBER=1
AIRFLOW_CTX_DAG_RUN_ID=manual__2022-10-24T12:01:50.188689+00:00
[2022-10-24 12:01:55,643] {logging_mixin.py:115} INFO - Data has been extracted successfully from lead_scoring_model_experimentation.
[2022-10-24 12:01:56,692] {logging_mixin.py:115} INFO - input_data has been saved successfully to table features
[2022-10-24 12:01:57,124] {logging_mixin.py:115} INFO - input_data has been saved successfully to table target
[2022-10-24 12:01:57,125] {logging_mixin.py:115} INFO - input data is loaded into features and target tables successfully.
[2022-10-24 12:01:57,171] {python.py:173} INFO - Done. Returned value was: None
[2022-10-24 12:01:57,177] {taskinstance.py:1415} INFO - Marking task as SUCCESS. dag_id=Lead_scoring_training_pipeline, task_id=encoding_categorical_variables, execution_date=20221024T120150, start_date=20221024T120154, end_date=20221024T120157
[2022-10-24 12:01:57,206] {local_task_job.py:156} INFO - Task exited with return code 0
[2022-10-24 12:01:57,236] {local_task_job.py:273} INFO - 1 downstream tasks scheduled from follow-on schedule check
