[2022-10-21 17:36:01,059] {taskinstance.py:1179} INFO - Dependencies all met for <TaskInstance: Lead_scoring_inference_pipeline.generating_models_prediction manual__2022-10-21T17:35:45.193823+00:00 [queued]>
[2022-10-21 17:36:01,064] {taskinstance.py:1179} INFO - Dependencies all met for <TaskInstance: Lead_scoring_inference_pipeline.generating_models_prediction manual__2022-10-21T17:35:45.193823+00:00 [queued]>
[2022-10-21 17:36:01,064] {taskinstance.py:1376} INFO - 
--------------------------------------------------------------------------------
[2022-10-21 17:36:01,064] {taskinstance.py:1377} INFO - Starting attempt 1 of 2
[2022-10-21 17:36:01,064] {taskinstance.py:1378} INFO - 
--------------------------------------------------------------------------------
[2022-10-21 17:36:01,072] {taskinstance.py:1397} INFO - Executing <Task(PythonOperator): generating_models_prediction> on 2022-10-21 17:35:45.193823+00:00
[2022-10-21 17:36:01,079] {standard_task_runner.py:52} INFO - Started process 10930 to run task
[2022-10-21 17:36:01,085] {standard_task_runner.py:79} INFO - Running: ['airflow', 'tasks', 'run', 'Lead_scoring_inference_pipeline', 'generating_models_prediction', 'manual__2022-10-21T17:35:45.193823+00:00', '--job-id', '99', '--raw', '--subdir', 'DAGS_FOLDER/Lead_scoring_inference_pipeline/.ipynb_checkpoints/lead_scoring_inference_pipeline-checkpoint.py', '--cfg-path', '/tmp/tmpd_whw_tw', '--error-file', '/tmp/tmpskpjjb87']
[2022-10-21 17:36:01,085] {standard_task_runner.py:80} INFO - Job 99: Subtask generating_models_prediction
[2022-10-21 17:36:01,135] {task_command.py:371} INFO - Running <TaskInstance: Lead_scoring_inference_pipeline.generating_models_prediction manual__2022-10-21T17:35:45.193823+00:00 [running]> on host 2e24bcea55eb
[2022-10-21 17:36:01,183] {taskinstance.py:1589} INFO - Exporting the following env vars:
AIRFLOW_CTX_DAG_OWNER=airflow
AIRFLOW_CTX_DAG_ID=Lead_scoring_inference_pipeline
AIRFLOW_CTX_TASK_ID=generating_models_prediction
AIRFLOW_CTX_EXECUTION_DATE=2022-10-21T17:35:45.193823+00:00
AIRFLOW_CTX_TRY_NUMBER=1
AIRFLOW_CTX_DAG_RUN_ID=manual__2022-10-21T17:35:45.193823+00:00
[2022-10-21 17:36:02,338] {logging_mixin.py:115} INFO - Data has been extracted successfully from lead_scoring_model_experimentation.
[2022-10-21 17:36:03,727] {logging_mixin.py:115} INFO - [1 0 0 ... 1 1 1]
[2022-10-21 17:36:04,137] {logging_mixin.py:115} INFO - input_data has been saved successfully to table predicted_output
[2022-10-21 17:36:04,138] {python.py:173} INFO - Done. Returned value was: Predictions are done and save in Final_Predictions Table
[2022-10-21 17:36:04,153] {taskinstance.py:1415} INFO - Marking task as SUCCESS. dag_id=Lead_scoring_inference_pipeline, task_id=generating_models_prediction, execution_date=20221021T173545, start_date=20221021T173601, end_date=20221021T173604
[2022-10-21 17:36:04,184] {local_task_job.py:156} INFO - Task exited with return code 0
[2022-10-21 17:36:04,209] {local_task_job.py:273} INFO - 1 downstream tasks scheduled from follow-on schedule check
