[2022-10-21 08:00:10,525] {taskinstance.py:1179} INFO - Dependencies all met for <TaskInstance: Lead_Scoring_Data_Engineering_Pipeline.building_db manual__2022-10-21T08:00:07.553956+00:00 [queued]>
[2022-10-21 08:00:10,529] {taskinstance.py:1179} INFO - Dependencies all met for <TaskInstance: Lead_Scoring_Data_Engineering_Pipeline.building_db manual__2022-10-21T08:00:07.553956+00:00 [queued]>
[2022-10-21 08:00:10,529] {taskinstance.py:1376} INFO - 
--------------------------------------------------------------------------------
[2022-10-21 08:00:10,529] {taskinstance.py:1377} INFO - Starting attempt 1 of 2
[2022-10-21 08:00:10,530] {taskinstance.py:1378} INFO - 
--------------------------------------------------------------------------------
[2022-10-21 08:00:10,537] {taskinstance.py:1397} INFO - Executing <Task(PythonOperator): building_db> on 2022-10-21 08:00:07.553956+00:00
[2022-10-21 08:00:10,541] {standard_task_runner.py:52} INFO - Started process 4203 to run task
[2022-10-21 08:00:10,548] {standard_task_runner.py:79} INFO - Running: ['airflow', 'tasks', 'run', 'Lead_Scoring_Data_Engineering_Pipeline', 'building_db', 'manual__2022-10-21T08:00:07.553956+00:00', '--job-id', '12', '--raw', '--subdir', 'DAGS_FOLDER/Lead_scoring_data_pipeline/.ipynb_checkpoints/lead_scoring_data_pipeline-checkpoint.py', '--cfg-path', '/tmp/tmp_vucs2k1', '--error-file', '/tmp/tmp0o3ndpuw']
[2022-10-21 08:00:10,550] {standard_task_runner.py:80} INFO - Job 12: Subtask building_db
[2022-10-21 08:00:10,591] {task_command.py:371} INFO - Running <TaskInstance: Lead_Scoring_Data_Engineering_Pipeline.building_db manual__2022-10-21T08:00:07.553956+00:00 [running]> on host 53fb9ec0a08c
[2022-10-21 08:00:10,637] {taskinstance.py:1589} INFO - Exporting the following env vars:
AIRFLOW_CTX_DAG_OWNER=airflow
AIRFLOW_CTX_DAG_ID=Lead_Scoring_Data_Engineering_Pipeline
AIRFLOW_CTX_TASK_ID=building_db
AIRFLOW_CTX_EXECUTION_DATE=2022-10-21T08:00:07.553956+00:00
AIRFLOW_CTX_TRY_NUMBER=1
AIRFLOW_CTX_DAG_RUN_ID=manual__2022-10-21T08:00:07.553956+00:00
[2022-10-21 08:00:10,638] {logging_mixin.py:115} INFO - DB Already Exist
[2022-10-21 08:00:10,638] {logging_mixin.py:115} INFO - /home
[2022-10-21 08:00:10,638] {python.py:173} INFO - Done. Returned value was: DB Exist
[2022-10-21 08:00:10,651] {taskinstance.py:1415} INFO - Marking task as SUCCESS. dag_id=Lead_Scoring_Data_Engineering_Pipeline, task_id=building_db, execution_date=20221021T080007, start_date=20221021T080010, end_date=20221021T080010
[2022-10-21 08:00:10,675] {local_task_job.py:156} INFO - Task exited with return code 0
[2022-10-21 08:00:10,706] {local_task_job.py:273} INFO - 1 downstream tasks scheduled from follow-on schedule check
