[2022-10-24 09:49:11,625] {taskinstance.py:1179} INFO - Dependencies all met for <TaskInstance: Lead_Scoring_Data_Engineering_Pipeline.mapping_city_tier manual__2022-10-24T09:48:57.559644+00:00 [queued]>
[2022-10-24 09:49:11,630] {taskinstance.py:1179} INFO - Dependencies all met for <TaskInstance: Lead_Scoring_Data_Engineering_Pipeline.mapping_city_tier manual__2022-10-24T09:48:57.559644+00:00 [queued]>
[2022-10-24 09:49:11,631] {taskinstance.py:1376} INFO - 
--------------------------------------------------------------------------------
[2022-10-24 09:49:11,631] {taskinstance.py:1377} INFO - Starting attempt 1 of 2
[2022-10-24 09:49:11,631] {taskinstance.py:1378} INFO - 
--------------------------------------------------------------------------------
[2022-10-24 09:49:11,639] {taskinstance.py:1397} INFO - Executing <Task(PythonOperator): mapping_city_tier> on 2022-10-24 09:48:57.559644+00:00
[2022-10-24 09:49:11,643] {standard_task_runner.py:52} INFO - Started process 4125 to run task
[2022-10-24 09:49:11,650] {standard_task_runner.py:79} INFO - Running: ['airflow', 'tasks', 'run', 'Lead_Scoring_Data_Engineering_Pipeline', 'mapping_city_tier', 'manual__2022-10-24T09:48:57.559644+00:00', '--job-id', '233', '--raw', '--subdir', 'DAGS_FOLDER/Lead_scoring_data_pipeline/.ipynb_checkpoints/lead_scoring_data_pipeline-checkpoint.py', '--cfg-path', '/tmp/tmpkor0vns2', '--error-file', '/tmp/tmpieytgf9a']
[2022-10-24 09:49:11,652] {standard_task_runner.py:80} INFO - Job 233: Subtask mapping_city_tier
[2022-10-24 09:49:11,695] {task_command.py:371} INFO - Running <TaskInstance: Lead_Scoring_Data_Engineering_Pipeline.mapping_city_tier manual__2022-10-24T09:48:57.559644+00:00 [running]> on host 0307537c0a24
[2022-10-24 09:49:11,743] {taskinstance.py:1589} INFO - Exporting the following env vars:
AIRFLOW_CTX_DAG_OWNER=airflow
AIRFLOW_CTX_DAG_ID=Lead_Scoring_Data_Engineering_Pipeline
AIRFLOW_CTX_TASK_ID=mapping_city_tier
AIRFLOW_CTX_EXECUTION_DATE=2022-10-24T09:48:57.559644+00:00
AIRFLOW_CTX_TRY_NUMBER=1
AIRFLOW_CTX_DAG_RUN_ID=manual__2022-10-24T09:48:57.559644+00:00
[2022-10-24 09:49:20,335] {python.py:173} INFO - Done. Returned value was: city_tier mapping is completed on [loaded_data] table.
[2022-10-24 09:49:20,347] {taskinstance.py:1415} INFO - Marking task as SUCCESS. dag_id=Lead_Scoring_Data_Engineering_Pipeline, task_id=mapping_city_tier, execution_date=20221024T094857, start_date=20221024T094911, end_date=20221024T094920
[2022-10-24 09:49:20,374] {local_task_job.py:156} INFO - Task exited with return code 0
[2022-10-24 09:49:20,404] {local_task_job.py:273} INFO - 1 downstream tasks scheduled from follow-on schedule check
