[2022-10-24 09:51:45,607] {taskinstance.py:1179} INFO - Dependencies all met for <TaskInstance: Lead_Scoring_Data_Engineering_Pipeline.mapping_interactions manual__2022-10-24T09:51:08.740317+00:00 [queued]>
[2022-10-24 09:51:45,613] {taskinstance.py:1179} INFO - Dependencies all met for <TaskInstance: Lead_Scoring_Data_Engineering_Pipeline.mapping_interactions manual__2022-10-24T09:51:08.740317+00:00 [queued]>
[2022-10-24 09:51:45,613] {taskinstance.py:1376} INFO - 
--------------------------------------------------------------------------------
[2022-10-24 09:51:45,613] {taskinstance.py:1377} INFO - Starting attempt 1 of 2
[2022-10-24 09:51:45,613] {taskinstance.py:1378} INFO - 
--------------------------------------------------------------------------------
[2022-10-24 09:51:45,621] {taskinstance.py:1397} INFO - Executing <Task(PythonOperator): mapping_interactions> on 2022-10-24 09:51:08.740317+00:00
[2022-10-24 09:51:45,625] {standard_task_runner.py:52} INFO - Started process 4414 to run task
[2022-10-24 09:51:45,630] {standard_task_runner.py:79} INFO - Running: ['airflow', 'tasks', 'run', 'Lead_Scoring_Data_Engineering_Pipeline', 'mapping_interactions', 'manual__2022-10-24T09:51:08.740317+00:00', '--job-id', '242', '--raw', '--subdir', 'DAGS_FOLDER/Lead_scoring_data_pipeline/.ipynb_checkpoints/lead_scoring_data_pipeline-checkpoint.py', '--cfg-path', '/tmp/tmpy0qmcu9j', '--error-file', '/tmp/tmp_2iqzicv']
[2022-10-24 09:51:45,631] {standard_task_runner.py:80} INFO - Job 242: Subtask mapping_interactions
[2022-10-24 09:51:45,679] {task_command.py:371} INFO - Running <TaskInstance: Lead_Scoring_Data_Engineering_Pipeline.mapping_interactions manual__2022-10-24T09:51:08.740317+00:00 [running]> on host 0307537c0a24
[2022-10-24 09:51:45,730] {taskinstance.py:1589} INFO - Exporting the following env vars:
AIRFLOW_CTX_DAG_OWNER=airflow
AIRFLOW_CTX_DAG_ID=Lead_Scoring_Data_Engineering_Pipeline
AIRFLOW_CTX_TASK_ID=mapping_interactions
AIRFLOW_CTX_EXECUTION_DATE=2022-10-24T09:51:08.740317+00:00
AIRFLOW_CTX_TRY_NUMBER=1
AIRFLOW_CTX_DAG_RUN_ID=manual__2022-10-24T09:51:08.740317+00:00
[2022-10-24 09:52:13,171] {python.py:173} INFO - Done. Returned value was: interactions_mapped successfully on categorical_variables_mapped table.
[2022-10-24 09:52:13,182] {taskinstance.py:1415} INFO - Marking task as SUCCESS. dag_id=Lead_Scoring_Data_Engineering_Pipeline, task_id=mapping_interactions, execution_date=20221024T095108, start_date=20221024T095145, end_date=20221024T095213
[2022-10-24 09:52:13,205] {local_task_job.py:156} INFO - Task exited with return code 0
[2022-10-24 09:52:13,228] {local_task_job.py:273} INFO - 1 downstream tasks scheduled from follow-on schedule check
