[2022-10-21 19:08:10,464] {taskinstance.py:1179} INFO - Dependencies all met for <TaskInstance: Lead_Scoring_Data_Engineering_Pipeline.loading_data manual__2022-10-21T19:07:58.678342+00:00 [queued]>
[2022-10-21 19:08:10,469] {taskinstance.py:1179} INFO - Dependencies all met for <TaskInstance: Lead_Scoring_Data_Engineering_Pipeline.loading_data manual__2022-10-21T19:07:58.678342+00:00 [queued]>
[2022-10-21 19:08:10,469] {taskinstance.py:1376} INFO - 
--------------------------------------------------------------------------------
[2022-10-21 19:08:10,469] {taskinstance.py:1377} INFO - Starting attempt 1 of 2
[2022-10-21 19:08:10,469] {taskinstance.py:1378} INFO - 
--------------------------------------------------------------------------------
[2022-10-21 19:08:10,478] {taskinstance.py:1397} INFO - Executing <Task(PythonOperator): loading_data> on 2022-10-21 19:07:58.678342+00:00
[2022-10-21 19:08:10,482] {standard_task_runner.py:52} INFO - Started process 1650 to run task
[2022-10-21 19:08:10,489] {standard_task_runner.py:79} INFO - Running: ['airflow', 'tasks', 'run', 'Lead_Scoring_Data_Engineering_Pipeline', 'loading_data', 'manual__2022-10-21T19:07:58.678342+00:00', '--job-id', '119', '--raw', '--subdir', 'DAGS_FOLDER/Lead_scoring_data_pipeline/.ipynb_checkpoints/lead_scoring_data_pipeline-checkpoint.py', '--cfg-path', '/tmp/tmp2fhujiwn', '--error-file', '/tmp/tmptlv6nfq0']
[2022-10-21 19:08:10,491] {standard_task_runner.py:80} INFO - Job 119: Subtask loading_data
[2022-10-21 19:08:10,533] {task_command.py:371} INFO - Running <TaskInstance: Lead_Scoring_Data_Engineering_Pipeline.loading_data manual__2022-10-21T19:07:58.678342+00:00 [running]> on host 50ef1aee5f67
[2022-10-21 19:08:10,583] {taskinstance.py:1589} INFO - Exporting the following env vars:
AIRFLOW_CTX_DAG_OWNER=airflow
AIRFLOW_CTX_DAG_ID=Lead_Scoring_Data_Engineering_Pipeline
AIRFLOW_CTX_TASK_ID=loading_data
AIRFLOW_CTX_EXECUTION_DATE=2022-10-21T19:07:58.678342+00:00
AIRFLOW_CTX_TRY_NUMBER=1
AIRFLOW_CTX_DAG_RUN_ID=manual__2022-10-21T19:07:58.678342+00:00
[2022-10-21 19:08:16,017] {python.py:173} INFO - Done. Returned value was: Writing to DataBase loaded_data Done or Data Already was in Table. Check Logs.
[2022-10-21 19:08:16,028] {taskinstance.py:1415} INFO - Marking task as SUCCESS. dag_id=Lead_Scoring_Data_Engineering_Pipeline, task_id=loading_data, execution_date=20221021T190758, start_date=20221021T190810, end_date=20221021T190816
[2022-10-21 19:08:16,074] {local_task_job.py:156} INFO - Task exited with return code 0
[2022-10-21 19:08:16,105] {local_task_job.py:273} INFO - 1 downstream tasks scheduled from follow-on schedule check
