[2022-10-21 19:08:05,988] {taskinstance.py:1179} INFO - Dependencies all met for <TaskInstance: Lead_Scoring_Data_Engineering_Pipeline.checking_raw_data_schema manual__2022-10-21T19:07:58.678342+00:00 [queued]>
[2022-10-21 19:08:05,993] {taskinstance.py:1179} INFO - Dependencies all met for <TaskInstance: Lead_Scoring_Data_Engineering_Pipeline.checking_raw_data_schema manual__2022-10-21T19:07:58.678342+00:00 [queued]>
[2022-10-21 19:08:05,993] {taskinstance.py:1376} INFO - 
--------------------------------------------------------------------------------
[2022-10-21 19:08:05,993] {taskinstance.py:1377} INFO - Starting attempt 1 of 2
[2022-10-21 19:08:05,993] {taskinstance.py:1378} INFO - 
--------------------------------------------------------------------------------
[2022-10-21 19:08:06,001] {taskinstance.py:1397} INFO - Executing <Task(PythonOperator): checking_raw_data_schema> on 2022-10-21 19:07:58.678342+00:00
[2022-10-21 19:08:06,005] {standard_task_runner.py:52} INFO - Started process 1624 to run task
[2022-10-21 19:08:06,012] {standard_task_runner.py:79} INFO - Running: ['airflow', 'tasks', 'run', 'Lead_Scoring_Data_Engineering_Pipeline', 'checking_raw_data_schema', 'manual__2022-10-21T19:07:58.678342+00:00', '--job-id', '118', '--raw', '--subdir', 'DAGS_FOLDER/Lead_scoring_data_pipeline/.ipynb_checkpoints/lead_scoring_data_pipeline-checkpoint.py', '--cfg-path', '/tmp/tmpbrd7x913', '--error-file', '/tmp/tmpuzx_vb_1']
[2022-10-21 19:08:06,013] {standard_task_runner.py:80} INFO - Job 118: Subtask checking_raw_data_schema
[2022-10-21 19:08:06,053] {task_command.py:371} INFO - Running <TaskInstance: Lead_Scoring_Data_Engineering_Pipeline.checking_raw_data_schema manual__2022-10-21T19:07:58.678342+00:00 [running]> on host 50ef1aee5f67
[2022-10-21 19:08:06,117] {taskinstance.py:1589} INFO - Exporting the following env vars:
AIRFLOW_CTX_DAG_OWNER=airflow
AIRFLOW_CTX_DAG_ID=Lead_Scoring_Data_Engineering_Pipeline
AIRFLOW_CTX_TASK_ID=checking_raw_data_schema
AIRFLOW_CTX_EXECUTION_DATE=2022-10-21T19:07:58.678342+00:00
AIRFLOW_CTX_TRY_NUMBER=1
AIRFLOW_CTX_DAG_RUN_ID=manual__2022-10-21T19:07:58.678342+00:00
[2022-10-21 19:08:06,705] {logging_mixin.py:115} INFO - Raw datas schema is in line with the schema present in schema.py
[2022-10-21 19:08:06,715] {python.py:173} INFO - Done. Returned value was: None
[2022-10-21 19:08:06,721] {taskinstance.py:1415} INFO - Marking task as SUCCESS. dag_id=Lead_Scoring_Data_Engineering_Pipeline, task_id=checking_raw_data_schema, execution_date=20221021T190758, start_date=20221021T190805, end_date=20221021T190806
[2022-10-21 19:08:06,741] {local_task_job.py:156} INFO - Task exited with return code 0
[2022-10-21 19:08:06,770] {local_task_job.py:273} INFO - 1 downstream tasks scheduled from follow-on schedule check
