[2022-10-24 09:01:04,120] {taskinstance.py:1179} INFO - Dependencies all met for <TaskInstance: Lead_scoring_inference_pipeline.checking_input_features scheduled__2022-10-24T08:00:00+00:00 [queued]>
[2022-10-24 09:01:04,128] {taskinstance.py:1179} INFO - Dependencies all met for <TaskInstance: Lead_scoring_inference_pipeline.checking_input_features scheduled__2022-10-24T08:00:00+00:00 [queued]>
[2022-10-24 09:01:04,128] {taskinstance.py:1376} INFO - 
--------------------------------------------------------------------------------
[2022-10-24 09:01:04,128] {taskinstance.py:1377} INFO - Starting attempt 1 of 2
[2022-10-24 09:01:04,128] {taskinstance.py:1378} INFO - 
--------------------------------------------------------------------------------
[2022-10-24 09:01:04,140] {taskinstance.py:1397} INFO - Executing <Task(PythonOperator): checking_input_features> on 2022-10-24 08:00:00+00:00
[2022-10-24 09:01:04,149] {standard_task_runner.py:52} INFO - Started process 3452 to run task
[2022-10-24 09:01:04,155] {standard_task_runner.py:79} INFO - Running: ['airflow', 'tasks', 'run', 'Lead_scoring_inference_pipeline', 'checking_input_features', 'scheduled__2022-10-24T08:00:00+00:00', '--job-id', '208', '--raw', '--subdir', 'DAGS_FOLDER/Lead_scoring_inference_pipeline/.ipynb_checkpoints/lead_scoring_inference_pipeline-checkpoint.py', '--cfg-path', '/tmp/tmpq3i4ug1r', '--error-file', '/tmp/tmpx84q61m3']
[2022-10-24 09:01:04,155] {standard_task_runner.py:80} INFO - Job 208: Subtask checking_input_features
[2022-10-24 09:01:04,202] {task_command.py:371} INFO - Running <TaskInstance: Lead_scoring_inference_pipeline.checking_input_features scheduled__2022-10-24T08:00:00+00:00 [running]> on host 6b7947c6cb4e
[2022-10-24 09:01:04,256] {taskinstance.py:1589} INFO - Exporting the following env vars:
AIRFLOW_CTX_DAG_OWNER=airflow
AIRFLOW_CTX_DAG_ID=Lead_scoring_inference_pipeline
AIRFLOW_CTX_TASK_ID=checking_input_features
AIRFLOW_CTX_EXECUTION_DATE=2022-10-24T08:00:00+00:00
AIRFLOW_CTX_TRY_NUMBER=1
AIRFLOW_CTX_DAG_RUN_ID=scheduled__2022-10-24T08:00:00+00:00
[2022-10-24 09:01:05,388] {logging_mixin.py:115} INFO - Data has been extracted successfully from lead_scoring_model_experimentation.
[2022-10-24 09:01:05,388] {logging_mixin.py:115} INFO - Some of the models inputs are missing
[2022-10-24 09:01:05,388] {python.py:173} INFO - Done. Returned value was: None
[2022-10-24 09:01:05,394] {taskinstance.py:1415} INFO - Marking task as SUCCESS. dag_id=Lead_scoring_inference_pipeline, task_id=checking_input_features, execution_date=20221024T080000, start_date=20221024T090104, end_date=20221024T090105
[2022-10-24 09:01:05,447] {local_task_job.py:156} INFO - Task exited with return code 0
[2022-10-24 09:01:05,485] {local_task_job.py:273} INFO - 1 downstream tasks scheduled from follow-on schedule check
