[2022-10-21 19:23:34,659] {taskinstance.py:1179} INFO - Dependencies all met for <TaskInstance: Lead_scoring_inference_pipeline.encoding_categorical_variables manual__2022-10-21T19:23:30.732125+00:00 [queued]>
[2022-10-21 19:23:34,663] {taskinstance.py:1179} INFO - Dependencies all met for <TaskInstance: Lead_scoring_inference_pipeline.encoding_categorical_variables manual__2022-10-21T19:23:30.732125+00:00 [queued]>
[2022-10-21 19:23:34,663] {taskinstance.py:1376} INFO - 
--------------------------------------------------------------------------------
[2022-10-21 19:23:34,663] {taskinstance.py:1377} INFO - Starting attempt 1 of 2
[2022-10-21 19:23:34,664] {taskinstance.py:1378} INFO - 
--------------------------------------------------------------------------------
[2022-10-21 19:23:34,672] {taskinstance.py:1397} INFO - Executing <Task(PythonOperator): encoding_categorical_variables> on 2022-10-21 19:23:30.732125+00:00
[2022-10-21 19:23:34,678] {standard_task_runner.py:52} INFO - Started process 3716 to run task
[2022-10-21 19:23:34,685] {standard_task_runner.py:79} INFO - Running: ['airflow', 'tasks', 'run', 'Lead_scoring_inference_pipeline', 'encoding_categorical_variables', 'manual__2022-10-21T19:23:30.732125+00:00', '--job-id', '149', '--raw', '--subdir', 'DAGS_FOLDER/Lead_scoring_inference_pipeline/.ipynb_checkpoints/lead_scoring_inference_pipeline-checkpoint.py', '--cfg-path', '/tmp/tmp7s6l5doh', '--error-file', '/tmp/tmpu6somufo']
[2022-10-21 19:23:34,685] {standard_task_runner.py:80} INFO - Job 149: Subtask encoding_categorical_variables
[2022-10-21 19:23:34,734] {task_command.py:371} INFO - Running <TaskInstance: Lead_scoring_inference_pipeline.encoding_categorical_variables manual__2022-10-21T19:23:30.732125+00:00 [running]> on host 50ef1aee5f67
[2022-10-21 19:23:34,792] {taskinstance.py:1589} INFO - Exporting the following env vars:
AIRFLOW_CTX_DAG_OWNER=airflow
AIRFLOW_CTX_DAG_ID=Lead_scoring_inference_pipeline
AIRFLOW_CTX_TASK_ID=encoding_categorical_variables
AIRFLOW_CTX_EXECUTION_DATE=2022-10-21T19:23:30.732125+00:00
AIRFLOW_CTX_TRY_NUMBER=1
AIRFLOW_CTX_DAG_RUN_ID=manual__2022-10-21T19:23:30.732125+00:00
[2022-10-21 19:23:35,978] {logging_mixin.py:115} INFO - Data has been extracted successfully from lead_scoring_model_experimentation.
[2022-10-21 19:23:37,001] {logging_mixin.py:115} INFO - input_data has been saved successfully to table features
[2022-10-21 19:23:37,037] {python.py:173} INFO - Done. Returned value was: None
[2022-10-21 19:23:37,043] {taskinstance.py:1415} INFO - Marking task as SUCCESS. dag_id=Lead_scoring_inference_pipeline, task_id=encoding_categorical_variables, execution_date=20221021T192330, start_date=20221021T192334, end_date=20221021T192337
[2022-10-21 19:23:37,062] {local_task_job.py:156} INFO - Task exited with return code 0
[2022-10-21 19:23:37,099] {local_task_job.py:273} INFO - 1 downstream tasks scheduled from follow-on schedule check
