[2022-10-24 09:43:54,660] {taskinstance.py:1179} INFO - Dependencies all met for <TaskInstance: Lead_Scoring_Data_Engineering_Pipeline.loading_data scheduled__2022-10-23T00:00:00+00:00 [queued]>
[2022-10-24 09:43:54,665] {taskinstance.py:1179} INFO - Dependencies all met for <TaskInstance: Lead_Scoring_Data_Engineering_Pipeline.loading_data scheduled__2022-10-23T00:00:00+00:00 [queued]>
[2022-10-24 09:43:54,665] {taskinstance.py:1376} INFO - 
--------------------------------------------------------------------------------
[2022-10-24 09:43:54,665] {taskinstance.py:1377} INFO - Starting attempt 1 of 2
[2022-10-24 09:43:54,665] {taskinstance.py:1378} INFO - 
--------------------------------------------------------------------------------
[2022-10-24 09:43:54,673] {taskinstance.py:1397} INFO - Executing <Task(PythonOperator): loading_data> on 2022-10-23 00:00:00+00:00
[2022-10-24 09:43:54,676] {standard_task_runner.py:52} INFO - Started process 3427 to run task
[2022-10-24 09:43:54,680] {standard_task_runner.py:79} INFO - Running: ['airflow', 'tasks', 'run', 'Lead_Scoring_Data_Engineering_Pipeline', 'loading_data', 'scheduled__2022-10-23T00:00:00+00:00', '--job-id', '224', '--raw', '--subdir', 'DAGS_FOLDER/Lead_scoring_data_pipeline/.ipynb_checkpoints/lead_scoring_data_pipeline-checkpoint.py', '--cfg-path', '/tmp/tmpkfk6g6af', '--error-file', '/tmp/tmpnxzz1yj6']
[2022-10-24 09:43:54,681] {standard_task_runner.py:80} INFO - Job 224: Subtask loading_data
[2022-10-24 09:43:54,712] {task_command.py:371} INFO - Running <TaskInstance: Lead_Scoring_Data_Engineering_Pipeline.loading_data scheduled__2022-10-23T00:00:00+00:00 [running]> on host 0307537c0a24
[2022-10-24 09:43:54,746] {taskinstance.py:1589} INFO - Exporting the following env vars:
AIRFLOW_CTX_DAG_OWNER=airflow
AIRFLOW_CTX_DAG_ID=Lead_Scoring_Data_Engineering_Pipeline
AIRFLOW_CTX_TASK_ID=loading_data
AIRFLOW_CTX_EXECUTION_DATE=2022-10-23T00:00:00+00:00
AIRFLOW_CTX_TRY_NUMBER=1
AIRFLOW_CTX_DAG_RUN_ID=scheduled__2022-10-23T00:00:00+00:00
[2022-10-24 09:44:01,386] {python.py:173} INFO - Done. Returned value was: Data is Successfully Loaded into the Table-[loaded_data].
[2022-10-24 09:44:01,398] {taskinstance.py:1415} INFO - Marking task as SUCCESS. dag_id=Lead_Scoring_Data_Engineering_Pipeline, task_id=loading_data, execution_date=20221023T000000, start_date=20221024T094354, end_date=20221024T094401
[2022-10-24 09:44:01,431] {local_task_job.py:156} INFO - Task exited with return code 0
[2022-10-24 09:44:01,462] {local_task_job.py:273} INFO - 1 downstream tasks scheduled from follow-on schedule check
