[2022-10-24 12:01:03,858] {taskinstance.py:1179} INFO - Dependencies all met for <TaskInstance: Lead_scoring_training_pipeline.encoding_categorical_variables manual__2022-10-24T12:00:51.724366+00:00 [queued]>
[2022-10-24 12:01:03,863] {taskinstance.py:1179} INFO - Dependencies all met for <TaskInstance: Lead_scoring_training_pipeline.encoding_categorical_variables manual__2022-10-24T12:00:51.724366+00:00 [queued]>
[2022-10-24 12:01:03,863] {taskinstance.py:1376} INFO - 
--------------------------------------------------------------------------------
[2022-10-24 12:01:03,863] {taskinstance.py:1377} INFO - Starting attempt 1 of 2
[2022-10-24 12:01:03,863] {taskinstance.py:1378} INFO - 
--------------------------------------------------------------------------------
[2022-10-24 12:01:03,871] {taskinstance.py:1397} INFO - Executing <Task(PythonOperator): encoding_categorical_variables> on 2022-10-24 12:00:51.724366+00:00
[2022-10-24 12:01:03,878] {standard_task_runner.py:52} INFO - Started process 3774 to run task
[2022-10-24 12:01:03,884] {standard_task_runner.py:79} INFO - Running: ['airflow', 'tasks', 'run', 'Lead_scoring_training_pipeline', 'encoding_categorical_variables', 'manual__2022-10-24T12:00:51.724366+00:00', '--job-id', '256', '--raw', '--subdir', 'DAGS_FOLDER/Lead_scoring_training_pipeline/.ipynb_checkpoints/lead_scoring_training_pipeline-checkpoint.py', '--cfg-path', '/tmp/tmp5ufranlz', '--error-file', '/tmp/tmp1zzurk_j']
[2022-10-24 12:01:03,884] {standard_task_runner.py:80} INFO - Job 256: Subtask encoding_categorical_variables
[2022-10-24 12:01:03,927] {task_command.py:371} INFO - Running <TaskInstance: Lead_scoring_training_pipeline.encoding_categorical_variables manual__2022-10-24T12:00:51.724366+00:00 [running]> on host 2d7632d022aa
[2022-10-24 12:01:03,980] {taskinstance.py:1589} INFO - Exporting the following env vars:
AIRFLOW_CTX_DAG_OWNER=airflow
AIRFLOW_CTX_DAG_ID=Lead_scoring_training_pipeline
AIRFLOW_CTX_TASK_ID=encoding_categorical_variables
AIRFLOW_CTX_EXECUTION_DATE=2022-10-24T12:00:51.724366+00:00
AIRFLOW_CTX_TRY_NUMBER=1
AIRFLOW_CTX_DAG_RUN_ID=manual__2022-10-24T12:00:51.724366+00:00
[2022-10-24 12:01:05,170] {logging_mixin.py:115} INFO - Data has been extracted successfully from lead_scoring_model_experimentation.
[2022-10-24 12:01:06,224] {logging_mixin.py:115} INFO - input_data has been saved successfully to table features
[2022-10-24 12:01:06,629] {logging_mixin.py:115} INFO - input_data has been saved successfully to table target
[2022-10-24 12:01:06,629] {logging_mixin.py:115} INFO - input data is loaded into features and target tables successfully.
[2022-10-24 12:01:06,671] {python.py:173} INFO - Done. Returned value was: None
[2022-10-24 12:01:06,677] {taskinstance.py:1415} INFO - Marking task as SUCCESS. dag_id=Lead_scoring_training_pipeline, task_id=encoding_categorical_variables, execution_date=20221024T120051, start_date=20221024T120103, end_date=20221024T120106
[2022-10-24 12:01:06,703] {local_task_job.py:156} INFO - Task exited with return code 0
[2022-10-24 12:01:06,735] {local_task_job.py:273} INFO - 1 downstream tasks scheduled from follow-on schedule check
