[2022-10-22 04:09:32,574] {taskinstance.py:1179} INFO - Dependencies all met for <TaskInstance: Lead_Scoring_Data_Engineering_Pipeline.checking_raw_data_schema scheduled__2022-10-21T00:00:00+00:00 [queued]>
[2022-10-22 04:09:32,579] {taskinstance.py:1179} INFO - Dependencies all met for <TaskInstance: Lead_Scoring_Data_Engineering_Pipeline.checking_raw_data_schema scheduled__2022-10-21T00:00:00+00:00 [queued]>
[2022-10-22 04:09:32,579] {taskinstance.py:1376} INFO - 
--------------------------------------------------------------------------------
[2022-10-22 04:09:32,579] {taskinstance.py:1377} INFO - Starting attempt 1 of 2
[2022-10-22 04:09:32,579] {taskinstance.py:1378} INFO - 
--------------------------------------------------------------------------------
[2022-10-22 04:09:32,587] {taskinstance.py:1397} INFO - Executing <Task(PythonOperator): checking_raw_data_schema> on 2022-10-21 00:00:00+00:00
[2022-10-22 04:09:32,591] {standard_task_runner.py:52} INFO - Started process 2061 to run task
[2022-10-22 04:09:32,598] {standard_task_runner.py:79} INFO - Running: ['airflow', 'tasks', 'run', 'Lead_Scoring_Data_Engineering_Pipeline', 'checking_raw_data_schema', 'scheduled__2022-10-21T00:00:00+00:00', '--job-id', '156', '--raw', '--subdir', 'DAGS_FOLDER/Lead_scoring_data_pipeline/.ipynb_checkpoints/lead_scoring_data_pipeline-checkpoint.py', '--cfg-path', '/tmp/tmp3p3bi6zs', '--error-file', '/tmp/tmp_fxf4usa']
[2022-10-22 04:09:32,599] {standard_task_runner.py:80} INFO - Job 156: Subtask checking_raw_data_schema
[2022-10-22 04:09:32,630] {task_command.py:371} INFO - Running <TaskInstance: Lead_Scoring_Data_Engineering_Pipeline.checking_raw_data_schema scheduled__2022-10-21T00:00:00+00:00 [running]> on host cd271ac689b8
[2022-10-22 04:09:32,677] {taskinstance.py:1589} INFO - Exporting the following env vars:
AIRFLOW_CTX_DAG_OWNER=airflow
AIRFLOW_CTX_DAG_ID=Lead_Scoring_Data_Engineering_Pipeline
AIRFLOW_CTX_TASK_ID=checking_raw_data_schema
AIRFLOW_CTX_EXECUTION_DATE=2022-10-21T00:00:00+00:00
AIRFLOW_CTX_TRY_NUMBER=1
AIRFLOW_CTX_DAG_RUN_ID=scheduled__2022-10-21T00:00:00+00:00
[2022-10-22 04:09:33,252] {logging_mixin.py:115} INFO - Raw datas schema is in line with the schema present in schema.py
[2022-10-22 04:09:33,260] {python.py:173} INFO - Done. Returned value was: None
[2022-10-22 04:09:33,266] {taskinstance.py:1415} INFO - Marking task as SUCCESS. dag_id=Lead_Scoring_Data_Engineering_Pipeline, task_id=checking_raw_data_schema, execution_date=20221021T000000, start_date=20221022T040932, end_date=20221022T040933
[2022-10-22 04:09:33,287] {local_task_job.py:156} INFO - Task exited with return code 0
[2022-10-22 04:09:33,317] {local_task_job.py:273} INFO - 1 downstream tasks scheduled from follow-on schedule check
