[2022-10-24 12:01:10,222] {taskinstance.py:1179} INFO - Dependencies all met for <TaskInstance: Lead_scoring_inference_pipeline.checking_model_prediction_ratio scheduled__2022-10-24T11:00:00+00:00 [queued]>
[2022-10-24 12:01:10,227] {taskinstance.py:1179} INFO - Dependencies all met for <TaskInstance: Lead_scoring_inference_pipeline.checking_model_prediction_ratio scheduled__2022-10-24T11:00:00+00:00 [queued]>
[2022-10-24 12:01:10,228] {taskinstance.py:1376} INFO - 
--------------------------------------------------------------------------------
[2022-10-24 12:01:10,228] {taskinstance.py:1377} INFO - Starting attempt 1 of 2
[2022-10-24 12:01:10,228] {taskinstance.py:1378} INFO - 
--------------------------------------------------------------------------------
[2022-10-24 12:01:10,235] {taskinstance.py:1397} INFO - Executing <Task(PythonOperator): checking_model_prediction_ratio> on 2022-10-24 11:00:00+00:00
[2022-10-24 12:01:10,242] {standard_task_runner.py:52} INFO - Started process 3791 to run task
[2022-10-24 12:01:10,248] {standard_task_runner.py:79} INFO - Running: ['airflow', 'tasks', 'run', 'Lead_scoring_inference_pipeline', 'checking_model_prediction_ratio', 'scheduled__2022-10-24T11:00:00+00:00', '--job-id', '257', '--raw', '--subdir', 'DAGS_FOLDER/Lead_scoring_inference_pipeline/.ipynb_checkpoints/lead_scoring_inference_pipeline-checkpoint.py', '--cfg-path', '/tmp/tmpm9dj6396', '--error-file', '/tmp/tmp_5qzw3s2']
[2022-10-24 12:01:10,249] {standard_task_runner.py:80} INFO - Job 257: Subtask checking_model_prediction_ratio
[2022-10-24 12:01:10,291] {task_command.py:371} INFO - Running <TaskInstance: Lead_scoring_inference_pipeline.checking_model_prediction_ratio scheduled__2022-10-24T11:00:00+00:00 [running]> on host 2d7632d022aa
[2022-10-24 12:01:10,339] {taskinstance.py:1589} INFO - Exporting the following env vars:
AIRFLOW_CTX_DAG_OWNER=airflow
AIRFLOW_CTX_DAG_ID=Lead_scoring_inference_pipeline
AIRFLOW_CTX_TASK_ID=checking_model_prediction_ratio
AIRFLOW_CTX_EXECUTION_DATE=2022-10-24T11:00:00+00:00
AIRFLOW_CTX_TRY_NUMBER=1
AIRFLOW_CTX_DAG_RUN_ID=scheduled__2022-10-24T11:00:00+00:00
[2022-10-24 12:01:10,607] {logging_mixin.py:115} INFO - Data has been extracted successfully from lead_scoring_model_experimentation.
[2022-10-24 12:01:10,619] {logging_mixin.py:115} INFO - Output file has been generated successfully /home/Assignment/03_inference_pipeline/scripts/prediction_distribution_20221024120110.txt
[2022-10-24 12:01:10,619] {python.py:173} INFO - Done. Returned value was: None
[2022-10-24 12:01:10,624] {taskinstance.py:1415} INFO - Marking task as SUCCESS. dag_id=Lead_scoring_inference_pipeline, task_id=checking_model_prediction_ratio, execution_date=20221024T110000, start_date=20221024T120110, end_date=20221024T120110
[2022-10-24 12:01:10,656] {local_task_job.py:156} INFO - Task exited with return code 0
[2022-10-24 12:01:10,678] {local_task_job.py:273} INFO - 0 downstream tasks scheduled from follow-on schedule check
