[2022-10-21 19:06:42,087] {taskinstance.py:1179} INFO - Dependencies all met for <TaskInstance: Lead_Scoring_Data_Engineering_Pipeline.checking_raw_data_schema manual__2022-10-21T19:06:37.907242+00:00 [queued]>
[2022-10-21 19:06:42,092] {taskinstance.py:1179} INFO - Dependencies all met for <TaskInstance: Lead_Scoring_Data_Engineering_Pipeline.checking_raw_data_schema manual__2022-10-21T19:06:37.907242+00:00 [queued]>
[2022-10-21 19:06:42,092] {taskinstance.py:1376} INFO - 
--------------------------------------------------------------------------------
[2022-10-21 19:06:42,092] {taskinstance.py:1377} INFO - Starting attempt 1 of 2
[2022-10-21 19:06:42,092] {taskinstance.py:1378} INFO - 
--------------------------------------------------------------------------------
[2022-10-21 19:06:42,101] {taskinstance.py:1397} INFO - Executing <Task(PythonOperator): checking_raw_data_schema> on 2022-10-21 19:06:37.907242+00:00
[2022-10-21 19:06:42,105] {standard_task_runner.py:52} INFO - Started process 1467 to run task
[2022-10-21 19:06:42,111] {standard_task_runner.py:79} INFO - Running: ['airflow', 'tasks', 'run', 'Lead_Scoring_Data_Engineering_Pipeline', 'checking_raw_data_schema', 'manual__2022-10-21T19:06:37.907242+00:00', '--job-id', '111', '--raw', '--subdir', 'DAGS_FOLDER/Lead_scoring_data_pipeline/.ipynb_checkpoints/lead_scoring_data_pipeline-checkpoint.py', '--cfg-path', '/tmp/tmph6o7eq15', '--error-file', '/tmp/tmp_1ov4jfc']
[2022-10-21 19:06:42,112] {standard_task_runner.py:80} INFO - Job 111: Subtask checking_raw_data_schema
[2022-10-21 19:06:42,144] {task_command.py:371} INFO - Running <TaskInstance: Lead_Scoring_Data_Engineering_Pipeline.checking_raw_data_schema manual__2022-10-21T19:06:37.907242+00:00 [running]> on host 50ef1aee5f67
[2022-10-21 19:06:42,194] {taskinstance.py:1589} INFO - Exporting the following env vars:
AIRFLOW_CTX_DAG_OWNER=airflow
AIRFLOW_CTX_DAG_ID=Lead_Scoring_Data_Engineering_Pipeline
AIRFLOW_CTX_TASK_ID=checking_raw_data_schema
AIRFLOW_CTX_EXECUTION_DATE=2022-10-21T19:06:37.907242+00:00
AIRFLOW_CTX_TRY_NUMBER=1
AIRFLOW_CTX_DAG_RUN_ID=manual__2022-10-21T19:06:37.907242+00:00
[2022-10-21 19:06:42,796] {logging_mixin.py:115} INFO - Raw datas schema is in line with the schema present in schema.py
[2022-10-21 19:06:42,806] {python.py:173} INFO - Done. Returned value was: None
[2022-10-21 19:06:42,812] {taskinstance.py:1415} INFO - Marking task as SUCCESS. dag_id=Lead_Scoring_Data_Engineering_Pipeline, task_id=checking_raw_data_schema, execution_date=20221021T190637, start_date=20221021T190642, end_date=20221021T190642
[2022-10-21 19:06:42,841] {local_task_job.py:156} INFO - Task exited with return code 0
[2022-10-21 19:06:42,871] {local_task_job.py:273} INFO - 1 downstream tasks scheduled from follow-on schedule check
