[2022-10-24 12:00:08,848] {taskinstance.py:1179} INFO - Dependencies all met for <TaskInstance: Lead_scoring_inference_pipeline.encoding_categorical_variables scheduled__2022-10-24T10:00:00+00:00 [queued]>
[2022-10-24 12:00:08,853] {taskinstance.py:1179} INFO - Dependencies all met for <TaskInstance: Lead_scoring_inference_pipeline.encoding_categorical_variables scheduled__2022-10-24T10:00:00+00:00 [queued]>
[2022-10-24 12:00:08,853] {taskinstance.py:1376} INFO - 
--------------------------------------------------------------------------------
[2022-10-24 12:00:08,853] {taskinstance.py:1377} INFO - Starting attempt 1 of 2
[2022-10-24 12:00:08,853] {taskinstance.py:1378} INFO - 
--------------------------------------------------------------------------------
[2022-10-24 12:00:08,861] {taskinstance.py:1397} INFO - Executing <Task(PythonOperator): encoding_categorical_variables> on 2022-10-24 10:00:00+00:00
[2022-10-24 12:00:08,868] {standard_task_runner.py:52} INFO - Started process 3566 to run task
[2022-10-24 12:00:08,873] {standard_task_runner.py:79} INFO - Running: ['airflow', 'tasks', 'run', 'Lead_scoring_inference_pipeline', 'encoding_categorical_variables', 'scheduled__2022-10-24T10:00:00+00:00', '--job-id', '246', '--raw', '--subdir', 'DAGS_FOLDER/Lead_scoring_inference_pipeline/.ipynb_checkpoints/lead_scoring_inference_pipeline-checkpoint.py', '--cfg-path', '/tmp/tmpcjyig6h2', '--error-file', '/tmp/tmpzzzqq9lm']
[2022-10-24 12:00:08,874] {standard_task_runner.py:80} INFO - Job 246: Subtask encoding_categorical_variables
[2022-10-24 12:00:08,916] {task_command.py:371} INFO - Running <TaskInstance: Lead_scoring_inference_pipeline.encoding_categorical_variables scheduled__2022-10-24T10:00:00+00:00 [running]> on host 2d7632d022aa
[2022-10-24 12:00:08,965] {taskinstance.py:1589} INFO - Exporting the following env vars:
AIRFLOW_CTX_DAG_OWNER=airflow
AIRFLOW_CTX_DAG_ID=Lead_scoring_inference_pipeline
AIRFLOW_CTX_TASK_ID=encoding_categorical_variables
AIRFLOW_CTX_EXECUTION_DATE=2022-10-24T10:00:00+00:00
AIRFLOW_CTX_TRY_NUMBER=1
AIRFLOW_CTX_DAG_RUN_ID=scheduled__2022-10-24T10:00:00+00:00
[2022-10-24 12:00:10,141] {logging_mixin.py:115} INFO - Data has been extracted successfully from lead_scoring_model_experimentation.
[2022-10-24 12:00:11,195] {logging_mixin.py:115} INFO - input_data has been saved successfully to table features
[2022-10-24 12:00:11,231] {python.py:173} INFO - Done. Returned value was: None
[2022-10-24 12:00:11,236] {taskinstance.py:1415} INFO - Marking task as SUCCESS. dag_id=Lead_scoring_inference_pipeline, task_id=encoding_categorical_variables, execution_date=20221024T100000, start_date=20221024T120008, end_date=20221024T120011
[2022-10-24 12:00:11,290] {local_task_job.py:156} INFO - Task exited with return code 0
[2022-10-24 12:00:11,327] {local_task_job.py:273} INFO - 1 downstream tasks scheduled from follow-on schedule check
