[2022-10-21 18:00:22,506] {taskinstance.py:1179} INFO - Dependencies all met for <TaskInstance: Lead_scoring_inference_pipeline.checking_model_prediction_ratio scheduled__2022-10-21T17:00:00+00:00 [queued]>
[2022-10-21 18:00:22,511] {taskinstance.py:1179} INFO - Dependencies all met for <TaskInstance: Lead_scoring_inference_pipeline.checking_model_prediction_ratio scheduled__2022-10-21T17:00:00+00:00 [queued]>
[2022-10-21 18:00:22,511] {taskinstance.py:1376} INFO - 
--------------------------------------------------------------------------------
[2022-10-21 18:00:22,512] {taskinstance.py:1377} INFO - Starting attempt 1 of 2
[2022-10-21 18:00:22,512] {taskinstance.py:1378} INFO - 
--------------------------------------------------------------------------------
[2022-10-21 18:00:22,522] {taskinstance.py:1397} INFO - Executing <Task(PythonOperator): checking_model_prediction_ratio> on 2022-10-21 17:00:00+00:00
[2022-10-21 18:00:22,530] {standard_task_runner.py:52} INFO - Started process 13722 to run task
[2022-10-21 18:00:22,536] {standard_task_runner.py:79} INFO - Running: ['airflow', 'tasks', 'run', 'Lead_scoring_inference_pipeline', 'checking_model_prediction_ratio', 'scheduled__2022-10-21T17:00:00+00:00', '--job-id', '104', '--raw', '--subdir', 'DAGS_FOLDER/Lead_scoring_inference_pipeline/.ipynb_checkpoints/lead_scoring_inference_pipeline-checkpoint.py', '--cfg-path', '/tmp/tmpbndb9hx7', '--error-file', '/tmp/tmp8eafq0n3']
[2022-10-21 18:00:22,537] {standard_task_runner.py:80} INFO - Job 104: Subtask checking_model_prediction_ratio
[2022-10-21 18:00:22,586] {task_command.py:371} INFO - Running <TaskInstance: Lead_scoring_inference_pipeline.checking_model_prediction_ratio scheduled__2022-10-21T17:00:00+00:00 [running]> on host 2e24bcea55eb
[2022-10-21 18:00:22,633] {taskinstance.py:1589} INFO - Exporting the following env vars:
AIRFLOW_CTX_DAG_OWNER=airflow
AIRFLOW_CTX_DAG_ID=Lead_scoring_inference_pipeline
AIRFLOW_CTX_TASK_ID=checking_model_prediction_ratio
AIRFLOW_CTX_EXECUTION_DATE=2022-10-21T17:00:00+00:00
AIRFLOW_CTX_TRY_NUMBER=1
AIRFLOW_CTX_DAG_RUN_ID=scheduled__2022-10-21T17:00:00+00:00
[2022-10-21 18:00:22,902] {logging_mixin.py:115} INFO - Data has been extracted successfully from lead_scoring_model_experimentation.
[2022-10-21 18:00:22,913] {logging_mixin.py:115} INFO - Output file has been generated successfully /home/Assignment/03_inference_pipeline/scripts/prediction_distribution_20221021180022.txt
[2022-10-21 18:00:22,913] {python.py:173} INFO - Done. Returned value was: None
[2022-10-21 18:00:22,918] {taskinstance.py:1415} INFO - Marking task as SUCCESS. dag_id=Lead_scoring_inference_pipeline, task_id=checking_model_prediction_ratio, execution_date=20221021T170000, start_date=20221021T180022, end_date=20221021T180022
[2022-10-21 18:00:22,944] {local_task_job.py:156} INFO - Task exited with return code 0
[2022-10-21 18:00:22,966] {local_task_job.py:273} INFO - 0 downstream tasks scheduled from follow-on schedule check
