[2022-10-24 12:27:02,312] {taskinstance.py:1179} INFO - Dependencies all met for <TaskInstance: Lead_scoring_inference_pipeline.generating_models_prediction manual__2022-10-24T12:26:46.110343+00:00 [queued]>
[2022-10-24 12:27:02,317] {taskinstance.py:1179} INFO - Dependencies all met for <TaskInstance: Lead_scoring_inference_pipeline.generating_models_prediction manual__2022-10-24T12:26:46.110343+00:00 [queued]>
[2022-10-24 12:27:02,318] {taskinstance.py:1376} INFO - 
--------------------------------------------------------------------------------
[2022-10-24 12:27:02,318] {taskinstance.py:1377} INFO - Starting attempt 1 of 2
[2022-10-24 12:27:02,318] {taskinstance.py:1378} INFO - 
--------------------------------------------------------------------------------
[2022-10-24 12:27:02,326] {taskinstance.py:1397} INFO - Executing <Task(PythonOperator): generating_models_prediction> on 2022-10-24 12:26:46.110343+00:00
[2022-10-24 12:27:02,333] {standard_task_runner.py:52} INFO - Started process 7041 to run task
[2022-10-24 12:27:02,338] {standard_task_runner.py:79} INFO - Running: ['airflow', 'tasks', 'run', 'Lead_scoring_inference_pipeline', 'generating_models_prediction', 'manual__2022-10-24T12:26:46.110343+00:00', '--job-id', '266', '--raw', '--subdir', 'DAGS_FOLDER/Lead_scoring_inference_pipeline/.ipynb_checkpoints/lead_scoring_inference_pipeline-checkpoint.py', '--cfg-path', '/tmp/tmp9iuikhl9', '--error-file', '/tmp/tmpnpkaszwh']
[2022-10-24 12:27:02,338] {standard_task_runner.py:80} INFO - Job 266: Subtask generating_models_prediction
[2022-10-24 12:27:02,380] {task_command.py:371} INFO - Running <TaskInstance: Lead_scoring_inference_pipeline.generating_models_prediction manual__2022-10-24T12:26:46.110343+00:00 [running]> on host 2d7632d022aa
[2022-10-24 12:27:02,429] {taskinstance.py:1589} INFO - Exporting the following env vars:
AIRFLOW_CTX_DAG_OWNER=airflow
AIRFLOW_CTX_DAG_ID=Lead_scoring_inference_pipeline
AIRFLOW_CTX_TASK_ID=generating_models_prediction
AIRFLOW_CTX_EXECUTION_DATE=2022-10-24T12:26:46.110343+00:00
AIRFLOW_CTX_TRY_NUMBER=1
AIRFLOW_CTX_DAG_RUN_ID=manual__2022-10-24T12:26:46.110343+00:00
[2022-10-24 12:27:03,564] {logging_mixin.py:115} INFO - Data has been extracted successfully from table features
[2022-10-24 12:27:04,807] {logging_mixin.py:115} INFO - [1 0 0 ... 1 1 1]
[2022-10-24 12:27:05,205] {logging_mixin.py:115} INFO - input_data has been saved successfully to table predicted_output
[2022-10-24 12:27:05,206] {python.py:173} INFO - Done. Returned value was: Predictions are completed, saved the results into predicted_output table.
[2022-10-24 12:27:05,220] {taskinstance.py:1415} INFO - Marking task as SUCCESS. dag_id=Lead_scoring_inference_pipeline, task_id=generating_models_prediction, execution_date=20221024T122646, start_date=20221024T122702, end_date=20221024T122705
[2022-10-24 12:27:05,278] {local_task_job.py:156} INFO - Task exited with return code 0
[2022-10-24 12:27:05,310] {local_task_job.py:273} INFO - 1 downstream tasks scheduled from follow-on schedule check
