[2022-10-21 08:00:22,549] {taskinstance.py:1179} INFO - Dependencies all met for <TaskInstance: Lead_Scoring_Data_Engineering_Pipeline.mapping_city_tier manual__2022-10-21T08:00:07.553956+00:00 [queued]>
[2022-10-21 08:00:22,554] {taskinstance.py:1179} INFO - Dependencies all met for <TaskInstance: Lead_Scoring_Data_Engineering_Pipeline.mapping_city_tier manual__2022-10-21T08:00:07.553956+00:00 [queued]>
[2022-10-21 08:00:22,554] {taskinstance.py:1376} INFO - 
--------------------------------------------------------------------------------
[2022-10-21 08:00:22,554] {taskinstance.py:1377} INFO - Starting attempt 1 of 2
[2022-10-21 08:00:22,554] {taskinstance.py:1378} INFO - 
--------------------------------------------------------------------------------
[2022-10-21 08:00:22,562] {taskinstance.py:1397} INFO - Executing <Task(PythonOperator): mapping_city_tier> on 2022-10-21 08:00:07.553956+00:00
[2022-10-21 08:00:22,565] {standard_task_runner.py:52} INFO - Started process 4257 to run task
[2022-10-21 08:00:22,572] {standard_task_runner.py:79} INFO - Running: ['airflow', 'tasks', 'run', 'Lead_Scoring_Data_Engineering_Pipeline', 'mapping_city_tier', 'manual__2022-10-21T08:00:07.553956+00:00', '--job-id', '15', '--raw', '--subdir', 'DAGS_FOLDER/Lead_scoring_data_pipeline/.ipynb_checkpoints/lead_scoring_data_pipeline-checkpoint.py', '--cfg-path', '/tmp/tmpxrazev6m', '--error-file', '/tmp/tmpvdc2ti4_']
[2022-10-21 08:00:22,574] {standard_task_runner.py:80} INFO - Job 15: Subtask mapping_city_tier
[2022-10-21 08:00:22,615] {task_command.py:371} INFO - Running <TaskInstance: Lead_Scoring_Data_Engineering_Pipeline.mapping_city_tier manual__2022-10-21T08:00:07.553956+00:00 [running]> on host 53fb9ec0a08c
[2022-10-21 08:00:22,661] {taskinstance.py:1589} INFO - Exporting the following env vars:
AIRFLOW_CTX_DAG_OWNER=airflow
AIRFLOW_CTX_DAG_ID=Lead_Scoring_Data_Engineering_Pipeline
AIRFLOW_CTX_TASK_ID=mapping_city_tier
AIRFLOW_CTX_EXECUTION_DATE=2022-10-21T08:00:07.553956+00:00
AIRFLOW_CTX_TRY_NUMBER=1
AIRFLOW_CTX_DAG_RUN_ID=manual__2022-10-21T08:00:07.553956+00:00
[2022-10-21 08:00:31,057] {python.py:173} INFO - Done. Returned value was: Writing to DataBase city_tier_mapped Done or Data Already was in Table. Check Logs.
[2022-10-21 08:00:31,068] {taskinstance.py:1415} INFO - Marking task as SUCCESS. dag_id=Lead_Scoring_Data_Engineering_Pipeline, task_id=mapping_city_tier, execution_date=20221021T080007, start_date=20221021T080022, end_date=20221021T080031
[2022-10-21 08:00:31,089] {local_task_job.py:156} INFO - Task exited with return code 0
[2022-10-21 08:00:31,118] {local_task_job.py:273} INFO - 1 downstream tasks scheduled from follow-on schedule check
