[2022-10-21 08:00:44,446] {taskinstance.py:1179} INFO - Dependencies all met for <TaskInstance: Lead_Scoring_Data_Engineering_Pipeline.mapping_interactions manual__2022-10-21T08:00:07.553956+00:00 [queued]>
[2022-10-21 08:00:44,451] {taskinstance.py:1179} INFO - Dependencies all met for <TaskInstance: Lead_Scoring_Data_Engineering_Pipeline.mapping_interactions manual__2022-10-21T08:00:07.553956+00:00 [queued]>
[2022-10-21 08:00:44,451] {taskinstance.py:1376} INFO - 
--------------------------------------------------------------------------------
[2022-10-21 08:00:44,451] {taskinstance.py:1377} INFO - Starting attempt 1 of 2
[2022-10-21 08:00:44,451] {taskinstance.py:1378} INFO - 
--------------------------------------------------------------------------------
[2022-10-21 08:00:44,458] {taskinstance.py:1397} INFO - Executing <Task(PythonOperator): mapping_interactions> on 2022-10-21 08:00:07.553956+00:00
[2022-10-21 08:00:44,462] {standard_task_runner.py:52} INFO - Started process 4293 to run task
[2022-10-21 08:00:44,469] {standard_task_runner.py:79} INFO - Running: ['airflow', 'tasks', 'run', 'Lead_Scoring_Data_Engineering_Pipeline', 'mapping_interactions', 'manual__2022-10-21T08:00:07.553956+00:00', '--job-id', '17', '--raw', '--subdir', 'DAGS_FOLDER/Lead_scoring_data_pipeline/.ipynb_checkpoints/lead_scoring_data_pipeline-checkpoint.py', '--cfg-path', '/tmp/tmpds6vbh67', '--error-file', '/tmp/tmphid5wxh6']
[2022-10-21 08:00:44,471] {standard_task_runner.py:80} INFO - Job 17: Subtask mapping_interactions
[2022-10-21 08:00:44,512] {task_command.py:371} INFO - Running <TaskInstance: Lead_Scoring_Data_Engineering_Pipeline.mapping_interactions manual__2022-10-21T08:00:07.553956+00:00 [running]> on host 53fb9ec0a08c
[2022-10-21 08:00:44,561] {taskinstance.py:1589} INFO - Exporting the following env vars:
AIRFLOW_CTX_DAG_OWNER=airflow
AIRFLOW_CTX_DAG_ID=Lead_Scoring_Data_Engineering_Pipeline
AIRFLOW_CTX_TASK_ID=mapping_interactions
AIRFLOW_CTX_EXECUTION_DATE=2022-10-21T08:00:07.553956+00:00
AIRFLOW_CTX_TRY_NUMBER=1
AIRFLOW_CTX_DAG_RUN_ID=manual__2022-10-21T08:00:07.553956+00:00
[2022-10-21 08:01:11,762] {python.py:173} INFO - Done. Returned value was: Writing to DataBase- interactions_mapped Done . Check Logs.
[2022-10-21 08:01:11,773] {taskinstance.py:1415} INFO - Marking task as SUCCESS. dag_id=Lead_Scoring_Data_Engineering_Pipeline, task_id=mapping_interactions, execution_date=20221021T080007, start_date=20221021T080044, end_date=20221021T080111
[2022-10-21 08:01:11,801] {local_task_job.py:156} INFO - Task exited with return code 0
[2022-10-21 08:01:11,824] {local_task_job.py:273} INFO - 1 downstream tasks scheduled from follow-on schedule check
