[2022-10-21 17:03:44,294] {taskinstance.py:1179} INFO - Dependencies all met for <TaskInstance: Lead_scoring_inference_pipeline.encoding_categorical_variables manual__2022-10-21T17:03:39.011508+00:00 [queued]>
[2022-10-21 17:03:44,300] {taskinstance.py:1179} INFO - Dependencies all met for <TaskInstance: Lead_scoring_inference_pipeline.encoding_categorical_variables manual__2022-10-21T17:03:39.011508+00:00 [queued]>
[2022-10-21 17:03:44,300] {taskinstance.py:1376} INFO - 
--------------------------------------------------------------------------------
[2022-10-21 17:03:44,300] {taskinstance.py:1377} INFO - Starting attempt 1 of 2
[2022-10-21 17:03:44,300] {taskinstance.py:1378} INFO - 
--------------------------------------------------------------------------------
[2022-10-21 17:03:44,309] {taskinstance.py:1397} INFO - Executing <Task(PythonOperator): encoding_categorical_variables> on 2022-10-21 17:03:39.011508+00:00
[2022-10-21 17:03:44,318] {standard_task_runner.py:52} INFO - Started process 7238 to run task
[2022-10-21 17:03:44,323] {standard_task_runner.py:79} INFO - Running: ['airflow', 'tasks', 'run', 'Lead_scoring_inference_pipeline', 'encoding_categorical_variables', 'manual__2022-10-21T17:03:39.011508+00:00', '--job-id', '86', '--raw', '--subdir', 'DAGS_FOLDER/Lead_scoring_inference_pipeline/.ipynb_checkpoints/lead_scoring_inference_pipeline-checkpoint.py', '--cfg-path', '/tmp/tmpiqx1osug', '--error-file', '/tmp/tmp2w1ocjwd']
[2022-10-21 17:03:44,323] {standard_task_runner.py:80} INFO - Job 86: Subtask encoding_categorical_variables
[2022-10-21 17:03:44,360] {task_command.py:371} INFO - Running <TaskInstance: Lead_scoring_inference_pipeline.encoding_categorical_variables manual__2022-10-21T17:03:39.011508+00:00 [running]> on host 2e24bcea55eb
[2022-10-21 17:03:44,406] {taskinstance.py:1589} INFO - Exporting the following env vars:
AIRFLOW_CTX_DAG_OWNER=airflow
AIRFLOW_CTX_DAG_ID=Lead_scoring_inference_pipeline
AIRFLOW_CTX_TASK_ID=encoding_categorical_variables
AIRFLOW_CTX_EXECUTION_DATE=2022-10-21T17:03:39.011508+00:00
AIRFLOW_CTX_TRY_NUMBER=1
AIRFLOW_CTX_DAG_RUN_ID=manual__2022-10-21T17:03:39.011508+00:00
[2022-10-21 17:03:45,712] {logging_mixin.py:115} INFO - Data has been extracted successfully from lead_scoring_model_experimentation.
[2022-10-21 17:03:46,870] {logging_mixin.py:115} INFO - input_data has been saved successfully to table features
[2022-10-21 17:03:46,917] {python.py:173} INFO - Done. Returned value was: None
[2022-10-21 17:03:46,923] {taskinstance.py:1415} INFO - Marking task as SUCCESS. dag_id=Lead_scoring_inference_pipeline, task_id=encoding_categorical_variables, execution_date=20221021T170339, start_date=20221021T170344, end_date=20221021T170346
[2022-10-21 17:03:46,978] {local_task_job.py:156} INFO - Task exited with return code 0
[2022-10-21 17:03:47,009] {local_task_job.py:273} INFO - 1 downstream tasks scheduled from follow-on schedule check
