[2022-10-21 19:21:18,205] {taskinstance.py:1179} INFO - Dependencies all met for <TaskInstance: Lead_scoring_inference_pipeline.checking_input_features manual__2022-10-21T19:21:05.891874+00:00 [queued]>
[2022-10-21 19:21:18,209] {taskinstance.py:1179} INFO - Dependencies all met for <TaskInstance: Lead_scoring_inference_pipeline.checking_input_features manual__2022-10-21T19:21:05.891874+00:00 [queued]>
[2022-10-21 19:21:18,209] {taskinstance.py:1376} INFO - 
--------------------------------------------------------------------------------
[2022-10-21 19:21:18,209] {taskinstance.py:1377} INFO - Starting attempt 1 of 2
[2022-10-21 19:21:18,209] {taskinstance.py:1378} INFO - 
--------------------------------------------------------------------------------
[2022-10-21 19:21:18,217] {taskinstance.py:1397} INFO - Executing <Task(PythonOperator): checking_input_features> on 2022-10-21 19:21:05.891874+00:00
[2022-10-21 19:21:18,225] {standard_task_runner.py:52} INFO - Started process 3360 to run task
[2022-10-21 19:21:18,232] {standard_task_runner.py:79} INFO - Running: ['airflow', 'tasks', 'run', 'Lead_scoring_inference_pipeline', 'checking_input_features', 'manual__2022-10-21T19:21:05.891874+00:00', '--job-id', '142', '--raw', '--subdir', 'DAGS_FOLDER/Lead_scoring_inference_pipeline/.ipynb_checkpoints/lead_scoring_inference_pipeline-checkpoint.py', '--cfg-path', '/tmp/tmpv0l6o8br', '--error-file', '/tmp/tmpt_6atx7b']
[2022-10-21 19:21:18,232] {standard_task_runner.py:80} INFO - Job 142: Subtask checking_input_features
[2022-10-21 19:21:18,273] {task_command.py:371} INFO - Running <TaskInstance: Lead_scoring_inference_pipeline.checking_input_features manual__2022-10-21T19:21:05.891874+00:00 [running]> on host 50ef1aee5f67
[2022-10-21 19:21:18,324] {taskinstance.py:1589} INFO - Exporting the following env vars:
AIRFLOW_CTX_DAG_OWNER=airflow
AIRFLOW_CTX_DAG_ID=Lead_scoring_inference_pipeline
AIRFLOW_CTX_TASK_ID=checking_input_features
AIRFLOW_CTX_EXECUTION_DATE=2022-10-21T19:21:05.891874+00:00
AIRFLOW_CTX_TRY_NUMBER=1
AIRFLOW_CTX_DAG_RUN_ID=manual__2022-10-21T19:21:05.891874+00:00
[2022-10-21 19:21:19,469] {logging_mixin.py:115} INFO - Data has been extracted successfully from lead_scoring_model_experimentation.
[2022-10-21 19:21:19,469] {logging_mixin.py:115} INFO - Some of the models inputs are missing
[2022-10-21 19:21:19,470] {python.py:173} INFO - Done. Returned value was: None
[2022-10-21 19:21:19,475] {taskinstance.py:1415} INFO - Marking task as SUCCESS. dag_id=Lead_scoring_inference_pipeline, task_id=checking_input_features, execution_date=20221021T192105, start_date=20221021T192118, end_date=20221021T192119
[2022-10-21 19:21:19,523] {local_task_job.py:156} INFO - Task exited with return code 0
[2022-10-21 19:21:19,554] {local_task_job.py:273} INFO - 1 downstream tasks scheduled from follow-on schedule check
