[2022-10-21 16:24:44,862] {taskinstance.py:1179} INFO - Dependencies all met for <TaskInstance: Lead_scoring_inference_pipeline.checking_input_features scheduled__2022-10-21T15:00:00+00:00 [queued]>
[2022-10-21 16:24:44,867] {taskinstance.py:1179} INFO - Dependencies all met for <TaskInstance: Lead_scoring_inference_pipeline.checking_input_features scheduled__2022-10-21T15:00:00+00:00 [queued]>
[2022-10-21 16:24:44,867] {taskinstance.py:1376} INFO - 
--------------------------------------------------------------------------------
[2022-10-21 16:24:44,867] {taskinstance.py:1377} INFO - Starting attempt 1 of 2
[2022-10-21 16:24:44,867] {taskinstance.py:1378} INFO - 
--------------------------------------------------------------------------------
[2022-10-21 16:24:44,875] {taskinstance.py:1397} INFO - Executing <Task(PythonOperator): checking_input_features> on 2022-10-21 15:00:00+00:00
[2022-10-21 16:24:44,883] {standard_task_runner.py:52} INFO - Started process 2307 to run task
[2022-10-21 16:24:44,889] {standard_task_runner.py:79} INFO - Running: ['airflow', 'tasks', 'run', 'Lead_scoring_inference_pipeline', 'checking_input_features', 'scheduled__2022-10-21T15:00:00+00:00', '--job-id', '49', '--raw', '--subdir', 'DAGS_FOLDER/Lead_scoring_inference_pipeline/lead_scoring_inference_pipeline.py', '--cfg-path', '/tmp/tmphx8sxj5d', '--error-file', '/tmp/tmpj1qmgf2o']
[2022-10-21 16:24:44,889] {standard_task_runner.py:80} INFO - Job 49: Subtask checking_input_features
[2022-10-21 16:24:44,931] {task_command.py:371} INFO - Running <TaskInstance: Lead_scoring_inference_pipeline.checking_input_features scheduled__2022-10-21T15:00:00+00:00 [running]> on host 2e24bcea55eb
[2022-10-21 16:24:44,982] {taskinstance.py:1589} INFO - Exporting the following env vars:
AIRFLOW_CTX_DAG_OWNER=airflow
AIRFLOW_CTX_DAG_ID=Lead_scoring_inference_pipeline
AIRFLOW_CTX_TASK_ID=checking_input_features
AIRFLOW_CTX_EXECUTION_DATE=2022-10-21T15:00:00+00:00
AIRFLOW_CTX_TRY_NUMBER=1
AIRFLOW_CTX_DAG_RUN_ID=scheduled__2022-10-21T15:00:00+00:00
[2022-10-21 16:24:46,162] {logging_mixin.py:115} INFO - Data has been extracted successfully from lead_scoring_model_experimentation.
[2022-10-21 16:24:46,162] {logging_mixin.py:115} INFO - Some of the models inputs are missing
[2022-10-21 16:24:46,162] {python.py:173} INFO - Done. Returned value was: None
[2022-10-21 16:24:46,168] {taskinstance.py:1415} INFO - Marking task as SUCCESS. dag_id=Lead_scoring_inference_pipeline, task_id=checking_input_features, execution_date=20221021T150000, start_date=20221021T162444, end_date=20221021T162446
[2022-10-21 16:24:46,221] {local_task_job.py:156} INFO - Task exited with return code 0
[2022-10-21 16:24:46,249] {local_task_job.py:273} INFO - 1 downstream tasks scheduled from follow-on schedule check
