[2022-10-21 08:01:13,679] {taskinstance.py:1179} INFO - Dependencies all met for <TaskInstance: Lead_Scoring_Data_Engineering_Pipeline.checking_model_inputs_schema manual__2022-10-21T08:00:07.553956+00:00 [queued]>
[2022-10-21 08:01:13,684] {taskinstance.py:1179} INFO - Dependencies all met for <TaskInstance: Lead_Scoring_Data_Engineering_Pipeline.checking_model_inputs_schema manual__2022-10-21T08:00:07.553956+00:00 [queued]>
[2022-10-21 08:01:13,684] {taskinstance.py:1376} INFO - 
--------------------------------------------------------------------------------
[2022-10-21 08:01:13,684] {taskinstance.py:1377} INFO - Starting attempt 1 of 2
[2022-10-21 08:01:13,684] {taskinstance.py:1378} INFO - 
--------------------------------------------------------------------------------
[2022-10-21 08:01:13,692] {taskinstance.py:1397} INFO - Executing <Task(PythonOperator): checking_model_inputs_schema> on 2022-10-21 08:00:07.553956+00:00
[2022-10-21 08:01:13,695] {standard_task_runner.py:52} INFO - Started process 4311 to run task
[2022-10-21 08:01:13,701] {standard_task_runner.py:79} INFO - Running: ['airflow', 'tasks', 'run', 'Lead_Scoring_Data_Engineering_Pipeline', 'checking_model_inputs_schema', 'manual__2022-10-21T08:00:07.553956+00:00', '--job-id', '18', '--raw', '--subdir', 'DAGS_FOLDER/Lead_scoring_data_pipeline/.ipynb_checkpoints/lead_scoring_data_pipeline-checkpoint.py', '--cfg-path', '/tmp/tmp00943p19', '--error-file', '/tmp/tmpj8iil2ej']
[2022-10-21 08:01:13,702] {standard_task_runner.py:80} INFO - Job 18: Subtask checking_model_inputs_schema
[2022-10-21 08:01:13,733] {task_command.py:371} INFO - Running <TaskInstance: Lead_Scoring_Data_Engineering_Pipeline.checking_model_inputs_schema manual__2022-10-21T08:00:07.553956+00:00 [running]> on host 53fb9ec0a08c
[2022-10-21 08:01:13,768] {taskinstance.py:1589} INFO - Exporting the following env vars:
AIRFLOW_CTX_DAG_OWNER=airflow
AIRFLOW_CTX_DAG_ID=Lead_Scoring_Data_Engineering_Pipeline
AIRFLOW_CTX_TASK_ID=checking_model_inputs_schema
AIRFLOW_CTX_EXECUTION_DATE=2022-10-21T08:00:07.553956+00:00
AIRFLOW_CTX_TRY_NUMBER=1
AIRFLOW_CTX_DAG_RUN_ID=manual__2022-10-21T08:00:07.553956+00:00
[2022-10-21 08:01:14,917] {logging_mixin.py:115} INFO - Models input schema is in line with the schema present in schema.py
[2022-10-21 08:01:14,945] {python.py:173} INFO - Done. Returned value was: None
[2022-10-21 08:01:14,951] {taskinstance.py:1415} INFO - Marking task as SUCCESS. dag_id=Lead_Scoring_Data_Engineering_Pipeline, task_id=checking_model_inputs_schema, execution_date=20221021T080007, start_date=20221021T080113, end_date=20221021T080114
[2022-10-21 08:01:14,994] {local_task_job.py:156} INFO - Task exited with return code 0
[2022-10-21 08:01:15,017] {local_task_job.py:273} INFO - 0 downstream tasks scheduled from follow-on schedule check
