[2022-10-22 05:57:11,235] {taskinstance.py:1179} INFO - Dependencies all met for <TaskInstance: Lead_Scoring_Data_Engineering_Pipeline.loading_data manual__2022-10-22T05:57:04.360549+00:00 [queued]>
[2022-10-22 05:57:11,242] {taskinstance.py:1179} INFO - Dependencies all met for <TaskInstance: Lead_Scoring_Data_Engineering_Pipeline.loading_data manual__2022-10-22T05:57:04.360549+00:00 [queued]>
[2022-10-22 05:57:11,242] {taskinstance.py:1376} INFO - 
--------------------------------------------------------------------------------
[2022-10-22 05:57:11,242] {taskinstance.py:1377} INFO - Starting attempt 1 of 2
[2022-10-22 05:57:11,242] {taskinstance.py:1378} INFO - 
--------------------------------------------------------------------------------
[2022-10-22 05:57:11,254] {taskinstance.py:1397} INFO - Executing <Task(PythonOperator): loading_data> on 2022-10-22 05:57:04.360549+00:00
[2022-10-22 05:57:11,261] {standard_task_runner.py:52} INFO - Started process 14495 to run task
[2022-10-22 05:57:11,267] {standard_task_runner.py:79} INFO - Running: ['airflow', 'tasks', 'run', 'Lead_Scoring_Data_Engineering_Pipeline', 'loading_data', 'manual__2022-10-22T05:57:04.360549+00:00', '--job-id', '182', '--raw', '--subdir', 'DAGS_FOLDER/Lead_scoring_data_pipeline/.ipynb_checkpoints/lead_scoring_data_pipeline-checkpoint.py', '--cfg-path', '/tmp/tmp8bgb6r2p', '--error-file', '/tmp/tmpp9zhnz2k']
[2022-10-22 05:57:11,268] {standard_task_runner.py:80} INFO - Job 182: Subtask loading_data
[2022-10-22 05:57:11,306] {task_command.py:371} INFO - Running <TaskInstance: Lead_Scoring_Data_Engineering_Pipeline.loading_data manual__2022-10-22T05:57:04.360549+00:00 [running]> on host cd271ac689b8
[2022-10-22 05:57:11,360] {taskinstance.py:1589} INFO - Exporting the following env vars:
AIRFLOW_CTX_DAG_OWNER=airflow
AIRFLOW_CTX_DAG_ID=Lead_Scoring_Data_Engineering_Pipeline
AIRFLOW_CTX_TASK_ID=loading_data
AIRFLOW_CTX_EXECUTION_DATE=2022-10-22T05:57:04.360549+00:00
AIRFLOW_CTX_TRY_NUMBER=1
AIRFLOW_CTX_DAG_RUN_ID=manual__2022-10-22T05:57:04.360549+00:00
[2022-10-22 05:57:16,742] {python.py:173} INFO - Done. Returned value was: Writing to DataBase loaded_data Done or Data Already was in Table. Check Logs.
[2022-10-22 05:57:16,762] {taskinstance.py:1415} INFO - Marking task as SUCCESS. dag_id=Lead_Scoring_Data_Engineering_Pipeline, task_id=loading_data, execution_date=20221022T055704, start_date=20221022T055711, end_date=20221022T055716
[2022-10-22 05:57:16,814] {local_task_job.py:156} INFO - Task exited with return code 0
[2022-10-22 05:57:16,842] {local_task_job.py:273} INFO - 1 downstream tasks scheduled from follow-on schedule check
