[2022-10-24 09:51:16,308] {taskinstance.py:1179} INFO - Dependencies all met for <TaskInstance: Lead_Scoring_Data_Engineering_Pipeline.loading_data manual__2022-10-24T09:51:08.740317+00:00 [queued]>
[2022-10-24 09:51:16,312] {taskinstance.py:1179} INFO - Dependencies all met for <TaskInstance: Lead_Scoring_Data_Engineering_Pipeline.loading_data manual__2022-10-24T09:51:08.740317+00:00 [queued]>
[2022-10-24 09:51:16,313] {taskinstance.py:1376} INFO - 
--------------------------------------------------------------------------------
[2022-10-24 09:51:16,313] {taskinstance.py:1377} INFO - Starting attempt 1 of 2
[2022-10-24 09:51:16,313] {taskinstance.py:1378} INFO - 
--------------------------------------------------------------------------------
[2022-10-24 09:51:16,320] {taskinstance.py:1397} INFO - Executing <Task(PythonOperator): loading_data> on 2022-10-24 09:51:08.740317+00:00
[2022-10-24 09:51:16,324] {standard_task_runner.py:52} INFO - Started process 4360 to run task
[2022-10-24 09:51:16,331] {standard_task_runner.py:79} INFO - Running: ['airflow', 'tasks', 'run', 'Lead_Scoring_Data_Engineering_Pipeline', 'loading_data', 'manual__2022-10-24T09:51:08.740317+00:00', '--job-id', '239', '--raw', '--subdir', 'DAGS_FOLDER/Lead_scoring_data_pipeline/.ipynb_checkpoints/lead_scoring_data_pipeline-checkpoint.py', '--cfg-path', '/tmp/tmplpuy1eaa', '--error-file', '/tmp/tmpcmw8cbmp']
[2022-10-24 09:51:16,332] {standard_task_runner.py:80} INFO - Job 239: Subtask loading_data
[2022-10-24 09:51:16,374] {task_command.py:371} INFO - Running <TaskInstance: Lead_Scoring_Data_Engineering_Pipeline.loading_data manual__2022-10-24T09:51:08.740317+00:00 [running]> on host 0307537c0a24
[2022-10-24 09:51:16,421] {taskinstance.py:1589} INFO - Exporting the following env vars:
AIRFLOW_CTX_DAG_OWNER=airflow
AIRFLOW_CTX_DAG_ID=Lead_Scoring_Data_Engineering_Pipeline
AIRFLOW_CTX_TASK_ID=loading_data
AIRFLOW_CTX_EXECUTION_DATE=2022-10-24T09:51:08.740317+00:00
AIRFLOW_CTX_TRY_NUMBER=1
AIRFLOW_CTX_DAG_RUN_ID=manual__2022-10-24T09:51:08.740317+00:00
[2022-10-24 09:51:21,826] {python.py:173} INFO - Done. Returned value was: Data is Successfully Loaded into the Table-[loaded_data].
[2022-10-24 09:51:21,837] {taskinstance.py:1415} INFO - Marking task as SUCCESS. dag_id=Lead_Scoring_Data_Engineering_Pipeline, task_id=loading_data, execution_date=20221024T095108, start_date=20221024T095116, end_date=20221024T095121
[2022-10-24 09:51:21,877] {local_task_job.py:156} INFO - Task exited with return code 0
[2022-10-24 09:51:21,906] {local_task_job.py:273} INFO - 1 downstream tasks scheduled from follow-on schedule check
