[2022-10-24 09:51:23,766] {taskinstance.py:1179} INFO - Dependencies all met for <TaskInstance: Lead_Scoring_Data_Engineering_Pipeline.mapping_city_tier manual__2022-10-24T09:51:08.740317+00:00 [queued]>
[2022-10-24 09:51:23,770] {taskinstance.py:1179} INFO - Dependencies all met for <TaskInstance: Lead_Scoring_Data_Engineering_Pipeline.mapping_city_tier manual__2022-10-24T09:51:08.740317+00:00 [queued]>
[2022-10-24 09:51:23,771] {taskinstance.py:1376} INFO - 
--------------------------------------------------------------------------------
[2022-10-24 09:51:23,771] {taskinstance.py:1377} INFO - Starting attempt 1 of 2
[2022-10-24 09:51:23,771] {taskinstance.py:1378} INFO - 
--------------------------------------------------------------------------------
[2022-10-24 09:51:23,779] {taskinstance.py:1397} INFO - Executing <Task(PythonOperator): mapping_city_tier> on 2022-10-24 09:51:08.740317+00:00
[2022-10-24 09:51:23,783] {standard_task_runner.py:52} INFO - Started process 4378 to run task
[2022-10-24 09:51:23,786] {standard_task_runner.py:79} INFO - Running: ['airflow', 'tasks', 'run', 'Lead_Scoring_Data_Engineering_Pipeline', 'mapping_city_tier', 'manual__2022-10-24T09:51:08.740317+00:00', '--job-id', '240', '--raw', '--subdir', 'DAGS_FOLDER/Lead_scoring_data_pipeline/.ipynb_checkpoints/lead_scoring_data_pipeline-checkpoint.py', '--cfg-path', '/tmp/tmp2qip5syr', '--error-file', '/tmp/tmp6d0pz7i7']
[2022-10-24 09:51:23,787] {standard_task_runner.py:80} INFO - Job 240: Subtask mapping_city_tier
[2022-10-24 09:51:23,820] {task_command.py:371} INFO - Running <TaskInstance: Lead_Scoring_Data_Engineering_Pipeline.mapping_city_tier manual__2022-10-24T09:51:08.740317+00:00 [running]> on host 0307537c0a24
[2022-10-24 09:51:23,864] {taskinstance.py:1589} INFO - Exporting the following env vars:
AIRFLOW_CTX_DAG_OWNER=airflow
AIRFLOW_CTX_DAG_ID=Lead_Scoring_Data_Engineering_Pipeline
AIRFLOW_CTX_TASK_ID=mapping_city_tier
AIRFLOW_CTX_EXECUTION_DATE=2022-10-24T09:51:08.740317+00:00
AIRFLOW_CTX_TRY_NUMBER=1
AIRFLOW_CTX_DAG_RUN_ID=manual__2022-10-24T09:51:08.740317+00:00
[2022-10-24 09:51:32,248] {python.py:173} INFO - Done. Returned value was: city_tier mapping is completed on [loaded_data] table.
[2022-10-24 09:51:32,259] {taskinstance.py:1415} INFO - Marking task as SUCCESS. dag_id=Lead_Scoring_Data_Engineering_Pipeline, task_id=mapping_city_tier, execution_date=20221024T095108, start_date=20221024T095123, end_date=20221024T095132
[2022-10-24 09:51:32,306] {local_task_job.py:156} INFO - Task exited with return code 0
[2022-10-24 09:51:32,337] {local_task_job.py:273} INFO - 1 downstream tasks scheduled from follow-on schedule check
