[2022-10-22 05:57:18,753] {taskinstance.py:1179} INFO - Dependencies all met for <TaskInstance: Lead_Scoring_Data_Engineering_Pipeline.mapping_city_tier manual__2022-10-22T05:57:04.360549+00:00 [queued]>
[2022-10-22 05:57:18,760] {taskinstance.py:1179} INFO - Dependencies all met for <TaskInstance: Lead_Scoring_Data_Engineering_Pipeline.mapping_city_tier manual__2022-10-22T05:57:04.360549+00:00 [queued]>
[2022-10-22 05:57:18,760] {taskinstance.py:1376} INFO - 
--------------------------------------------------------------------------------
[2022-10-22 05:57:18,760] {taskinstance.py:1377} INFO - Starting attempt 1 of 2
[2022-10-22 05:57:18,760] {taskinstance.py:1378} INFO - 
--------------------------------------------------------------------------------
[2022-10-22 05:57:18,772] {taskinstance.py:1397} INFO - Executing <Task(PythonOperator): mapping_city_tier> on 2022-10-22 05:57:04.360549+00:00
[2022-10-22 05:57:18,780] {standard_task_runner.py:52} INFO - Started process 14513 to run task
[2022-10-22 05:57:18,785] {standard_task_runner.py:79} INFO - Running: ['airflow', 'tasks', 'run', 'Lead_Scoring_Data_Engineering_Pipeline', 'mapping_city_tier', 'manual__2022-10-22T05:57:04.360549+00:00', '--job-id', '183', '--raw', '--subdir', 'DAGS_FOLDER/Lead_scoring_data_pipeline/.ipynb_checkpoints/lead_scoring_data_pipeline-checkpoint.py', '--cfg-path', '/tmp/tmpq2iowu4p', '--error-file', '/tmp/tmp3tg0_uk8']
[2022-10-22 05:57:18,786] {standard_task_runner.py:80} INFO - Job 183: Subtask mapping_city_tier
[2022-10-22 05:57:18,828] {task_command.py:371} INFO - Running <TaskInstance: Lead_Scoring_Data_Engineering_Pipeline.mapping_city_tier manual__2022-10-22T05:57:04.360549+00:00 [running]> on host cd271ac689b8
[2022-10-22 05:57:18,886] {taskinstance.py:1589} INFO - Exporting the following env vars:
AIRFLOW_CTX_DAG_OWNER=airflow
AIRFLOW_CTX_DAG_ID=Lead_Scoring_Data_Engineering_Pipeline
AIRFLOW_CTX_TASK_ID=mapping_city_tier
AIRFLOW_CTX_EXECUTION_DATE=2022-10-22T05:57:04.360549+00:00
AIRFLOW_CTX_TRY_NUMBER=1
AIRFLOW_CTX_DAG_RUN_ID=manual__2022-10-22T05:57:04.360549+00:00
[2022-10-22 05:57:27,264] {python.py:173} INFO - Done. Returned value was: Writing to DataBase city_tier_mapped Done or Data Already was in Table. Check Logs.
[2022-10-22 05:57:27,286] {taskinstance.py:1415} INFO - Marking task as SUCCESS. dag_id=Lead_Scoring_Data_Engineering_Pipeline, task_id=mapping_city_tier, execution_date=20221022T055704, start_date=20221022T055718, end_date=20221022T055727
[2022-10-22 05:57:27,305] {local_task_job.py:156} INFO - Task exited with return code 0
[2022-10-22 05:57:27,335] {local_task_job.py:273} INFO - 1 downstream tasks scheduled from follow-on schedule check
