[2022-10-22 06:00:04,272] {taskinstance.py:1179} INFO - Dependencies all met for <TaskInstance: Lead_scoring_inference_pipeline.encoding_categorical_variables scheduled__2022-10-22T05:00:00+00:00 [queued]>
[2022-10-22 06:00:04,279] {taskinstance.py:1179} INFO - Dependencies all met for <TaskInstance: Lead_scoring_inference_pipeline.encoding_categorical_variables scheduled__2022-10-22T05:00:00+00:00 [queued]>
[2022-10-22 06:00:04,279] {taskinstance.py:1376} INFO - 
--------------------------------------------------------------------------------
[2022-10-22 06:00:04,279] {taskinstance.py:1377} INFO - Starting attempt 1 of 2
[2022-10-22 06:00:04,279] {taskinstance.py:1378} INFO - 
--------------------------------------------------------------------------------
[2022-10-22 06:00:04,291] {taskinstance.py:1397} INFO - Executing <Task(PythonOperator): encoding_categorical_variables> on 2022-10-22 05:00:00+00:00
[2022-10-22 06:00:04,305] {standard_task_runner.py:52} INFO - Started process 14798 to run task
[2022-10-22 06:00:04,312] {standard_task_runner.py:79} INFO - Running: ['airflow', 'tasks', 'run', 'Lead_scoring_inference_pipeline', 'encoding_categorical_variables', 'scheduled__2022-10-22T05:00:00+00:00', '--job-id', '187', '--raw', '--subdir', 'DAGS_FOLDER/Lead_scoring_inference_pipeline/.ipynb_checkpoints/lead_scoring_inference_pipeline-checkpoint.py', '--cfg-path', '/tmp/tmpnu3q1700', '--error-file', '/tmp/tmpd3ti72zs']
[2022-10-22 06:00:04,312] {standard_task_runner.py:80} INFO - Job 187: Subtask encoding_categorical_variables
[2022-10-22 06:00:04,348] {task_command.py:371} INFO - Running <TaskInstance: Lead_scoring_inference_pipeline.encoding_categorical_variables scheduled__2022-10-22T05:00:00+00:00 [running]> on host cd271ac689b8
[2022-10-22 06:00:04,413] {taskinstance.py:1589} INFO - Exporting the following env vars:
AIRFLOW_CTX_DAG_OWNER=airflow
AIRFLOW_CTX_DAG_ID=Lead_scoring_inference_pipeline
AIRFLOW_CTX_TASK_ID=encoding_categorical_variables
AIRFLOW_CTX_EXECUTION_DATE=2022-10-22T05:00:00+00:00
AIRFLOW_CTX_TRY_NUMBER=1
AIRFLOW_CTX_DAG_RUN_ID=scheduled__2022-10-22T05:00:00+00:00
[2022-10-22 06:00:05,609] {logging_mixin.py:115} INFO - Data has been extracted successfully from lead_scoring_model_experimentation.
[2022-10-22 06:00:06,719] {logging_mixin.py:115} INFO - input_data has been saved successfully to table features
[2022-10-22 06:00:06,760] {python.py:173} INFO - Done. Returned value was: None
[2022-10-22 06:00:06,766] {taskinstance.py:1415} INFO - Marking task as SUCCESS. dag_id=Lead_scoring_inference_pipeline, task_id=encoding_categorical_variables, execution_date=20221022T050000, start_date=20221022T060004, end_date=20221022T060006
[2022-10-22 06:00:06,809] {local_task_job.py:156} INFO - Task exited with return code 0
[2022-10-22 06:00:06,845] {local_task_job.py:273} INFO - 1 downstream tasks scheduled from follow-on schedule check
