[2022-10-22 04:09:43,076] {taskinstance.py:1179} INFO - Dependencies all met for <TaskInstance: Lead_scoring_inference_pipeline.checking_input_features scheduled__2022-10-21T19:00:00+00:00 [queued]>
[2022-10-22 04:09:43,081] {taskinstance.py:1179} INFO - Dependencies all met for <TaskInstance: Lead_scoring_inference_pipeline.checking_input_features scheduled__2022-10-21T19:00:00+00:00 [queued]>
[2022-10-22 04:09:43,081] {taskinstance.py:1376} INFO - 
--------------------------------------------------------------------------------
[2022-10-22 04:09:43,081] {taskinstance.py:1377} INFO - Starting attempt 1 of 2
[2022-10-22 04:09:43,081] {taskinstance.py:1378} INFO - 
--------------------------------------------------------------------------------
[2022-10-22 04:09:43,091] {taskinstance.py:1397} INFO - Executing <Task(PythonOperator): checking_input_features> on 2022-10-21 19:00:00+00:00
[2022-10-22 04:09:43,098] {standard_task_runner.py:52} INFO - Started process 2158 to run task
[2022-10-22 04:09:43,102] {standard_task_runner.py:79} INFO - Running: ['airflow', 'tasks', 'run', 'Lead_scoring_inference_pipeline', 'checking_input_features', 'scheduled__2022-10-21T19:00:00+00:00', '--job-id', '158', '--raw', '--subdir', 'DAGS_FOLDER/Lead_scoring_inference_pipeline/.ipynb_checkpoints/lead_scoring_inference_pipeline-checkpoint.py', '--cfg-path', '/tmp/tmp_9r0vr96', '--error-file', '/tmp/tmpqb3l53uw']
[2022-10-22 04:09:43,102] {standard_task_runner.py:80} INFO - Job 158: Subtask checking_input_features
[2022-10-22 04:09:43,140] {task_command.py:371} INFO - Running <TaskInstance: Lead_scoring_inference_pipeline.checking_input_features scheduled__2022-10-21T19:00:00+00:00 [running]> on host cd271ac689b8
[2022-10-22 04:09:43,178] {taskinstance.py:1589} INFO - Exporting the following env vars:
AIRFLOW_CTX_DAG_OWNER=airflow
AIRFLOW_CTX_DAG_ID=Lead_scoring_inference_pipeline
AIRFLOW_CTX_TASK_ID=checking_input_features
AIRFLOW_CTX_EXECUTION_DATE=2022-10-21T19:00:00+00:00
AIRFLOW_CTX_TRY_NUMBER=1
AIRFLOW_CTX_DAG_RUN_ID=scheduled__2022-10-21T19:00:00+00:00
[2022-10-22 04:09:44,274] {logging_mixin.py:115} INFO - Data has been extracted successfully from lead_scoring_model_experimentation.
[2022-10-22 04:09:44,274] {logging_mixin.py:115} INFO - Some of the models inputs are missing
[2022-10-22 04:09:44,274] {python.py:173} INFO - Done. Returned value was: None
[2022-10-22 04:09:44,280] {taskinstance.py:1415} INFO - Marking task as SUCCESS. dag_id=Lead_scoring_inference_pipeline, task_id=checking_input_features, execution_date=20221021T190000, start_date=20221022T040943, end_date=20221022T040944
[2022-10-22 04:09:44,316] {local_task_job.py:156} INFO - Task exited with return code 0
[2022-10-22 04:09:44,346] {local_task_job.py:273} INFO - 1 downstream tasks scheduled from follow-on schedule check
