[2022-10-21 19:21:10,221] {taskinstance.py:1179} INFO - Dependencies all met for <TaskInstance: Lead_scoring_inference_pipeline.encoding_categorical_variables manual__2022-10-21T19:21:05.891874+00:00 [queued]>
[2022-10-21 19:21:10,227] {taskinstance.py:1179} INFO - Dependencies all met for <TaskInstance: Lead_scoring_inference_pipeline.encoding_categorical_variables manual__2022-10-21T19:21:05.891874+00:00 [queued]>
[2022-10-21 19:21:10,228] {taskinstance.py:1376} INFO - 
--------------------------------------------------------------------------------
[2022-10-21 19:21:10,228] {taskinstance.py:1377} INFO - Starting attempt 1 of 2
[2022-10-21 19:21:10,228] {taskinstance.py:1378} INFO - 
--------------------------------------------------------------------------------
[2022-10-21 19:21:10,236] {taskinstance.py:1397} INFO - Executing <Task(PythonOperator): encoding_categorical_variables> on 2022-10-21 19:21:05.891874+00:00
[2022-10-21 19:21:10,243] {standard_task_runner.py:52} INFO - Started process 3334 to run task
[2022-10-21 19:21:10,249] {standard_task_runner.py:79} INFO - Running: ['airflow', 'tasks', 'run', 'Lead_scoring_inference_pipeline', 'encoding_categorical_variables', 'manual__2022-10-21T19:21:05.891874+00:00', '--job-id', '141', '--raw', '--subdir', 'DAGS_FOLDER/Lead_scoring_inference_pipeline/lead_scoring_inference_pipeline.py', '--cfg-path', '/tmp/tmpe8lknext', '--error-file', '/tmp/tmpc06pv4xk']
[2022-10-21 19:21:10,249] {standard_task_runner.py:80} INFO - Job 141: Subtask encoding_categorical_variables
[2022-10-21 19:21:10,299] {task_command.py:371} INFO - Running <TaskInstance: Lead_scoring_inference_pipeline.encoding_categorical_variables manual__2022-10-21T19:21:05.891874+00:00 [running]> on host 50ef1aee5f67
[2022-10-21 19:21:10,353] {taskinstance.py:1589} INFO - Exporting the following env vars:
AIRFLOW_CTX_DAG_OWNER=airflow
AIRFLOW_CTX_DAG_ID=Lead_scoring_inference_pipeline
AIRFLOW_CTX_TASK_ID=encoding_categorical_variables
AIRFLOW_CTX_EXECUTION_DATE=2022-10-21T19:21:05.891874+00:00
AIRFLOW_CTX_TRY_NUMBER=1
AIRFLOW_CTX_DAG_RUN_ID=manual__2022-10-21T19:21:05.891874+00:00
[2022-10-21 19:21:11,525] {logging_mixin.py:115} INFO - Data has been extracted successfully from lead_scoring_model_experimentation.
[2022-10-21 19:21:12,595] {logging_mixin.py:115} INFO - input_data has been saved successfully to table features
[2022-10-21 19:21:12,633] {python.py:173} INFO - Done. Returned value was: None
[2022-10-21 19:21:12,638] {taskinstance.py:1415} INFO - Marking task as SUCCESS. dag_id=Lead_scoring_inference_pipeline, task_id=encoding_categorical_variables, execution_date=20221021T192105, start_date=20221021T192110, end_date=20221021T192112
[2022-10-21 19:21:12,666] {local_task_job.py:156} INFO - Task exited with return code 0
[2022-10-21 19:21:12,704] {local_task_job.py:273} INFO - 1 downstream tasks scheduled from follow-on schedule check
