[2022-10-24 09:50:04,053] {taskinstance.py:1179} INFO - Dependencies all met for <TaskInstance: Lead_Scoring_Data_Engineering_Pipeline.checking_model_inputs_schema manual__2022-10-24T09:48:57.559644+00:00 [queued]>
[2022-10-24 09:50:04,058] {taskinstance.py:1179} INFO - Dependencies all met for <TaskInstance: Lead_Scoring_Data_Engineering_Pipeline.checking_model_inputs_schema manual__2022-10-24T09:48:57.559644+00:00 [queued]>
[2022-10-24 09:50:04,058] {taskinstance.py:1376} INFO - 
--------------------------------------------------------------------------------
[2022-10-24 09:50:04,058] {taskinstance.py:1377} INFO - Starting attempt 1 of 2
[2022-10-24 09:50:04,058] {taskinstance.py:1378} INFO - 
--------------------------------------------------------------------------------
[2022-10-24 09:50:04,066] {taskinstance.py:1397} INFO - Executing <Task(PythonOperator): checking_model_inputs_schema> on 2022-10-24 09:48:57.559644+00:00
[2022-10-24 09:50:04,070] {standard_task_runner.py:52} INFO - Started process 4179 to run task
[2022-10-24 09:50:04,077] {standard_task_runner.py:79} INFO - Running: ['airflow', 'tasks', 'run', 'Lead_Scoring_Data_Engineering_Pipeline', 'checking_model_inputs_schema', 'manual__2022-10-24T09:48:57.559644+00:00', '--job-id', '236', '--raw', '--subdir', 'DAGS_FOLDER/Lead_scoring_data_pipeline/.ipynb_checkpoints/lead_scoring_data_pipeline-checkpoint.py', '--cfg-path', '/tmp/tmprt2e1myo', '--error-file', '/tmp/tmphii0tf1r']
[2022-10-24 09:50:04,079] {standard_task_runner.py:80} INFO - Job 236: Subtask checking_model_inputs_schema
[2022-10-24 09:50:04,110] {task_command.py:371} INFO - Running <TaskInstance: Lead_Scoring_Data_Engineering_Pipeline.checking_model_inputs_schema manual__2022-10-24T09:48:57.559644+00:00 [running]> on host 0307537c0a24
[2022-10-24 09:50:04,144] {taskinstance.py:1589} INFO - Exporting the following env vars:
AIRFLOW_CTX_DAG_OWNER=airflow
AIRFLOW_CTX_DAG_ID=Lead_Scoring_Data_Engineering_Pipeline
AIRFLOW_CTX_TASK_ID=checking_model_inputs_schema
AIRFLOW_CTX_EXECUTION_DATE=2022-10-24T09:48:57.559644+00:00
AIRFLOW_CTX_TRY_NUMBER=1
AIRFLOW_CTX_DAG_RUN_ID=manual__2022-10-24T09:48:57.559644+00:00
[2022-10-24 09:50:05,309] {logging_mixin.py:115} INFO - Models input schema is in line with the schema present in schema.py
[2022-10-24 09:50:05,341] {python.py:173} INFO - Done. Returned value was: None
[2022-10-24 09:50:05,347] {taskinstance.py:1415} INFO - Marking task as SUCCESS. dag_id=Lead_Scoring_Data_Engineering_Pipeline, task_id=checking_model_inputs_schema, execution_date=20221024T094857, start_date=20221024T095004, end_date=20221024T095005
[2022-10-24 09:50:05,369] {local_task_job.py:156} INFO - Task exited with return code 0
[2022-10-24 09:50:05,389] {local_task_job.py:273} INFO - 0 downstream tasks scheduled from follow-on schedule check
