[2022-10-24 09:49:34,042] {taskinstance.py:1179} INFO - Dependencies all met for <TaskInstance: Lead_Scoring_Data_Engineering_Pipeline.mapping_interactions manual__2022-10-24T09:48:57.559644+00:00 [queued]>
[2022-10-24 09:49:34,047] {taskinstance.py:1179} INFO - Dependencies all met for <TaskInstance: Lead_Scoring_Data_Engineering_Pipeline.mapping_interactions manual__2022-10-24T09:48:57.559644+00:00 [queued]>
[2022-10-24 09:49:34,047] {taskinstance.py:1376} INFO - 
--------------------------------------------------------------------------------
[2022-10-24 09:49:34,047] {taskinstance.py:1377} INFO - Starting attempt 1 of 2
[2022-10-24 09:49:34,047] {taskinstance.py:1378} INFO - 
--------------------------------------------------------------------------------
[2022-10-24 09:49:34,054] {taskinstance.py:1397} INFO - Executing <Task(PythonOperator): mapping_interactions> on 2022-10-24 09:48:57.559644+00:00
[2022-10-24 09:49:34,058] {standard_task_runner.py:52} INFO - Started process 4161 to run task
[2022-10-24 09:49:34,064] {standard_task_runner.py:79} INFO - Running: ['airflow', 'tasks', 'run', 'Lead_Scoring_Data_Engineering_Pipeline', 'mapping_interactions', 'manual__2022-10-24T09:48:57.559644+00:00', '--job-id', '235', '--raw', '--subdir', 'DAGS_FOLDER/Lead_scoring_data_pipeline/.ipynb_checkpoints/lead_scoring_data_pipeline-checkpoint.py', '--cfg-path', '/tmp/tmph1yo6s0g', '--error-file', '/tmp/tmp8jhacnti']
[2022-10-24 09:49:34,066] {standard_task_runner.py:80} INFO - Job 235: Subtask mapping_interactions
[2022-10-24 09:49:34,112] {task_command.py:371} INFO - Running <TaskInstance: Lead_Scoring_Data_Engineering_Pipeline.mapping_interactions manual__2022-10-24T09:48:57.559644+00:00 [running]> on host 0307537c0a24
[2022-10-24 09:49:34,164] {taskinstance.py:1589} INFO - Exporting the following env vars:
AIRFLOW_CTX_DAG_OWNER=airflow
AIRFLOW_CTX_DAG_ID=Lead_Scoring_Data_Engineering_Pipeline
AIRFLOW_CTX_TASK_ID=mapping_interactions
AIRFLOW_CTX_EXECUTION_DATE=2022-10-24T09:48:57.559644+00:00
AIRFLOW_CTX_TRY_NUMBER=1
AIRFLOW_CTX_DAG_RUN_ID=manual__2022-10-24T09:48:57.559644+00:00
[2022-10-24 09:50:02,031] {python.py:173} INFO - Done. Returned value was: interactions_mapped successfully on categorical_variables_mapped table.
[2022-10-24 09:50:02,044] {taskinstance.py:1415} INFO - Marking task as SUCCESS. dag_id=Lead_Scoring_Data_Engineering_Pipeline, task_id=mapping_interactions, execution_date=20221024T094857, start_date=20221024T094934, end_date=20221024T095002
[2022-10-24 09:50:02,087] {local_task_job.py:156} INFO - Task exited with return code 0
[2022-10-24 09:50:02,111] {local_task_job.py:273} INFO - 1 downstream tasks scheduled from follow-on schedule check
