[2022-10-21 16:30:25,379] {taskinstance.py:1179} INFO - Dependencies all met for <TaskInstance: Lead_scoring_training_pipeline.encoding_categorical_variables manual__2022-10-21T16:30:21.762622+00:00 [queued]>
[2022-10-21 16:30:25,384] {taskinstance.py:1179} INFO - Dependencies all met for <TaskInstance: Lead_scoring_training_pipeline.encoding_categorical_variables manual__2022-10-21T16:30:21.762622+00:00 [queued]>
[2022-10-21 16:30:25,384] {taskinstance.py:1376} INFO - 
--------------------------------------------------------------------------------
[2022-10-21 16:30:25,384] {taskinstance.py:1377} INFO - Starting attempt 1 of 2
[2022-10-21 16:30:25,384] {taskinstance.py:1378} INFO - 
--------------------------------------------------------------------------------
[2022-10-21 16:30:25,392] {taskinstance.py:1397} INFO - Executing <Task(PythonOperator): encoding_categorical_variables> on 2022-10-21 16:30:21.762622+00:00
[2022-10-21 16:30:25,400] {standard_task_runner.py:52} INFO - Started process 2984 to run task
[2022-10-21 16:30:25,406] {standard_task_runner.py:79} INFO - Running: ['airflow', 'tasks', 'run', 'Lead_scoring_training_pipeline', 'encoding_categorical_variables', 'manual__2022-10-21T16:30:21.762622+00:00', '--job-id', '61', '--raw', '--subdir', 'DAGS_FOLDER/Lead_scoring_training_pipeline/.ipynb_checkpoints/lead_scoring_training_pipeline-checkpoint.py', '--cfg-path', '/tmp/tmpp457kdt_', '--error-file', '/tmp/tmpierktw0_']
[2022-10-21 16:30:25,406] {standard_task_runner.py:80} INFO - Job 61: Subtask encoding_categorical_variables
[2022-10-21 16:30:25,448] {task_command.py:371} INFO - Running <TaskInstance: Lead_scoring_training_pipeline.encoding_categorical_variables manual__2022-10-21T16:30:21.762622+00:00 [running]> on host 2e24bcea55eb
[2022-10-21 16:30:25,498] {taskinstance.py:1589} INFO - Exporting the following env vars:
AIRFLOW_CTX_DAG_OWNER=airflow
AIRFLOW_CTX_DAG_ID=Lead_scoring_training_pipeline
AIRFLOW_CTX_TASK_ID=encoding_categorical_variables
AIRFLOW_CTX_EXECUTION_DATE=2022-10-21T16:30:21.762622+00:00
AIRFLOW_CTX_TRY_NUMBER=1
AIRFLOW_CTX_DAG_RUN_ID=manual__2022-10-21T16:30:21.762622+00:00
[2022-10-21 16:30:26,730] {logging_mixin.py:115} INFO - Data has been extracted successfully from lead_scoring_model_experimentation.
[2022-10-21 16:30:27,813] {logging_mixin.py:115} INFO - input_data has been saved successfully to table features
[2022-10-21 16:30:28,247] {logging_mixin.py:115} INFO - input_data has been saved successfully to table target
[2022-10-21 16:30:28,248] {logging_mixin.py:115} INFO - input data has been written successfully to tables features & target
[2022-10-21 16:30:28,288] {python.py:173} INFO - Done. Returned value was: None
[2022-10-21 16:30:28,293] {taskinstance.py:1415} INFO - Marking task as SUCCESS. dag_id=Lead_scoring_training_pipeline, task_id=encoding_categorical_variables, execution_date=20221021T163021, start_date=20221021T163025, end_date=20221021T163028
[2022-10-21 16:30:28,343] {local_task_job.py:156} INFO - Task exited with return code 0
[2022-10-21 16:30:28,373] {local_task_job.py:273} INFO - 1 downstream tasks scheduled from follow-on schedule check
