[2022-10-22 05:56:21,234] {taskinstance.py:1179} INFO - Dependencies all met for <TaskInstance: Lead_Scoring_Data_Engineering_Pipeline.checking_model_inputs_schema manual__2022-10-22T05:55:13.443247+00:00 [queued]>
[2022-10-22 05:56:21,239] {taskinstance.py:1179} INFO - Dependencies all met for <TaskInstance: Lead_Scoring_Data_Engineering_Pipeline.checking_model_inputs_schema manual__2022-10-22T05:55:13.443247+00:00 [queued]>
[2022-10-22 05:56:21,239] {taskinstance.py:1376} INFO - 
--------------------------------------------------------------------------------
[2022-10-22 05:56:21,239] {taskinstance.py:1377} INFO - Starting attempt 1 of 2
[2022-10-22 05:56:21,239] {taskinstance.py:1378} INFO - 
--------------------------------------------------------------------------------
[2022-10-22 05:56:21,247] {taskinstance.py:1397} INFO - Executing <Task(PythonOperator): checking_model_inputs_schema> on 2022-10-22 05:55:13.443247+00:00
[2022-10-22 05:56:21,251] {standard_task_runner.py:52} INFO - Started process 14345 to run task
[2022-10-22 05:56:21,258] {standard_task_runner.py:79} INFO - Running: ['airflow', 'tasks', 'run', 'Lead_Scoring_Data_Engineering_Pipeline', 'checking_model_inputs_schema', 'manual__2022-10-22T05:55:13.443247+00:00', '--job-id', '179', '--raw', '--subdir', 'DAGS_FOLDER/Lead_scoring_data_pipeline/.ipynb_checkpoints/lead_scoring_data_pipeline-checkpoint.py', '--cfg-path', '/tmp/tmpq35u5wa6', '--error-file', '/tmp/tmpeq1pcab5']
[2022-10-22 05:56:21,260] {standard_task_runner.py:80} INFO - Job 179: Subtask checking_model_inputs_schema
[2022-10-22 05:56:21,302] {task_command.py:371} INFO - Running <TaskInstance: Lead_Scoring_Data_Engineering_Pipeline.checking_model_inputs_schema manual__2022-10-22T05:55:13.443247+00:00 [running]> on host cd271ac689b8
[2022-10-22 05:56:21,350] {taskinstance.py:1589} INFO - Exporting the following env vars:
AIRFLOW_CTX_DAG_OWNER=airflow
AIRFLOW_CTX_DAG_ID=Lead_Scoring_Data_Engineering_Pipeline
AIRFLOW_CTX_TASK_ID=checking_model_inputs_schema
AIRFLOW_CTX_EXECUTION_DATE=2022-10-22T05:55:13.443247+00:00
AIRFLOW_CTX_TRY_NUMBER=1
AIRFLOW_CTX_DAG_RUN_ID=manual__2022-10-22T05:55:13.443247+00:00
[2022-10-22 05:56:22,519] {logging_mixin.py:115} INFO - Models input schema is in line with the schema present in schema.py
[2022-10-22 05:56:22,553] {python.py:173} INFO - Done. Returned value was: None
[2022-10-22 05:56:22,559] {taskinstance.py:1415} INFO - Marking task as SUCCESS. dag_id=Lead_Scoring_Data_Engineering_Pipeline, task_id=checking_model_inputs_schema, execution_date=20221022T055513, start_date=20221022T055621, end_date=20221022T055622
[2022-10-22 05:56:22,590] {local_task_job.py:156} INFO - Task exited with return code 0
[2022-10-22 05:56:22,616] {local_task_job.py:273} INFO - 0 downstream tasks scheduled from follow-on schedule check
