[2022-10-24 12:00:14,868] {taskinstance.py:1179} INFO - Dependencies all met for <TaskInstance: Lead_scoring_inference_pipeline.checking_input_features scheduled__2022-10-24T09:00:00+00:00 [queued]>
[2022-10-24 12:00:14,873] {taskinstance.py:1179} INFO - Dependencies all met for <TaskInstance: Lead_scoring_inference_pipeline.checking_input_features scheduled__2022-10-24T09:00:00+00:00 [queued]>
[2022-10-24 12:00:14,873] {taskinstance.py:1376} INFO - 
--------------------------------------------------------------------------------
[2022-10-24 12:00:14,873] {taskinstance.py:1377} INFO - Starting attempt 1 of 2
[2022-10-24 12:00:14,873] {taskinstance.py:1378} INFO - 
--------------------------------------------------------------------------------
[2022-10-24 12:00:14,881] {taskinstance.py:1397} INFO - Executing <Task(PythonOperator): checking_input_features> on 2022-10-24 09:00:00+00:00
[2022-10-24 12:00:14,888] {standard_task_runner.py:52} INFO - Started process 3583 to run task
[2022-10-24 12:00:14,894] {standard_task_runner.py:79} INFO - Running: ['airflow', 'tasks', 'run', 'Lead_scoring_inference_pipeline', 'checking_input_features', 'scheduled__2022-10-24T09:00:00+00:00', '--job-id', '247', '--raw', '--subdir', 'DAGS_FOLDER/Lead_scoring_inference_pipeline/.ipynb_checkpoints/lead_scoring_inference_pipeline-checkpoint.py', '--cfg-path', '/tmp/tmpsfgdvsph', '--error-file', '/tmp/tmp1_1phgl2']
[2022-10-24 12:00:14,894] {standard_task_runner.py:80} INFO - Job 247: Subtask checking_input_features
[2022-10-24 12:00:14,946] {task_command.py:371} INFO - Running <TaskInstance: Lead_scoring_inference_pipeline.checking_input_features scheduled__2022-10-24T09:00:00+00:00 [running]> on host 2d7632d022aa
[2022-10-24 12:00:15,001] {taskinstance.py:1589} INFO - Exporting the following env vars:
AIRFLOW_CTX_DAG_OWNER=airflow
AIRFLOW_CTX_DAG_ID=Lead_scoring_inference_pipeline
AIRFLOW_CTX_TASK_ID=checking_input_features
AIRFLOW_CTX_EXECUTION_DATE=2022-10-24T09:00:00+00:00
AIRFLOW_CTX_TRY_NUMBER=1
AIRFLOW_CTX_DAG_RUN_ID=scheduled__2022-10-24T09:00:00+00:00
[2022-10-24 12:00:16,189] {logging_mixin.py:115} INFO - Data has been extracted successfully from lead_scoring_model_experimentation.
[2022-10-24 12:00:16,190] {logging_mixin.py:115} INFO - Some of the models inputs are missing
[2022-10-24 12:00:16,190] {python.py:173} INFO - Done. Returned value was: None
[2022-10-24 12:00:16,196] {taskinstance.py:1415} INFO - Marking task as SUCCESS. dag_id=Lead_scoring_inference_pipeline, task_id=checking_input_features, execution_date=20221024T090000, start_date=20221024T120014, end_date=20221024T120016
[2022-10-24 12:00:16,226] {local_task_job.py:156} INFO - Task exited with return code 0
[2022-10-24 12:00:16,257] {local_task_job.py:273} INFO - 1 downstream tasks scheduled from follow-on schedule check
