[2022-10-24 09:52:15,142] {taskinstance.py:1179} INFO - Dependencies all met for <TaskInstance: Lead_Scoring_Data_Engineering_Pipeline.checking_model_inputs_schema manual__2022-10-24T09:51:08.740317+00:00 [queued]>
[2022-10-24 09:52:15,147] {taskinstance.py:1179} INFO - Dependencies all met for <TaskInstance: Lead_Scoring_Data_Engineering_Pipeline.checking_model_inputs_schema manual__2022-10-24T09:51:08.740317+00:00 [queued]>
[2022-10-24 09:52:15,147] {taskinstance.py:1376} INFO - 
--------------------------------------------------------------------------------
[2022-10-24 09:52:15,147] {taskinstance.py:1377} INFO - Starting attempt 1 of 2
[2022-10-24 09:52:15,147] {taskinstance.py:1378} INFO - 
--------------------------------------------------------------------------------
[2022-10-24 09:52:15,155] {taskinstance.py:1397} INFO - Executing <Task(PythonOperator): checking_model_inputs_schema> on 2022-10-24 09:51:08.740317+00:00
[2022-10-24 09:52:15,159] {standard_task_runner.py:52} INFO - Started process 4432 to run task
[2022-10-24 09:52:15,166] {standard_task_runner.py:79} INFO - Running: ['airflow', 'tasks', 'run', 'Lead_Scoring_Data_Engineering_Pipeline', 'checking_model_inputs_schema', 'manual__2022-10-24T09:51:08.740317+00:00', '--job-id', '243', '--raw', '--subdir', 'DAGS_FOLDER/Lead_scoring_data_pipeline/.ipynb_checkpoints/lead_scoring_data_pipeline-checkpoint.py', '--cfg-path', '/tmp/tmpi3624xwr', '--error-file', '/tmp/tmp7dbnfklt']
[2022-10-24 09:52:15,168] {standard_task_runner.py:80} INFO - Job 243: Subtask checking_model_inputs_schema
[2022-10-24 09:52:15,199] {task_command.py:371} INFO - Running <TaskInstance: Lead_Scoring_Data_Engineering_Pipeline.checking_model_inputs_schema manual__2022-10-24T09:51:08.740317+00:00 [running]> on host 0307537c0a24
[2022-10-24 09:52:15,235] {taskinstance.py:1589} INFO - Exporting the following env vars:
AIRFLOW_CTX_DAG_OWNER=airflow
AIRFLOW_CTX_DAG_ID=Lead_Scoring_Data_Engineering_Pipeline
AIRFLOW_CTX_TASK_ID=checking_model_inputs_schema
AIRFLOW_CTX_EXECUTION_DATE=2022-10-24T09:51:08.740317+00:00
AIRFLOW_CTX_TRY_NUMBER=1
AIRFLOW_CTX_DAG_RUN_ID=manual__2022-10-24T09:51:08.740317+00:00
[2022-10-24 09:52:16,392] {logging_mixin.py:115} INFO - Models input schema is in line with the schema present in schema.py
[2022-10-24 09:52:16,423] {python.py:173} INFO - Done. Returned value was: None
[2022-10-24 09:52:16,429] {taskinstance.py:1415} INFO - Marking task as SUCCESS. dag_id=Lead_Scoring_Data_Engineering_Pipeline, task_id=checking_model_inputs_schema, execution_date=20221024T095108, start_date=20221024T095215, end_date=20221024T095216
[2022-10-24 09:52:16,458] {local_task_job.py:156} INFO - Task exited with return code 0
[2022-10-24 09:52:16,480] {local_task_job.py:273} INFO - 0 downstream tasks scheduled from follow-on schedule check
