[2022-10-24 09:49:04,285] {taskinstance.py:1179} INFO - Dependencies all met for <TaskInstance: Lead_Scoring_Data_Engineering_Pipeline.loading_data manual__2022-10-24T09:48:57.559644+00:00 [queued]>
[2022-10-24 09:49:04,289] {taskinstance.py:1179} INFO - Dependencies all met for <TaskInstance: Lead_Scoring_Data_Engineering_Pipeline.loading_data manual__2022-10-24T09:48:57.559644+00:00 [queued]>
[2022-10-24 09:49:04,289] {taskinstance.py:1376} INFO - 
--------------------------------------------------------------------------------
[2022-10-24 09:49:04,290] {taskinstance.py:1377} INFO - Starting attempt 1 of 2
[2022-10-24 09:49:04,290] {taskinstance.py:1378} INFO - 
--------------------------------------------------------------------------------
[2022-10-24 09:49:04,297] {taskinstance.py:1397} INFO - Executing <Task(PythonOperator): loading_data> on 2022-10-24 09:48:57.559644+00:00
[2022-10-24 09:49:04,301] {standard_task_runner.py:52} INFO - Started process 4107 to run task
[2022-10-24 09:49:04,309] {standard_task_runner.py:79} INFO - Running: ['airflow', 'tasks', 'run', 'Lead_Scoring_Data_Engineering_Pipeline', 'loading_data', 'manual__2022-10-24T09:48:57.559644+00:00', '--job-id', '232', '--raw', '--subdir', 'DAGS_FOLDER/Lead_scoring_data_pipeline/.ipynb_checkpoints/lead_scoring_data_pipeline-checkpoint.py', '--cfg-path', '/tmp/tmpmxobemu9', '--error-file', '/tmp/tmp63ac0xya']
[2022-10-24 09:49:04,310] {standard_task_runner.py:80} INFO - Job 232: Subtask loading_data
[2022-10-24 09:49:04,342] {task_command.py:371} INFO - Running <TaskInstance: Lead_Scoring_Data_Engineering_Pipeline.loading_data manual__2022-10-24T09:48:57.559644+00:00 [running]> on host 0307537c0a24
[2022-10-24 09:49:04,375] {taskinstance.py:1589} INFO - Exporting the following env vars:
AIRFLOW_CTX_DAG_OWNER=airflow
AIRFLOW_CTX_DAG_ID=Lead_Scoring_Data_Engineering_Pipeline
AIRFLOW_CTX_TASK_ID=loading_data
AIRFLOW_CTX_EXECUTION_DATE=2022-10-24T09:48:57.559644+00:00
AIRFLOW_CTX_TRY_NUMBER=1
AIRFLOW_CTX_DAG_RUN_ID=manual__2022-10-24T09:48:57.559644+00:00
[2022-10-24 09:49:09,701] {python.py:173} INFO - Done. Returned value was: Data is Successfully Loaded into the Table-[loaded_data].
[2022-10-24 09:49:09,712] {taskinstance.py:1415} INFO - Marking task as SUCCESS. dag_id=Lead_Scoring_Data_Engineering_Pipeline, task_id=loading_data, execution_date=20221024T094857, start_date=20221024T094904, end_date=20221024T094909
[2022-10-24 09:49:09,730] {local_task_job.py:156} INFO - Task exited with return code 0
[2022-10-24 09:49:09,761] {local_task_job.py:273} INFO - 1 downstream tasks scheduled from follow-on schedule check
