[2022-10-21 16:23:31,432] {taskinstance.py:1179} INFO - Dependencies all met for <TaskInstance: Lead_scoring_inference_pipeline.encoding_categorical_variables scheduled__2022-10-21T15:00:00+00:00 [queued]>
[2022-10-21 16:23:31,437] {taskinstance.py:1179} INFO - Dependencies all met for <TaskInstance: Lead_scoring_inference_pipeline.encoding_categorical_variables scheduled__2022-10-21T15:00:00+00:00 [queued]>
[2022-10-21 16:23:31,437] {taskinstance.py:1376} INFO - 
--------------------------------------------------------------------------------
[2022-10-21 16:23:31,437] {taskinstance.py:1377} INFO - Starting attempt 1 of 2
[2022-10-21 16:23:31,437] {taskinstance.py:1378} INFO - 
--------------------------------------------------------------------------------
[2022-10-21 16:23:31,445] {taskinstance.py:1397} INFO - Executing <Task(PythonOperator): encoding_categorical_variables> on 2022-10-21 15:00:00+00:00
[2022-10-21 16:23:31,453] {standard_task_runner.py:52} INFO - Started process 2263 to run task
[2022-10-21 16:23:31,459] {standard_task_runner.py:79} INFO - Running: ['airflow', 'tasks', 'run', 'Lead_scoring_inference_pipeline', 'encoding_categorical_variables', 'scheduled__2022-10-21T15:00:00+00:00', '--job-id', '47', '--raw', '--subdir', 'DAGS_FOLDER/Lead_scoring_inference_pipeline/lead_scoring_inference_pipeline.py', '--cfg-path', '/tmp/tmpmav74o5l', '--error-file', '/tmp/tmp0f7r_5ml']
[2022-10-21 16:23:31,460] {standard_task_runner.py:80} INFO - Job 47: Subtask encoding_categorical_variables
[2022-10-21 16:23:31,507] {task_command.py:371} INFO - Running <TaskInstance: Lead_scoring_inference_pipeline.encoding_categorical_variables scheduled__2022-10-21T15:00:00+00:00 [running]> on host 2e24bcea55eb
[2022-10-21 16:23:31,560] {taskinstance.py:1589} INFO - Exporting the following env vars:
AIRFLOW_CTX_DAG_OWNER=airflow
AIRFLOW_CTX_DAG_ID=Lead_scoring_inference_pipeline
AIRFLOW_CTX_TASK_ID=encoding_categorical_variables
AIRFLOW_CTX_EXECUTION_DATE=2022-10-21T15:00:00+00:00
AIRFLOW_CTX_TRY_NUMBER=1
AIRFLOW_CTX_DAG_RUN_ID=scheduled__2022-10-21T15:00:00+00:00
[2022-10-21 16:23:32,790] {logging_mixin.py:115} INFO - Data has been extracted successfully from lead_scoring_model_experimentation.
[2022-10-21 16:23:33,898] {logging_mixin.py:115} INFO - input_data has been saved successfully to table features
[2022-10-21 16:23:33,936] {python.py:173} INFO - Done. Returned value was: None
[2022-10-21 16:23:33,942] {taskinstance.py:1415} INFO - Marking task as SUCCESS. dag_id=Lead_scoring_inference_pipeline, task_id=encoding_categorical_variables, execution_date=20221021T150000, start_date=20221021T162331, end_date=20221021T162333
[2022-10-21 16:23:33,996] {local_task_job.py:156} INFO - Task exited with return code 0
[2022-10-21 16:23:34,034] {local_task_job.py:273} INFO - 1 downstream tasks scheduled from follow-on schedule check
