[2022-10-24 12:06:32,676] {taskinstance.py:1179} INFO - Dependencies all met for <TaskInstance: Lead_scoring_training_pipeline.encoding_categorical_variables manual__2022-10-24T12:06:28.847269+00:00 [queued]>
[2022-10-24 12:06:32,681] {taskinstance.py:1179} INFO - Dependencies all met for <TaskInstance: Lead_scoring_training_pipeline.encoding_categorical_variables manual__2022-10-24T12:06:28.847269+00:00 [queued]>
[2022-10-24 12:06:32,681] {taskinstance.py:1376} INFO - 
--------------------------------------------------------------------------------
[2022-10-24 12:06:32,681] {taskinstance.py:1377} INFO - Starting attempt 1 of 2
[2022-10-24 12:06:32,681] {taskinstance.py:1378} INFO - 
--------------------------------------------------------------------------------
[2022-10-24 12:06:32,689] {taskinstance.py:1397} INFO - Executing <Task(PythonOperator): encoding_categorical_variables> on 2022-10-24 12:06:28.847269+00:00
[2022-10-24 12:06:32,696] {standard_task_runner.py:52} INFO - Started process 4465 to run task
[2022-10-24 12:06:32,703] {standard_task_runner.py:79} INFO - Running: ['airflow', 'tasks', 'run', 'Lead_scoring_training_pipeline', 'encoding_categorical_variables', 'manual__2022-10-24T12:06:28.847269+00:00', '--job-id', '261', '--raw', '--subdir', 'DAGS_FOLDER/Lead_scoring_training_pipeline/.ipynb_checkpoints/lead_scoring_training_pipeline-checkpoint.py', '--cfg-path', '/tmp/tmpflidmgau', '--error-file', '/tmp/tmpr_ca2gx7']
[2022-10-24 12:06:32,704] {standard_task_runner.py:80} INFO - Job 261: Subtask encoding_categorical_variables
[2022-10-24 12:06:32,747] {task_command.py:371} INFO - Running <TaskInstance: Lead_scoring_training_pipeline.encoding_categorical_variables manual__2022-10-24T12:06:28.847269+00:00 [running]> on host 2d7632d022aa
[2022-10-24 12:06:32,800] {taskinstance.py:1589} INFO - Exporting the following env vars:
AIRFLOW_CTX_DAG_OWNER=airflow
AIRFLOW_CTX_DAG_ID=Lead_scoring_training_pipeline
AIRFLOW_CTX_TASK_ID=encoding_categorical_variables
AIRFLOW_CTX_EXECUTION_DATE=2022-10-24T12:06:28.847269+00:00
AIRFLOW_CTX_TRY_NUMBER=1
AIRFLOW_CTX_DAG_RUN_ID=manual__2022-10-24T12:06:28.847269+00:00
[2022-10-24 12:06:34,004] {logging_mixin.py:115} INFO - Data has been extracted successfully from lead_scoring_model_experimentation.
[2022-10-24 12:06:35,045] {logging_mixin.py:115} INFO - input_data has been saved successfully to table features
[2022-10-24 12:06:35,424] {logging_mixin.py:115} INFO - input_data has been saved successfully to table target
[2022-10-24 12:06:35,424] {logging_mixin.py:115} INFO - input data is loaded into features and target tables successfully.
[2022-10-24 12:06:35,464] {python.py:173} INFO - Done. Returned value was: None
[2022-10-24 12:06:35,470] {taskinstance.py:1415} INFO - Marking task as SUCCESS. dag_id=Lead_scoring_training_pipeline, task_id=encoding_categorical_variables, execution_date=20221024T120628, start_date=20221024T120632, end_date=20221024T120635
[2022-10-24 12:06:35,522] {local_task_job.py:156} INFO - Task exited with return code 0
[2022-10-24 12:06:35,552] {local_task_job.py:273} INFO - 1 downstream tasks scheduled from follow-on schedule check
