[2022-10-21 09:07:23,151] {taskinstance.py:1179} INFO - Dependencies all met for <TaskInstance: Lead_scoring_training_pipeline.encoding_categorical_variables manual__2022-10-21T09:07:19.044371+00:00 [queued]>
[2022-10-21 09:07:23,156] {taskinstance.py:1179} INFO - Dependencies all met for <TaskInstance: Lead_scoring_training_pipeline.encoding_categorical_variables manual__2022-10-21T09:07:19.044371+00:00 [queued]>
[2022-10-21 09:07:23,156] {taskinstance.py:1376} INFO - 
--------------------------------------------------------------------------------
[2022-10-21 09:07:23,156] {taskinstance.py:1377} INFO - Starting attempt 1 of 2
[2022-10-21 09:07:23,156] {taskinstance.py:1378} INFO - 
--------------------------------------------------------------------------------
[2022-10-21 09:07:23,164] {taskinstance.py:1397} INFO - Executing <Task(PythonOperator): encoding_categorical_variables> on 2022-10-21 09:07:19.044371+00:00
[2022-10-21 09:07:23,171] {standard_task_runner.py:52} INFO - Started process 2576 to run task
[2022-10-21 09:07:23,177] {standard_task_runner.py:79} INFO - Running: ['airflow', 'tasks', 'run', 'Lead_scoring_training_pipeline', 'encoding_categorical_variables', 'manual__2022-10-21T09:07:19.044371+00:00', '--job-id', '29', '--raw', '--subdir', 'DAGS_FOLDER/Lead_scoring_training_pipeline/.ipynb_checkpoints/lead_scoring_training_pipeline-checkpoint.py', '--cfg-path', '/tmp/tmp0pf_oxcp', '--error-file', '/tmp/tmpp6m8wpje']
[2022-10-21 09:07:23,177] {standard_task_runner.py:80} INFO - Job 29: Subtask encoding_categorical_variables
[2022-10-21 09:07:23,220] {task_command.py:371} INFO - Running <TaskInstance: Lead_scoring_training_pipeline.encoding_categorical_variables manual__2022-10-21T09:07:19.044371+00:00 [running]> on host 317817d02bfc
[2022-10-21 09:07:23,270] {taskinstance.py:1589} INFO - Exporting the following env vars:
AIRFLOW_CTX_DAG_OWNER=airflow
AIRFLOW_CTX_DAG_ID=Lead_scoring_training_pipeline
AIRFLOW_CTX_TASK_ID=encoding_categorical_variables
AIRFLOW_CTX_EXECUTION_DATE=2022-10-21T09:07:19.044371+00:00
AIRFLOW_CTX_TRY_NUMBER=1
AIRFLOW_CTX_DAG_RUN_ID=manual__2022-10-21T09:07:19.044371+00:00
[2022-10-21 09:07:24,474] {logging_mixin.py:115} INFO - Data has been extracted successfully from lead_scoring_model_experimentation.
[2022-10-21 09:07:25,528] {logging_mixin.py:115} INFO - input_data has been saved successfully to table features
[2022-10-21 09:07:25,919] {logging_mixin.py:115} INFO - input_data has been saved successfully to table target
[2022-10-21 09:07:25,919] {logging_mixin.py:115} INFO - input data has been written successfully to tables features & target
[2022-10-21 09:07:25,957] {python.py:173} INFO - Done. Returned value was: None
[2022-10-21 09:07:25,963] {taskinstance.py:1415} INFO - Marking task as SUCCESS. dag_id=Lead_scoring_training_pipeline, task_id=encoding_categorical_variables, execution_date=20221021T090719, start_date=20221021T090723, end_date=20221021T090725
[2022-10-21 09:07:25,996] {local_task_job.py:156} INFO - Task exited with return code 0
[2022-10-21 09:07:26,026] {local_task_job.py:273} INFO - 1 downstream tasks scheduled from follow-on schedule check
