[2022-10-22 18:50:24,582] {taskinstance.py:1179} INFO - Dependencies all met for <TaskInstance: Lead_scoring_inference_pipeline.encoding_categorical_variables scheduled__2022-10-22T17:00:00+00:00 [queued]>
[2022-10-22 18:50:24,587] {taskinstance.py:1179} INFO - Dependencies all met for <TaskInstance: Lead_scoring_inference_pipeline.encoding_categorical_variables scheduled__2022-10-22T17:00:00+00:00 [queued]>
[2022-10-22 18:50:24,587] {taskinstance.py:1376} INFO - 
--------------------------------------------------------------------------------
[2022-10-22 18:50:24,587] {taskinstance.py:1377} INFO - Starting attempt 1 of 2
[2022-10-22 18:50:24,587] {taskinstance.py:1378} INFO - 
--------------------------------------------------------------------------------
[2022-10-22 18:50:24,595] {taskinstance.py:1397} INFO - Executing <Task(PythonOperator): encoding_categorical_variables> on 2022-10-22 17:00:00+00:00
[2022-10-22 18:50:24,602] {standard_task_runner.py:52} INFO - Started process 2996 to run task
[2022-10-22 18:50:24,606] {standard_task_runner.py:79} INFO - Running: ['airflow', 'tasks', 'run', 'Lead_scoring_inference_pipeline', 'encoding_categorical_variables', 'scheduled__2022-10-22T17:00:00+00:00', '--job-id', '193', '--raw', '--subdir', 'DAGS_FOLDER/Lead_scoring_inference_pipeline/.ipynb_checkpoints/lead_scoring_inference_pipeline-checkpoint.py', '--cfg-path', '/tmp/tmp5gu_begf', '--error-file', '/tmp/tmp3h45mofe']
[2022-10-22 18:50:24,606] {standard_task_runner.py:80} INFO - Job 193: Subtask encoding_categorical_variables
[2022-10-22 18:50:24,654] {task_command.py:371} INFO - Running <TaskInstance: Lead_scoring_inference_pipeline.encoding_categorical_variables scheduled__2022-10-22T17:00:00+00:00 [running]> on host 19b44d4c03b8
[2022-10-22 18:50:24,709] {taskinstance.py:1589} INFO - Exporting the following env vars:
AIRFLOW_CTX_DAG_OWNER=airflow
AIRFLOW_CTX_DAG_ID=Lead_scoring_inference_pipeline
AIRFLOW_CTX_TASK_ID=encoding_categorical_variables
AIRFLOW_CTX_EXECUTION_DATE=2022-10-22T17:00:00+00:00
AIRFLOW_CTX_TRY_NUMBER=1
AIRFLOW_CTX_DAG_RUN_ID=scheduled__2022-10-22T17:00:00+00:00
[2022-10-22 18:50:25,896] {logging_mixin.py:115} INFO - Data has been extracted successfully from lead_scoring_model_experimentation.
[2022-10-22 18:50:26,928] {logging_mixin.py:115} INFO - input_data has been saved successfully to table features
[2022-10-22 18:50:26,966] {python.py:173} INFO - Done. Returned value was: None
[2022-10-22 18:50:26,972] {taskinstance.py:1415} INFO - Marking task as SUCCESS. dag_id=Lead_scoring_inference_pipeline, task_id=encoding_categorical_variables, execution_date=20221022T170000, start_date=20221022T185024, end_date=20221022T185026
[2022-10-22 18:50:27,024] {local_task_job.py:156} INFO - Task exited with return code 0
[2022-10-22 18:50:27,059] {local_task_job.py:273} INFO - 1 downstream tasks scheduled from follow-on schedule check
