[2022-10-22 05:57:40,875] {taskinstance.py:1179} INFO - Dependencies all met for <TaskInstance: Lead_Scoring_Data_Engineering_Pipeline.mapping_interactions manual__2022-10-22T05:57:04.360549+00:00 [queued]>
[2022-10-22 05:57:40,882] {taskinstance.py:1179} INFO - Dependencies all met for <TaskInstance: Lead_Scoring_Data_Engineering_Pipeline.mapping_interactions manual__2022-10-22T05:57:04.360549+00:00 [queued]>
[2022-10-22 05:57:40,882] {taskinstance.py:1376} INFO - 
--------------------------------------------------------------------------------
[2022-10-22 05:57:40,882] {taskinstance.py:1377} INFO - Starting attempt 1 of 2
[2022-10-22 05:57:40,882] {taskinstance.py:1378} INFO - 
--------------------------------------------------------------------------------
[2022-10-22 05:57:40,894] {taskinstance.py:1397} INFO - Executing <Task(PythonOperator): mapping_interactions> on 2022-10-22 05:57:04.360549+00:00
[2022-10-22 05:57:40,900] {standard_task_runner.py:52} INFO - Started process 14549 to run task
[2022-10-22 05:57:40,907] {standard_task_runner.py:79} INFO - Running: ['airflow', 'tasks', 'run', 'Lead_Scoring_Data_Engineering_Pipeline', 'mapping_interactions', 'manual__2022-10-22T05:57:04.360549+00:00', '--job-id', '185', '--raw', '--subdir', 'DAGS_FOLDER/Lead_scoring_data_pipeline/.ipynb_checkpoints/lead_scoring_data_pipeline-checkpoint.py', '--cfg-path', '/tmp/tmp3fls9lt0', '--error-file', '/tmp/tmpezeak9nb']
[2022-10-22 05:57:40,908] {standard_task_runner.py:80} INFO - Job 185: Subtask mapping_interactions
[2022-10-22 05:57:40,941] {task_command.py:371} INFO - Running <TaskInstance: Lead_Scoring_Data_Engineering_Pipeline.mapping_interactions manual__2022-10-22T05:57:04.360549+00:00 [running]> on host cd271ac689b8
[2022-10-22 05:57:40,977] {taskinstance.py:1589} INFO - Exporting the following env vars:
AIRFLOW_CTX_DAG_OWNER=airflow
AIRFLOW_CTX_DAG_ID=Lead_Scoring_Data_Engineering_Pipeline
AIRFLOW_CTX_TASK_ID=mapping_interactions
AIRFLOW_CTX_EXECUTION_DATE=2022-10-22T05:57:04.360549+00:00
AIRFLOW_CTX_TRY_NUMBER=1
AIRFLOW_CTX_DAG_RUN_ID=manual__2022-10-22T05:57:04.360549+00:00
[2022-10-22 05:58:09,041] {python.py:173} INFO - Done. Returned value was: Writing to DataBase- interactions_mapped Done . Check Logs.
[2022-10-22 05:58:09,061] {taskinstance.py:1415} INFO - Marking task as SUCCESS. dag_id=Lead_Scoring_Data_Engineering_Pipeline, task_id=mapping_interactions, execution_date=20221022T055704, start_date=20221022T055740, end_date=20221022T055809
[2022-10-22 05:58:09,076] {local_task_job.py:156} INFO - Task exited with return code 0
[2022-10-22 05:58:09,103] {local_task_job.py:273} INFO - 1 downstream tasks scheduled from follow-on schedule check
