[2022-10-21 19:06:52,707] {taskinstance.py:1179} INFO - Dependencies all met for <TaskInstance: Lead_Scoring_Data_Engineering_Pipeline.mapping_city_tier manual__2022-10-21T19:06:37.907242+00:00 [queued]>
[2022-10-21 19:06:52,713] {taskinstance.py:1179} INFO - Dependencies all met for <TaskInstance: Lead_Scoring_Data_Engineering_Pipeline.mapping_city_tier manual__2022-10-21T19:06:37.907242+00:00 [queued]>
[2022-10-21 19:06:52,713] {taskinstance.py:1376} INFO - 
--------------------------------------------------------------------------------
[2022-10-21 19:06:52,713] {taskinstance.py:1377} INFO - Starting attempt 1 of 2
[2022-10-21 19:06:52,713] {taskinstance.py:1378} INFO - 
--------------------------------------------------------------------------------
[2022-10-21 19:06:52,721] {taskinstance.py:1397} INFO - Executing <Task(PythonOperator): mapping_city_tier> on 2022-10-21 19:06:37.907242+00:00
[2022-10-21 19:06:52,725] {standard_task_runner.py:52} INFO - Started process 1503 to run task
[2022-10-21 19:06:52,730] {standard_task_runner.py:79} INFO - Running: ['airflow', 'tasks', 'run', 'Lead_Scoring_Data_Engineering_Pipeline', 'mapping_city_tier', 'manual__2022-10-21T19:06:37.907242+00:00', '--job-id', '113', '--raw', '--subdir', 'DAGS_FOLDER/Lead_scoring_data_pipeline/.ipynb_checkpoints/lead_scoring_data_pipeline-checkpoint.py', '--cfg-path', '/tmp/tmpf6xf555w', '--error-file', '/tmp/tmpuixkiy26']
[2022-10-21 19:06:52,731] {standard_task_runner.py:80} INFO - Job 113: Subtask mapping_city_tier
[2022-10-21 19:06:52,765] {task_command.py:371} INFO - Running <TaskInstance: Lead_Scoring_Data_Engineering_Pipeline.mapping_city_tier manual__2022-10-21T19:06:37.907242+00:00 [running]> on host 50ef1aee5f67
[2022-10-21 19:06:52,800] {taskinstance.py:1589} INFO - Exporting the following env vars:
AIRFLOW_CTX_DAG_OWNER=airflow
AIRFLOW_CTX_DAG_ID=Lead_Scoring_Data_Engineering_Pipeline
AIRFLOW_CTX_TASK_ID=mapping_city_tier
AIRFLOW_CTX_EXECUTION_DATE=2022-10-21T19:06:37.907242+00:00
AIRFLOW_CTX_TRY_NUMBER=1
AIRFLOW_CTX_DAG_RUN_ID=manual__2022-10-21T19:06:37.907242+00:00
[2022-10-21 19:07:01,721] {python.py:173} INFO - Done. Returned value was: Writing to DataBase city_tier_mapped Done or Data Already was in Table. Check Logs.
[2022-10-21 19:07:01,733] {taskinstance.py:1415} INFO - Marking task as SUCCESS. dag_id=Lead_Scoring_Data_Engineering_Pipeline, task_id=mapping_city_tier, execution_date=20221021T190637, start_date=20221021T190652, end_date=20221021T190701
[2022-10-21 19:07:01,772] {local_task_job.py:156} INFO - Task exited with return code 0
[2022-10-21 19:07:01,802] {local_task_job.py:273} INFO - 1 downstream tasks scheduled from follow-on schedule check
