[2022-10-21 19:11:38,433] {taskinstance.py:1179} INFO - Dependencies all met for <TaskInstance: Lead_Scoring_Data_Engineering_Pipeline.building_db manual__2022-10-21T19:11:36.152581+00:00 [queued]>
[2022-10-21 19:11:38,437] {taskinstance.py:1179} INFO - Dependencies all met for <TaskInstance: Lead_Scoring_Data_Engineering_Pipeline.building_db manual__2022-10-21T19:11:36.152581+00:00 [queued]>
[2022-10-21 19:11:38,437] {taskinstance.py:1376} INFO - 
--------------------------------------------------------------------------------
[2022-10-21 19:11:38,437] {taskinstance.py:1377} INFO - Starting attempt 1 of 2
[2022-10-21 19:11:38,437] {taskinstance.py:1378} INFO - 
--------------------------------------------------------------------------------
[2022-10-21 19:11:38,445] {taskinstance.py:1397} INFO - Executing <Task(PythonOperator): building_db> on 2022-10-21 19:11:36.152581+00:00
[2022-10-21 19:11:38,449] {standard_task_runner.py:52} INFO - Started process 2021 to run task
[2022-10-21 19:11:38,456] {standard_task_runner.py:79} INFO - Running: ['airflow', 'tasks', 'run', 'Lead_Scoring_Data_Engineering_Pipeline', 'building_db', 'manual__2022-10-21T19:11:36.152581+00:00', '--job-id', '124', '--raw', '--subdir', 'DAGS_FOLDER/Lead_scoring_data_pipeline/.ipynb_checkpoints/lead_scoring_data_pipeline-checkpoint.py', '--cfg-path', '/tmp/tmpgl7baji8', '--error-file', '/tmp/tmpu5sfctsi']
[2022-10-21 19:11:38,458] {standard_task_runner.py:80} INFO - Job 124: Subtask building_db
[2022-10-21 19:11:38,499] {task_command.py:371} INFO - Running <TaskInstance: Lead_Scoring_Data_Engineering_Pipeline.building_db manual__2022-10-21T19:11:36.152581+00:00 [running]> on host 50ef1aee5f67
[2022-10-21 19:11:38,545] {taskinstance.py:1589} INFO - Exporting the following env vars:
AIRFLOW_CTX_DAG_OWNER=airflow
AIRFLOW_CTX_DAG_ID=Lead_Scoring_Data_Engineering_Pipeline
AIRFLOW_CTX_TASK_ID=building_db
AIRFLOW_CTX_EXECUTION_DATE=2022-10-21T19:11:36.152581+00:00
AIRFLOW_CTX_TRY_NUMBER=1
AIRFLOW_CTX_DAG_RUN_ID=manual__2022-10-21T19:11:36.152581+00:00
[2022-10-21 19:11:38,546] {logging_mixin.py:115} INFO - DB Already Exist
[2022-10-21 19:11:38,546] {logging_mixin.py:115} INFO - /home
[2022-10-21 19:11:38,546] {python.py:173} INFO - Done. Returned value was: DB Exist
[2022-10-21 19:11:38,560] {taskinstance.py:1415} INFO - Marking task as SUCCESS. dag_id=Lead_Scoring_Data_Engineering_Pipeline, task_id=building_db, execution_date=20221021T191136, start_date=20221021T191138, end_date=20221021T191138
[2022-10-21 19:11:38,583] {local_task_job.py:156} INFO - Task exited with return code 0
[2022-10-21 19:11:38,613] {local_task_job.py:273} INFO - 1 downstream tasks scheduled from follow-on schedule check
