[2022-10-21 07:29:12,466] {taskinstance.py:1179} INFO - Dependencies all met for <TaskInstance: Lead_Scoring_Data_Engineering_Pipeline.mapping_interactions manual__2022-10-21T07:28:36.169214+00:00 [queued]>
[2022-10-21 07:29:12,471] {taskinstance.py:1179} INFO - Dependencies all met for <TaskInstance: Lead_Scoring_Data_Engineering_Pipeline.mapping_interactions manual__2022-10-21T07:28:36.169214+00:00 [queued]>
[2022-10-21 07:29:12,471] {taskinstance.py:1376} INFO - 
--------------------------------------------------------------------------------
[2022-10-21 07:29:12,471] {taskinstance.py:1377} INFO - Starting attempt 1 of 2
[2022-10-21 07:29:12,471] {taskinstance.py:1378} INFO - 
--------------------------------------------------------------------------------
[2022-10-21 07:29:12,478] {taskinstance.py:1397} INFO - Executing <Task(PythonOperator): mapping_interactions> on 2022-10-21 07:28:36.169214+00:00
[2022-10-21 07:29:12,482] {standard_task_runner.py:52} INFO - Started process 1456 to run task
[2022-10-21 07:29:12,489] {standard_task_runner.py:79} INFO - Running: ['airflow', 'tasks', 'run', 'Lead_Scoring_Data_Engineering_Pipeline', 'mapping_interactions', 'manual__2022-10-21T07:28:36.169214+00:00', '--job-id', '9', '--raw', '--subdir', 'DAGS_FOLDER/Lead_scoring_data_pipeline/.ipynb_checkpoints/lead_scoring_data_pipeline-checkpoint.py', '--cfg-path', '/tmp/tmploxvvrgl', '--error-file', '/tmp/tmp11n3ciw3']
[2022-10-21 07:29:12,491] {standard_task_runner.py:80} INFO - Job 9: Subtask mapping_interactions
[2022-10-21 07:29:12,531] {task_command.py:371} INFO - Running <TaskInstance: Lead_Scoring_Data_Engineering_Pipeline.mapping_interactions manual__2022-10-21T07:28:36.169214+00:00 [running]> on host 53fb9ec0a08c
[2022-10-21 07:29:12,581] {taskinstance.py:1589} INFO - Exporting the following env vars:
AIRFLOW_CTX_DAG_OWNER=airflow
AIRFLOW_CTX_DAG_ID=Lead_Scoring_Data_Engineering_Pipeline
AIRFLOW_CTX_TASK_ID=mapping_interactions
AIRFLOW_CTX_EXECUTION_DATE=2022-10-21T07:28:36.169214+00:00
AIRFLOW_CTX_TRY_NUMBER=1
AIRFLOW_CTX_DAG_RUN_ID=manual__2022-10-21T07:28:36.169214+00:00
[2022-10-21 07:29:39,640] {python.py:173} INFO - Done. Returned value was: Writing to DataBase- interactions_mapped Done . Check Logs.
[2022-10-21 07:29:39,652] {taskinstance.py:1415} INFO - Marking task as SUCCESS. dag_id=Lead_Scoring_Data_Engineering_Pipeline, task_id=mapping_interactions, execution_date=20221021T072836, start_date=20221021T072912, end_date=20221021T072939
[2022-10-21 07:29:39,699] {local_task_job.py:156} INFO - Task exited with return code 0
[2022-10-21 07:29:39,723] {local_task_job.py:273} INFO - 1 downstream tasks scheduled from follow-on schedule check
