[2022-10-21 09:41:33,073] {taskinstance.py:1179} INFO - Dependencies all met for <TaskInstance: Lead_scoring_inference_pipeline.encoding_categorical_variables manual__2022-10-21T09:40:27.068938+00:00 [queued]>
[2022-10-21 09:41:33,077] {taskinstance.py:1179} INFO - Dependencies all met for <TaskInstance: Lead_scoring_inference_pipeline.encoding_categorical_variables manual__2022-10-21T09:40:27.068938+00:00 [queued]>
[2022-10-21 09:41:33,077] {taskinstance.py:1376} INFO - 
--------------------------------------------------------------------------------
[2022-10-21 09:41:33,077] {taskinstance.py:1377} INFO - Starting attempt 1 of 2
[2022-10-21 09:41:33,077] {taskinstance.py:1378} INFO - 
--------------------------------------------------------------------------------
[2022-10-21 09:41:33,085] {taskinstance.py:1397} INFO - Executing <Task(PythonOperator): encoding_categorical_variables> on 2022-10-21 09:40:27.068938+00:00
[2022-10-21 09:41:33,092] {standard_task_runner.py:52} INFO - Started process 1430 to run task
[2022-10-21 09:41:33,099] {standard_task_runner.py:79} INFO - Running: ['airflow', 'tasks', 'run', 'Lead_scoring_inference_pipeline', 'encoding_categorical_variables', 'manual__2022-10-21T09:40:27.068938+00:00', '--job-id', '36', '--raw', '--subdir', 'DAGS_FOLDER/Lead_scoring_inference_pipeline/lead_scoring_inference_pipeline.py', '--cfg-path', '/tmp/tmpvma1jgv4', '--error-file', '/tmp/tmp3xw59f_4']
[2022-10-21 09:41:33,099] {standard_task_runner.py:80} INFO - Job 36: Subtask encoding_categorical_variables
[2022-10-21 09:41:33,144] {task_command.py:371} INFO - Running <TaskInstance: Lead_scoring_inference_pipeline.encoding_categorical_variables manual__2022-10-21T09:40:27.068938+00:00 [running]> on host 1c4d0d77f535
[2022-10-21 09:41:33,195] {taskinstance.py:1589} INFO - Exporting the following env vars:
AIRFLOW_CTX_DAG_OWNER=airflow
AIRFLOW_CTX_DAG_ID=Lead_scoring_inference_pipeline
AIRFLOW_CTX_TASK_ID=encoding_categorical_variables
AIRFLOW_CTX_EXECUTION_DATE=2022-10-21T09:40:27.068938+00:00
AIRFLOW_CTX_TRY_NUMBER=1
AIRFLOW_CTX_DAG_RUN_ID=manual__2022-10-21T09:40:27.068938+00:00
[2022-10-21 09:41:34,411] {logging_mixin.py:115} INFO - Data has been extracted successfully from lead_scoring_model_experimentation.
[2022-10-21 09:41:35,420] {logging_mixin.py:115} INFO - input_data has been saved successfully to table features
[2022-10-21 09:41:35,455] {python.py:173} INFO - Done. Returned value was: None
[2022-10-21 09:41:35,461] {taskinstance.py:1415} INFO - Marking task as SUCCESS. dag_id=Lead_scoring_inference_pipeline, task_id=encoding_categorical_variables, execution_date=20221021T094027, start_date=20221021T094133, end_date=20221021T094135
[2022-10-21 09:41:35,515] {local_task_job.py:156} INFO - Task exited with return code 0
[2022-10-21 09:41:35,554] {local_task_job.py:273} INFO - 1 downstream tasks scheduled from follow-on schedule check
