[2022-10-21 19:09:12,974] {taskinstance.py:1179} INFO - Dependencies all met for <TaskInstance: Lead_Scoring_Data_Engineering_Pipeline.checking_model_inputs_schema manual__2022-10-21T19:07:58.678342+00:00 [queued]>
[2022-10-21 19:09:12,979] {taskinstance.py:1179} INFO - Dependencies all met for <TaskInstance: Lead_Scoring_Data_Engineering_Pipeline.checking_model_inputs_schema manual__2022-10-21T19:07:58.678342+00:00 [queued]>
[2022-10-21 19:09:12,979] {taskinstance.py:1376} INFO - 
--------------------------------------------------------------------------------
[2022-10-21 19:09:12,979] {taskinstance.py:1377} INFO - Starting attempt 1 of 2
[2022-10-21 19:09:12,979] {taskinstance.py:1378} INFO - 
--------------------------------------------------------------------------------
[2022-10-21 19:09:12,986] {taskinstance.py:1397} INFO - Executing <Task(PythonOperator): checking_model_inputs_schema> on 2022-10-21 19:07:58.678342+00:00
[2022-10-21 19:09:12,990] {standard_task_runner.py:52} INFO - Started process 1738 to run task
[2022-10-21 19:09:12,997] {standard_task_runner.py:79} INFO - Running: ['airflow', 'tasks', 'run', 'Lead_Scoring_Data_Engineering_Pipeline', 'checking_model_inputs_schema', 'manual__2022-10-21T19:07:58.678342+00:00', '--job-id', '123', '--raw', '--subdir', 'DAGS_FOLDER/Lead_scoring_data_pipeline/.ipynb_checkpoints/lead_scoring_data_pipeline-checkpoint.py', '--cfg-path', '/tmp/tmp7lj4fmcs', '--error-file', '/tmp/tmp7t21678o']
[2022-10-21 19:09:12,998] {standard_task_runner.py:80} INFO - Job 123: Subtask checking_model_inputs_schema
[2022-10-21 19:09:13,040] {task_command.py:371} INFO - Running <TaskInstance: Lead_Scoring_Data_Engineering_Pipeline.checking_model_inputs_schema manual__2022-10-21T19:07:58.678342+00:00 [running]> on host 50ef1aee5f67
[2022-10-21 19:09:13,089] {taskinstance.py:1589} INFO - Exporting the following env vars:
AIRFLOW_CTX_DAG_OWNER=airflow
AIRFLOW_CTX_DAG_ID=Lead_Scoring_Data_Engineering_Pipeline
AIRFLOW_CTX_TASK_ID=checking_model_inputs_schema
AIRFLOW_CTX_EXECUTION_DATE=2022-10-21T19:07:58.678342+00:00
AIRFLOW_CTX_TRY_NUMBER=1
AIRFLOW_CTX_DAG_RUN_ID=manual__2022-10-21T19:07:58.678342+00:00
[2022-10-21 19:09:14,244] {logging_mixin.py:115} INFO - Models input schema is in line with the schema present in schema.py
[2022-10-21 19:09:14,273] {python.py:173} INFO - Done. Returned value was: None
[2022-10-21 19:09:14,279] {taskinstance.py:1415} INFO - Marking task as SUCCESS. dag_id=Lead_Scoring_Data_Engineering_Pipeline, task_id=checking_model_inputs_schema, execution_date=20221021T190758, start_date=20221021T190912, end_date=20221021T190914
[2022-10-21 19:09:14,330] {local_task_job.py:156} INFO - Task exited with return code 0
[2022-10-21 19:09:14,353] {local_task_job.py:273} INFO - 0 downstream tasks scheduled from follow-on schedule check
