[2022-10-21 19:21:47,958] {taskinstance.py:1179} INFO - Dependencies all met for <TaskInstance: Lead_scoring_inference_pipeline.encoding_categorical_variables manual__2022-10-21T19:21:43.754801+00:00 [queued]>
[2022-10-21 19:21:47,962] {taskinstance.py:1179} INFO - Dependencies all met for <TaskInstance: Lead_scoring_inference_pipeline.encoding_categorical_variables manual__2022-10-21T19:21:43.754801+00:00 [queued]>
[2022-10-21 19:21:47,962] {taskinstance.py:1376} INFO - 
--------------------------------------------------------------------------------
[2022-10-21 19:21:47,962] {taskinstance.py:1377} INFO - Starting attempt 1 of 2
[2022-10-21 19:21:47,962] {taskinstance.py:1378} INFO - 
--------------------------------------------------------------------------------
[2022-10-21 19:21:47,970] {taskinstance.py:1397} INFO - Executing <Task(PythonOperator): encoding_categorical_variables> on 2022-10-21 19:21:43.754801+00:00
[2022-10-21 19:21:47,979] {standard_task_runner.py:52} INFO - Started process 3447 to run task
[2022-10-21 19:21:47,984] {standard_task_runner.py:79} INFO - Running: ['airflow', 'tasks', 'run', 'Lead_scoring_inference_pipeline', 'encoding_categorical_variables', 'manual__2022-10-21T19:21:43.754801+00:00', '--job-id', '145', '--raw', '--subdir', 'DAGS_FOLDER/Lead_scoring_inference_pipeline/.ipynb_checkpoints/lead_scoring_inference_pipeline-checkpoint.py', '--cfg-path', '/tmp/tmpjfv7kqxs', '--error-file', '/tmp/tmpx1hup1ah']
[2022-10-21 19:21:47,985] {standard_task_runner.py:80} INFO - Job 145: Subtask encoding_categorical_variables
[2022-10-21 19:21:48,026] {task_command.py:371} INFO - Running <TaskInstance: Lead_scoring_inference_pipeline.encoding_categorical_variables manual__2022-10-21T19:21:43.754801+00:00 [running]> on host 50ef1aee5f67
[2022-10-21 19:21:48,079] {taskinstance.py:1589} INFO - Exporting the following env vars:
AIRFLOW_CTX_DAG_OWNER=airflow
AIRFLOW_CTX_DAG_ID=Lead_scoring_inference_pipeline
AIRFLOW_CTX_TASK_ID=encoding_categorical_variables
AIRFLOW_CTX_EXECUTION_DATE=2022-10-21T19:21:43.754801+00:00
AIRFLOW_CTX_TRY_NUMBER=1
AIRFLOW_CTX_DAG_RUN_ID=manual__2022-10-21T19:21:43.754801+00:00
[2022-10-21 19:21:49,250] {logging_mixin.py:115} INFO - Data has been extracted successfully from lead_scoring_model_experimentation.
[2022-10-21 19:21:50,293] {logging_mixin.py:115} INFO - input_data has been saved successfully to table features
[2022-10-21 19:21:50,330] {python.py:173} INFO - Done. Returned value was: None
[2022-10-21 19:21:50,336] {taskinstance.py:1415} INFO - Marking task as SUCCESS. dag_id=Lead_scoring_inference_pipeline, task_id=encoding_categorical_variables, execution_date=20221021T192143, start_date=20221021T192147, end_date=20221021T192150
[2022-10-21 19:21:50,362] {local_task_job.py:156} INFO - Task exited with return code 0
[2022-10-21 19:21:50,396] {local_task_job.py:273} INFO - 1 downstream tasks scheduled from follow-on schedule check
