[2022-10-22 05:55:15,905] {taskinstance.py:1179} INFO - Dependencies all met for <TaskInstance: Lead_Scoring_Data_Engineering_Pipeline.building_db manual__2022-10-22T05:55:13.443247+00:00 [queued]>
[2022-10-22 05:55:15,912] {taskinstance.py:1179} INFO - Dependencies all met for <TaskInstance: Lead_Scoring_Data_Engineering_Pipeline.building_db manual__2022-10-22T05:55:13.443247+00:00 [queued]>
[2022-10-22 05:55:15,912] {taskinstance.py:1376} INFO - 
--------------------------------------------------------------------------------
[2022-10-22 05:55:15,912] {taskinstance.py:1377} INFO - Starting attempt 1 of 2
[2022-10-22 05:55:15,912] {taskinstance.py:1378} INFO - 
--------------------------------------------------------------------------------
[2022-10-22 05:55:15,923] {taskinstance.py:1397} INFO - Executing <Task(PythonOperator): building_db> on 2022-10-22 05:55:13.443247+00:00
[2022-10-22 05:55:15,930] {standard_task_runner.py:52} INFO - Started process 14237 to run task
[2022-10-22 05:55:15,936] {standard_task_runner.py:79} INFO - Running: ['airflow', 'tasks', 'run', 'Lead_Scoring_Data_Engineering_Pipeline', 'building_db', 'manual__2022-10-22T05:55:13.443247+00:00', '--job-id', '173', '--raw', '--subdir', 'DAGS_FOLDER/Lead_scoring_data_pipeline/.ipynb_checkpoints/lead_scoring_data_pipeline-checkpoint.py', '--cfg-path', '/tmp/tmpykffr0l7', '--error-file', '/tmp/tmpbspld0l1']
[2022-10-22 05:55:15,937] {standard_task_runner.py:80} INFO - Job 173: Subtask building_db
[2022-10-22 05:55:15,974] {task_command.py:371} INFO - Running <TaskInstance: Lead_Scoring_Data_Engineering_Pipeline.building_db manual__2022-10-22T05:55:13.443247+00:00 [running]> on host cd271ac689b8
[2022-10-22 05:55:16,008] {taskinstance.py:1589} INFO - Exporting the following env vars:
AIRFLOW_CTX_DAG_OWNER=airflow
AIRFLOW_CTX_DAG_ID=Lead_Scoring_Data_Engineering_Pipeline
AIRFLOW_CTX_TASK_ID=building_db
AIRFLOW_CTX_EXECUTION_DATE=2022-10-22T05:55:13.443247+00:00
AIRFLOW_CTX_TRY_NUMBER=1
AIRFLOW_CTX_DAG_RUN_ID=manual__2022-10-22T05:55:13.443247+00:00
[2022-10-22 05:55:16,009] {logging_mixin.py:115} INFO - DB Already Exist
[2022-10-22 05:55:16,009] {logging_mixin.py:115} INFO - /home
[2022-10-22 05:55:16,009] {python.py:173} INFO - Done. Returned value was: DB Exist
[2022-10-22 05:55:16,018] {taskinstance.py:1415} INFO - Marking task as SUCCESS. dag_id=Lead_Scoring_Data_Engineering_Pipeline, task_id=building_db, execution_date=20221022T055513, start_date=20221022T055515, end_date=20221022T055516
[2022-10-22 05:55:16,066] {local_task_job.py:156} INFO - Task exited with return code 0
[2022-10-22 05:55:16,097] {local_task_job.py:273} INFO - 1 downstream tasks scheduled from follow-on schedule check
