[2022-10-24 09:44:03,362] {taskinstance.py:1179} INFO - Dependencies all met for <TaskInstance: Lead_Scoring_Data_Engineering_Pipeline.mapping_city_tier scheduled__2022-10-23T00:00:00+00:00 [queued]>
[2022-10-24 09:44:03,367] {taskinstance.py:1179} INFO - Dependencies all met for <TaskInstance: Lead_Scoring_Data_Engineering_Pipeline.mapping_city_tier scheduled__2022-10-23T00:00:00+00:00 [queued]>
[2022-10-24 09:44:03,367] {taskinstance.py:1376} INFO - 
--------------------------------------------------------------------------------
[2022-10-24 09:44:03,367] {taskinstance.py:1377} INFO - Starting attempt 1 of 2
[2022-10-24 09:44:03,367] {taskinstance.py:1378} INFO - 
--------------------------------------------------------------------------------
[2022-10-24 09:44:03,375] {taskinstance.py:1397} INFO - Executing <Task(PythonOperator): mapping_city_tier> on 2022-10-23 00:00:00+00:00
[2022-10-24 09:44:03,378] {standard_task_runner.py:52} INFO - Started process 3445 to run task
[2022-10-24 09:44:03,385] {standard_task_runner.py:79} INFO - Running: ['airflow', 'tasks', 'run', 'Lead_Scoring_Data_Engineering_Pipeline', 'mapping_city_tier', 'scheduled__2022-10-23T00:00:00+00:00', '--job-id', '225', '--raw', '--subdir', 'DAGS_FOLDER/Lead_scoring_data_pipeline/.ipynb_checkpoints/lead_scoring_data_pipeline-checkpoint.py', '--cfg-path', '/tmp/tmpidimx7ax', '--error-file', '/tmp/tmp43esmsnj']
[2022-10-24 09:44:03,387] {standard_task_runner.py:80} INFO - Job 225: Subtask mapping_city_tier
[2022-10-24 09:44:03,429] {task_command.py:371} INFO - Running <TaskInstance: Lead_Scoring_Data_Engineering_Pipeline.mapping_city_tier scheduled__2022-10-23T00:00:00+00:00 [running]> on host 0307537c0a24
[2022-10-24 09:44:03,478] {taskinstance.py:1589} INFO - Exporting the following env vars:
AIRFLOW_CTX_DAG_OWNER=airflow
AIRFLOW_CTX_DAG_ID=Lead_Scoring_Data_Engineering_Pipeline
AIRFLOW_CTX_TASK_ID=mapping_city_tier
AIRFLOW_CTX_EXECUTION_DATE=2022-10-23T00:00:00+00:00
AIRFLOW_CTX_TRY_NUMBER=1
AIRFLOW_CTX_DAG_RUN_ID=scheduled__2022-10-23T00:00:00+00:00
[2022-10-24 09:44:13,094] {python.py:173} INFO - Done. Returned value was: city_tier mapping is completed on [loaded_data] table.
[2022-10-24 09:44:13,106] {taskinstance.py:1415} INFO - Marking task as SUCCESS. dag_id=Lead_Scoring_Data_Engineering_Pipeline, task_id=mapping_city_tier, execution_date=20221023T000000, start_date=20221024T094403, end_date=20221024T094413
[2022-10-24 09:44:13,148] {local_task_job.py:156} INFO - Task exited with return code 0
[2022-10-24 09:44:13,178] {local_task_job.py:273} INFO - 1 downstream tasks scheduled from follow-on schedule check
