[2022-10-21 19:07:16,115] {taskinstance.py:1179} INFO - Dependencies all met for <TaskInstance: Lead_Scoring_Data_Engineering_Pipeline.mapping_interactions manual__2022-10-21T19:06:37.907242+00:00 [queued]>
[2022-10-21 19:07:16,120] {taskinstance.py:1179} INFO - Dependencies all met for <TaskInstance: Lead_Scoring_Data_Engineering_Pipeline.mapping_interactions manual__2022-10-21T19:06:37.907242+00:00 [queued]>
[2022-10-21 19:07:16,121] {taskinstance.py:1376} INFO - 
--------------------------------------------------------------------------------
[2022-10-21 19:07:16,121] {taskinstance.py:1377} INFO - Starting attempt 1 of 2
[2022-10-21 19:07:16,121] {taskinstance.py:1378} INFO - 
--------------------------------------------------------------------------------
[2022-10-21 19:07:16,129] {taskinstance.py:1397} INFO - Executing <Task(PythonOperator): mapping_interactions> on 2022-10-21 19:06:37.907242+00:00
[2022-10-21 19:07:16,134] {standard_task_runner.py:52} INFO - Started process 1539 to run task
[2022-10-21 19:07:16,141] {standard_task_runner.py:79} INFO - Running: ['airflow', 'tasks', 'run', 'Lead_Scoring_Data_Engineering_Pipeline', 'mapping_interactions', 'manual__2022-10-21T19:06:37.907242+00:00', '--job-id', '115', '--raw', '--subdir', 'DAGS_FOLDER/Lead_scoring_data_pipeline/.ipynb_checkpoints/lead_scoring_data_pipeline-checkpoint.py', '--cfg-path', '/tmp/tmp4npud768', '--error-file', '/tmp/tmp52xtjirw']
[2022-10-21 19:07:16,143] {standard_task_runner.py:80} INFO - Job 115: Subtask mapping_interactions
[2022-10-21 19:07:16,186] {task_command.py:371} INFO - Running <TaskInstance: Lead_Scoring_Data_Engineering_Pipeline.mapping_interactions manual__2022-10-21T19:06:37.907242+00:00 [running]> on host 50ef1aee5f67
[2022-10-21 19:07:16,240] {taskinstance.py:1589} INFO - Exporting the following env vars:
AIRFLOW_CTX_DAG_OWNER=airflow
AIRFLOW_CTX_DAG_ID=Lead_Scoring_Data_Engineering_Pipeline
AIRFLOW_CTX_TASK_ID=mapping_interactions
AIRFLOW_CTX_EXECUTION_DATE=2022-10-21T19:06:37.907242+00:00
AIRFLOW_CTX_TRY_NUMBER=1
AIRFLOW_CTX_DAG_RUN_ID=manual__2022-10-21T19:06:37.907242+00:00
[2022-10-21 19:07:45,175] {python.py:173} INFO - Done. Returned value was: Writing to DataBase- interactions_mapped Done . Check Logs.
[2022-10-21 19:07:45,187] {taskinstance.py:1415} INFO - Marking task as SUCCESS. dag_id=Lead_Scoring_Data_Engineering_Pipeline, task_id=mapping_interactions, execution_date=20221021T190637, start_date=20221021T190716, end_date=20221021T190745
[2022-10-21 19:07:45,228] {local_task_job.py:156} INFO - Task exited with return code 0
[2022-10-21 19:07:45,254] {local_task_job.py:273} INFO - 1 downstream tasks scheduled from follow-on schedule check
