[2022-10-22 05:55:50,256] {taskinstance.py:1179} INFO - Dependencies all met for <TaskInstance: Lead_Scoring_Data_Engineering_Pipeline.mapping_interactions manual__2022-10-22T05:55:13.443247+00:00 [queued]>
[2022-10-22 05:55:50,261] {taskinstance.py:1179} INFO - Dependencies all met for <TaskInstance: Lead_Scoring_Data_Engineering_Pipeline.mapping_interactions manual__2022-10-22T05:55:13.443247+00:00 [queued]>
[2022-10-22 05:55:50,261] {taskinstance.py:1376} INFO - 
--------------------------------------------------------------------------------
[2022-10-22 05:55:50,261] {taskinstance.py:1377} INFO - Starting attempt 1 of 2
[2022-10-22 05:55:50,261] {taskinstance.py:1378} INFO - 
--------------------------------------------------------------------------------
[2022-10-22 05:55:50,270] {taskinstance.py:1397} INFO - Executing <Task(PythonOperator): mapping_interactions> on 2022-10-22 05:55:13.443247+00:00
[2022-10-22 05:55:50,277] {standard_task_runner.py:52} INFO - Started process 14327 to run task
[2022-10-22 05:55:50,283] {standard_task_runner.py:79} INFO - Running: ['airflow', 'tasks', 'run', 'Lead_Scoring_Data_Engineering_Pipeline', 'mapping_interactions', 'manual__2022-10-22T05:55:13.443247+00:00', '--job-id', '178', '--raw', '--subdir', 'DAGS_FOLDER/Lead_scoring_data_pipeline/.ipynb_checkpoints/lead_scoring_data_pipeline-checkpoint.py', '--cfg-path', '/tmp/tmpqnvc9plj', '--error-file', '/tmp/tmpt1bto9y5']
[2022-10-22 05:55:50,284] {standard_task_runner.py:80} INFO - Job 178: Subtask mapping_interactions
[2022-10-22 05:55:50,323] {task_command.py:371} INFO - Running <TaskInstance: Lead_Scoring_Data_Engineering_Pipeline.mapping_interactions manual__2022-10-22T05:55:13.443247+00:00 [running]> on host cd271ac689b8
[2022-10-22 05:55:50,381] {taskinstance.py:1589} INFO - Exporting the following env vars:
AIRFLOW_CTX_DAG_OWNER=airflow
AIRFLOW_CTX_DAG_ID=Lead_Scoring_Data_Engineering_Pipeline
AIRFLOW_CTX_TASK_ID=mapping_interactions
AIRFLOW_CTX_EXECUTION_DATE=2022-10-22T05:55:13.443247+00:00
AIRFLOW_CTX_TRY_NUMBER=1
AIRFLOW_CTX_DAG_RUN_ID=manual__2022-10-22T05:55:13.443247+00:00
[2022-10-22 05:56:19,042] {python.py:173} INFO - Done. Returned value was: Writing to DataBase- interactions_mapped Done . Check Logs.
[2022-10-22 05:56:19,059] {taskinstance.py:1415} INFO - Marking task as SUCCESS. dag_id=Lead_Scoring_Data_Engineering_Pipeline, task_id=mapping_interactions, execution_date=20221022T055513, start_date=20221022T055550, end_date=20221022T055619
[2022-10-22 05:56:19,093] {local_task_job.py:156} INFO - Task exited with return code 0
[2022-10-22 05:56:19,116] {local_task_job.py:273} INFO - 1 downstream tasks scheduled from follow-on schedule check
